# 
# Steps log generated by SDx
# This log file contains a collection of steps that describe the kernel compilation flow
# Note: Some steps are tagged as internal, these steps are for debugging purposes and 
#       are not expected to be able to run independently.
# 

# The following environment variables are set when running xocc
Environment variables :
------------------------------------------
MODULE_VERSION_STACK=3.2.10
LIBOVERLAY_SCROLLBAR=0
XDG_SESSION_ID=c2
SSH_AGENT_PID=2049
HOSTNAME=ip-172-31-31-101.ec2.internal
XRDP_SOCKET_PATH=/tmp/.xrdp
IMSETTINGS_INTEGRATE_DESKTOP=yes
TERM=xterm-256color
XILINX_DSP=
XILINX_COMMON_TOOLS=/opt/Xilinx/SDx/2017.1.op/common
XDG_MENU_PREFIX=gnome-
VTE_VERSION=4602
SHELL=/bin/bash
HISTSIZE=1000
MAKEFLAGS=
MYVIVADO=
WINDOWID=20971526
RDI_VERBOSE=0
HDI_PROCESSOR=x86_64
SYNTH_COMMON=/opt/Xilinx/SDx/2017.1.op/scripts/rt/data
SWT_GTK3=0
RT_TCL_PATH=/opt/Xilinx/SDx/2017.1.op/scripts/rt/base_tcl/tcl
IMSETTINGS_MODULE=none
RDI_PREPEND_PATH=/opt/Xilinx/SDx/2017.1.op/SDK/bin:/opt/Xilinx/SDx/2017.1.op/SDK/bin
USER=centos
RDI_OPT_EXT=.o
LD_LIBRARY_PATH=/opt/Xilinx/SDx/2017.1.op/lib/lnx64.o:/opt/Xilinx/SDx/2017.1.op/tps/lnx64/jre/lib/amd64:/opt/Xilinx/SDx/2017.1.op/tps/lnx64/jre/lib/amd64/server:/opt/Xilinx/SDx/2017.1.op/lib/lnx64.o:/opt/Xilinx/SDx/2017.1.op/SDK/tps/lnx64/jre/lib/amd64/server:/opt/Xilinx/SDx/2017.1.op/SDK/tps/lnx64/jre/lib/amd64:/opt/Xilinx/SDx/2017.1.op/SDK/tps/lnx64/jre/../lib/amd64:/opt/Xilinx/SDx/2017.1.op/SDK/lib/lnx64.o:/opt/Xilinx/SDx/2017.1.op/SDK/tps/lnx64/jre/lib/amd64:/opt/Xilinx/SDx/2017.1.op/SDK/tps/lnx64/jre/lib/amd64/server:/opt/Xilinx/SDx/2017.1.op/lib/lnx64.o:/opt/Xilinx/SDx/2017.1.op/runtime/lib/x86_64:/opt/Xilinx/SDx/2017.1.op/lib/lnx64.o:/opt/Xilinx/SDx/2017.1.op/SDK/bin/../lnx64/tools/dot/lib:/opt/Xilinx/SDx/2017.1.op/bin/../lnx64/tools/dot/lib
LS_COLORS=rs=0:di=38;5;27:ln=38;5;51:mh=44;38;5;15:pi=40;38;5;11:so=38;5;13:do=38;5;5:bd=48;5;232;38;5;11:cd=48;5;232;38;5;3:or=48;5;232;38;5;9:mi=05;48;5;232;38;5;15:su=48;5;196;38;5;15:sg=48;5;11;38;5;16:ca=48;5;196;38;5;226:tw=48;5;10;38;5;16:ow=48;5;10;38;5;21:st=48;5;21;38;5;15:ex=38;5;34:*.tar=38;5;9:*.tgz=38;5;9:*.arc=38;5;9:*.arj=38;5;9:*.taz=38;5;9:*.lha=38;5;9:*.lz4=38;5;9:*.lzh=38;5;9:*.lzma=38;5;9:*.tlz=38;5;9:*.txz=38;5;9:*.tzo=38;5;9:*.t7z=38;5;9:*.zip=38;5;9:*.z=38;5;9:*.Z=38;5;9:*.dz=38;5;9:*.gz=38;5;9:*.lrz=38;5;9:*.lz=38;5;9:*.lzo=38;5;9:*.xz=38;5;9:*.bz2=38;5;9:*.bz=38;5;9:*.tbz=38;5;9:*.tbz2=38;5;9:*.tz=38;5;9:*.deb=38;5;9:*.rpm=38;5;9:*.jar=38;5;9:*.war=38;5;9:*.ear=38;5;9:*.sar=38;5;9:*.rar=38;5;9:*.alz=38;5;9:*.ace=38;5;9:*.zoo=38;5;9:*.cpio=38;5;9:*.7z=38;5;9:*.rz=38;5;9:*.cab=38;5;9:*.jpg=38;5;13:*.jpeg=38;5;13:*.gif=38;5;13:*.bmp=38;5;13:*.pbm=38;5;13:*.pgm=38;5;13:*.ppm=38;5;13:*.tga=38;5;13:*.xbm=38;5;13:*.xpm=38;5;13:*.tif=38;5;13:*.tiff=38;5;13:*.png=38;5;13:*.svg=38;5;13:*.svgz=38;5;13:*.mng=38;5;13:*.pcx=38;5;13:*.mov=38;5;13:*.mpg=38;5;13:*.mpeg=38;5;13:*.m2v=38;5;13:*.mkv=38;5;13:*.webm=38;5;13:*.ogm=38;5;13:*.mp4=38;5;13:*.m4v=38;5;13:*.mp4v=38;5;13:*.vob=38;5;13:*.qt=38;5;13:*.nuv=38;5;13:*.wmv=38;5;13:*.asf=38;5;13:*.rm=38;5;13:*.rmvb=38;5;13:*.flc=38;5;13:*.avi=38;5;13:*.fli=38;5;13:*.flv=38;5;13:*.gl=38;5;13:*.dl=38;5;13:*.xcf=38;5;13:*.xwd=38;5;13:*.yuv=38;5;13:*.cgm=38;5;13:*.emf=38;5;13:*.axv=38;5;13:*.anx=38;5;13:*.ogv=38;5;13:*.ogx=38;5;13:*.aac=38;5;45:*.au=38;5;45:*.flac=38;5;45:*.mid=38;5;45:*.midi=38;5;45:*.mka=38;5;45:*.mp3=38;5;45:*.mpc=38;5;45:*.ogg=38;5;45:*.ra=38;5;45:*.wav=38;5;45:*.axa=38;5;45:*.oga=38;5;45:*.spx=38;5;45:*.xspf=38;5;45
RDI_PATCHROOT=
TCL_LIBRARY=/opt/Xilinx/SDx/2017.1.op/tps/tcl/tcl8.5
OXYGEN_DISABLE_INNER_SHADOWS_HACK=1
SSH_AUTH_SOCK=/run/user/1000/keyring/ssh
AWS_PLATFORM=/home/centos/aws-fpga/SDAccel/aws_platform/xilinx_aws-vu9p-f1_4ddr-xpr-2pr_4_0/xilinx_aws-vu9p-f1_4ddr-xpr-2pr_4_0.xpfm
RDI_PLATFORM=lnx64
XILINXD_LICENSE_FILE=/opt/Xilinx/license/XilinxAWS.lic
MAKELEVEL=1
SESSION_MANAGER=local/unix:@/tmp/.ICE-unix/1824,unix/unix:/tmp/.ICE-unix/1824
MFLAGS=
RDI_BUILD=yes
RT_LIBPATH=/opt/Xilinx/SDx/2017.1.op/scripts/rt/data
PULSE_SCRIPT=/etc/xrdp/pulse/default.pa
GDK_SCALE=1
RDI_LIBDIR=/opt/Xilinx/SDx/2017.1.op/lib/lnx64.o
NLSPATH=/usr/dt/lib/nls/msg/%L/%N.cat
GNOME_SHELL_SESSION_MODE=classic
MODULE_VERSION=3.2.10
MAIL=/var/spool/mail/centos
PATH=/opt/Xilinx/SDx/2017.1.op/bin/../gnu/binutils/bin:/opt/Xilinx/SDx/2017.1.op/SDK/gnu/aarch64/lin/aarch64-linux/bin:/opt/Xilinx/SDx/2017.1.op/bin/../gnu/ppc64le/4.9.3/lnx64/bin:/opt/Xilinx/SDx/2017.1.op/SDK/gnu/aarch32/lin/gcc-arm-linux-gnueabi/bin:/opt/Xilinx/SDx/2017.1.op/Vivado_HLS/lnx64/tools/gcc/bin:/opt/Xilinx/SDx/2017.1.op/bin:/opt/Xilinx/SDx/2017.1.op/tps/lnx64/jre/bin:/opt/Xilinx/SDx/2017.1.op/SDK/bin:/opt/Xilinx/SDx/2017.1.op/Vivado/bin:/opt/Xilinx/SDx/2017.1.op/Vivado_HLS/bin:/opt/Xilinx/SDx/2017.1.op/SDK/gnu/microblaze/lin/bin:/opt/Xilinx/SDx/2017.1.op/SDK/gnu/microblaze/linux_toolchain/lin64_le/bin:/opt/Xilinx/SDx/2017.1.op/SDK/gnu/microblaze/linux_toolchain/lin64_be/bin:/opt/Xilinx/SDx/2017.1.op/SDK/gnu/arm/lin/bin:/opt/Xilinx/SDx/2017.1.op/SDK/gnu/aarch64/lin/aarch64-none/bin:/opt/Xilinx/SDx/2017.1.op/SDK/gnu/aarch64/lin/aarch64-linux/bin:/opt/Xilinx/SDx/2017.1.op/SDK/gnu/armr5/lin/gcc-arm-none-eabi/bin:/opt/Xilinx/SDx/2017.1.op/SDK/gnu/aarch32/lin/gcc-arm-none-eabi/bin:/opt/Xilinx/SDx/2017.1.op/SDK/gnu/aarch32/lin/gcc-arm-linux-gnueabi/bin:/opt/Xilinx/SDx/2017.1.op/SDK/tps/lnx64/cmake-3.3.2/bin::/opt/Xilinx/SDx/2017.1.op/SDK/tps/lnx64/jre/bin:/opt/Xilinx/SDx/2017.1.op/Vivado_HLS/lnx64/tools/gcc/bin:/opt/Xilinx/DocNav:/sbin:/bin:/usr/bin:/usr/local/bin:/usr/local/sbin:/usr/sbin:/srv/git/centos-git-common:/home/centos/.local/bin:/home/centos/bin
QT_QPA_PLATFORMTHEME=qgnomeplatform
QT_IM_MODULE=xim
SDK_DIR=/home/centos/aws-fpga/sdk
PWD=/home/centos/SME-Developer-Labs/module_02/filter2d/workspace/Filter2D/Emulation-HW
_LMFILES_=/usr/local/Modules/3.2.10/modulefiles/sdx
XMODIFIERS=@im=none
XIL_CHECK_TCL_DEBUG=False
XRDP_SESSION=1
SDACCEL_DIR=/home/centos/aws-fpga/SDAccel
LANG=en_US.UTF-8
XILINX_VIVADO_HLS=/opt/Xilinx/SDx/2017.1.op/Vivado_HLS
HDI_APPROOT=/opt/Xilinx/SDx/2017.1.op
MODULEPATH=/usr/local/Modules/versions:/usr/local/Modules/$MODULE_VERSION/modulefiles:/usr/local/Modules/modulefiles
LOADEDMODULES=sdx
PYTHONHOME=/usr
XFILESEARCHPATH=/usr/dt/app-defaults/%L/Dt
XILINX_VIVADO=/opt/Xilinx/SDx/2017.1.op/Vivado
XILINX_SDK=/opt/Xilinx/SDx/2017.1.op/SDK
HISTCONTROL=ignoredups
XILINX_OPENCL=/opt/Xilinx/SDx/2017.1.op
ISL_IOSTREAMS_RSA=/opt/Xilinx/SDx/2017.1.op/tps/isl
SHLVL=9
HOME=/home/centos
RDI_BASEROOT=/opt/Xilinx/SDx
CWD=/home/centos/SME-Developer-Labs/module_02/filter2d/workspace/Filter2D/Emulation-HW
RDI_APPROOT=/opt/Xilinx/SDx/2017.1.op
PYTHONPATH=/usr/lib64/python2.7:/usr/lib64/python2.7/lib-dynload
LOGNAME=centos
RDI_JAVA_PLATFORM=amd64
DBUS_SESSION_BUS_ADDRESS=unix:abstract=/tmp/dbus-HaPjjlPdMg,guid=baaa495e08a05156b2940ca95ad5796f
RDI_BINROOT=/opt/Xilinx/SDx/2017.1.op/bin
XDG_DATA_DIRS=/home/centos/.local/share/flatpak/exports/share/:/var/lib/flatpak/exports/share/:/usr/local/share/:/usr/share/
UID=1000
MODULESHOME=/usr/local/Modules/3.2.10
LESSOPEN=||/usr/bin/lesspipe.sh %s
XILINX_SDX=/opt/Xilinx/SDx/2017.1.op
RDI_PROG=/opt/Xilinx/SDx/2017.1.op/bin/unwrapped/lnx64.o/xocc
XIL_NO_OVERRIDE=0
DISPLAY=:11.0
XDG_RUNTIME_DIR=/run/user/1000
XIL_SUPPRESS_OVERRIDE_WARNINGS=1
AWS_FPGA_REPO_DIR=/home/centos/aws-fpga
XILINX_PLANAHEAD=/opt/Xilinx/SDx/2017.1.op
XDG_CURRENT_DESKTOP=GNOME
GTK_IM_MODULE=gtk-im-context-simple
HDIPRELDPATH=/opt/Xilinx/SDx/2017.1.op/lib/lnx64.o:/opt/Xilinx/SDx/2017.1.op/SDK/tps/lnx64/jre/lib/amd64/server:/opt/Xilinx/SDx/2017.1.op/SDK/tps/lnx64/jre/lib/amd64:/opt/Xilinx/SDx/2017.1.op/SDK/tps/lnx64/jre/../lib/amd64:/opt/Xilinx/SDx/2017.1.op/SDK/lib/lnx64.o:/opt/Xilinx/SDx/2017.1.op/SDK/tps/lnx64/jre/lib/amd64:/opt/Xilinx/SDx/2017.1.op/SDK/tps/lnx64/jre/lib/amd64/server:/opt/Xilinx/SDx/2017.1.op/lib/lnx64.o:/opt/Xilinx/SDx/2017.1.op/runtime/lib/x86_64:/opt/Xilinx/SDx/2017.1.op/lib/lnx64.o:/opt/Xilinx/SDx/2017.1.op/SDK/bin/../lnx64/tools/dot/lib:/opt/Xilinx/SDx/2017.1.op/bin/../lnx64/tools/dot/lib
COLORTERM=truecolor
RDI_DATADIR=/opt/Xilinx/SDx/2017.1.op/data
BASH_FUNC_module()=() {  eval `/usr/local/Modules/$MODULE_VERSION/bin/modulecmd bash $*`
}
_=/opt/Xilinx/SDx/2017.1.op/bin/unwrapped/lnx64.o/xocc


XOCC command line :
------------------------------------------
/opt/Xilinx/SDx/2017.1.op/bin/unwrapped/lnx64.o/xocc -t hw_emu --platform /home/centos/aws-fpga/SDAccel/aws_platform/xilinx_aws-vu9p-f1_4ddr-xpr-2pr_4_0/xilinx_aws-vu9p-f1_4ddr-xpr-2pr_4_0.xpfm --save-temps --report estimate -l --nk Filter2DKernel:1 -g --messageDb binary_container_1.mdb --xp misc:solution_name=_xocc_link_binary_container_1 -obinary_container_1.xclbin binary_container_1/Filter2DKernel.xo 


------------------------------------------
internal step: generating dwarf symbols
timestamp: 17 Apr 2018 05:38:12
   ------------------------------------------
   internal step: running g++ to generate .so
   timestamp: 17 Apr 2018 05:38:12
   launch dir: /home/centos/SME-Developer-Labs/module_02/filter2d/workspace/Filter2D/Emulation-HW/_xocc_link_binary_container_1/impl/build/hw_em/binary_container_1/sv
   cmd: /usr/bin/env PATH=/usr/bin:/bin /usr/bin/g++ -Wall -shared -Wl,-whole-archive,-soname,binary_container_1.so -o binary_container_1.so -Wl,--no-whole-archive
   status: success
------------------------------------------
internal step: calling consolidator
timestamp: 17 Apr 2018 05:38:12
launch dir: /home/centos/SME-Developer-Labs/module_02/filter2d/workspace/Filter2D/Emulation-HW/_xocc_link_binary_container_1/impl/build/hw_em/binary_container_1/sv
cmd: /opt/Xilinx/SDx/2017.1.op/bin/debugMetaDataConsolidator -f /home/centos/SME-Developer-Labs/module_02/filter2d/workspace/Filter2D/Emulation-HW/_xocc_link_binary_container_1/impl/build/hw_em/binary_container_1/sv/consolidated.cf --DWARF /home/centos/SME-Developer-Labs/module_02/filter2d/workspace/Filter2D/Emulation-HW/_xocc_link_binary_container_1/impl/build/hw_em/binary_container_1/sv/binary_container_1.so
status: success
------------------------------------------
internal step: generating ipirun.tcl for vivado
timestamp: 17 Apr 2018 05:38:12
output: /home/centos/SME-Developer-Labs/module_02/filter2d/workspace/Filter2D/Emulation-HW/_xocc_link_binary_container_1/impl/build/hw_em/binary_container_1/sv/binary_container_1_ipi/ipirun.tcl
------------------------------------------
internal step: generating xclbin xml file
timestamp: 17 Apr 2018 05:38:12
output: /home/centos/SME-Developer-Labs/module_02/filter2d/workspace/Filter2D/Emulation-HW/_xocc_link_binary_container_1/impl/build/hw_em/binary_container_1/sv/binary_container_1.xml
------------------------------------------
internal step: running regiongen
timestamp: 17 Apr 2018 05:38:12
launch dir: /home/centos/SME-Developer-Labs/module_02/filter2d/workspace/Filter2D/Emulation-HW/_xocc_link_binary_container_1/impl/build/hw_em/binary_container_1/sv
cmd: /opt/Xilinx/SDx/2017.1.op/bin/../runtime/bin/regiongen_new -m /home/centos/SME-Developer-Labs/module_02/filter2d/workspace/Filter2D/Emulation-HW/_xocc_link_binary_container_1/impl/build/hw_em/binary_container_1/sv/binary_container_1.xml -t ipihip -o binary_container_1_ipi/map.tcl
status: success
------------------------------------------
step: running vivado to generate simulation models and scripts
timestamp: 17 Apr 2018 05:38:12
launch dir: /home/centos/SME-Developer-Labs/module_02/filter2d/workspace/Filter2D/Emulation-HW/_xocc_link_binary_container_1/impl/build/hw_em/binary_container_1/sv/binary_container_1_ipi
cmd: /opt/Xilinx/SDx/2017.1.op/Vivado/bin/vivado -mode batch -notrace -source /home/centos/SME-Developer-Labs/module_02/filter2d/workspace/Filter2D/Emulation-HW/_xocc_link_binary_container_1/impl/build/hw_em/binary_container_1/sv/binary_container_1_ipi/ipirun.tcl -messageDb /home/centos/SME-Developer-Labs/module_02/filter2d/workspace/Filter2D/Emulation-HW/_xocc_link_binary_container_1/impl/build/hw_em/binary_container_1/sv/binary_container_1_ipi/vivado.pb
   -----------------------
   internal step: creating ipiprj project for generating ocl dcp
   timestamp: 17 April 2018 05:38:21
   -----------------------
   internal step: creating ocl region bd
   timestamp: 17 April 2018 05:38:26
status: success
------------------------------------------
internal step: writing gdb simulation directory to system emulation file
timestamp: 17 Apr 2018 05:39:10
------------------------------------------
internal step: generating waveform config (wcfg) file
timestamp: 17 Apr 2018 05:39:10
------------------------------------------
internal step: generating data mining script
timestamp: 17 Apr 2018 05:39:10
------------------------------------------
internal step: appending waveform simulation directory to system emulation file
timestamp: 17 Apr 2018 05:39:10
------------------------------------------
internal step: calling consolidator
timestamp: 17 Apr 2018 05:39:11
launch dir: /home/centos/SME-Developer-Labs/module_02/filter2d/workspace/Filter2D/Emulation-HW/_xocc_link_binary_container_1/impl/build/hw_em/binary_container_1/sv
cmd: /opt/Xilinx/SDx/2017.1.op/bin/debugMetaDataConsolidator -f /home/centos/SME-Developer-Labs/module_02/filter2d/workspace/Filter2D/Emulation-HW/_xocc_link_binary_container_1/impl/build/hw_em/binary_container_1/sv/consolidated.cf --kernel /home/centos/SME-Developer-Labs/module_02/filter2d/workspace/Filter2D/Emulation-HW/_xocc_link_binary_container_1/impl/build/hw_em/binary_container_1/sv/binary_container_1.xml
status: success
------------------------------------------
internal step: calling consolidator
timestamp: 17 Apr 2018 05:39:11
launch dir: /home/centos/SME-Developer-Labs/module_02/filter2d/workspace/Filter2D/Emulation-HW/_xocc_link_binary_container_1/impl/build/hw_em/binary_container_1/sv
cmd: /opt/Xilinx/SDx/2017.1.op/bin/debugMetaDataConsolidator -f /home/centos/SME-Developer-Labs/module_02/filter2d/workspace/Filter2D/Emulation-HW/_xocc_link_binary_container_1/impl/build/hw_em/binary_container_1/sv/consolidated.cf --hierarchy /home/centos/SME-Developer-Labs/module_02/filter2d/workspace/Filter2D/Emulation-HW/_xocc_link_binary_container_1/impl/build/hw_em/binary_container_1/sv/binary_container_1_ipi/_kernel_inst_paths.dat
status: success
------------------------------------------
internal step: running xclbincat to generate xclbin
timestamp: 17 Apr 2018 05:39:11
launch dir: /home/centos/SME-Developer-Labs/module_02/filter2d/workspace/Filter2D/Emulation-HW/_xocc_link_binary_container_1/impl/build/hw_em/binary_container_1/sv
cmd: /opt/Xilinx/SDx/2017.1.op/bin/../runtime/bin/xclbincat -bitstream /home/centos/SME-Developer-Labs/module_02/filter2d/workspace/Filter2D/Emulation-HW/_xocc_link_binary_container_1/impl/build/hw_em/binary_container_1/sv/binary_container_1_ipi/ipiprj/ipiprj.sim/sim_1/behav.xse -k mode:hw_emu -k featureRomTimestamp:0 -k platformVBNV:xilinx:aws-vu9p-f1:4ddr-xpr-2pr:4.0 /home/centos/SME-Developer-Labs/module_02/filter2d/workspace/Filter2D/Emulation-HW/_xocc_link_binary_container_1/impl/build/hw_em/binary_container_1/sv/binary_container_1.xml /home/centos/SME-Developer-Labs/module_02/filter2d/workspace/Filter2D/Emulation-HW/_xocc_link_binary_container_1/impl/build/hw_em/binary_container_1/sv/binary_container_1.xcp --debugdata /home/centos/SME-Developer-Labs/module_02/filter2d/workspace/Filter2D/Emulation-HW/_xocc_link_binary_container_1/impl/build/hw_em/binary_container_1/sv/consolidated.cf
status: success
------------------------------------------
hw emulation completed
timestamp: 17 Apr 2018 05:39:11
------------------------------------------
internal step: generating system estimate report file
timestamp: 17 Apr 2018 05:39:11
output: ./system_estimate.xtxt
