

================================================================
== Vivado HLS Report for 'Filter2DKernel'
================================================================
* Date:           Tue Apr 17 05:37:07 2018

* Version:        2017.1 (Build 1846317 on Fri Jul 14 12:21:14 MDT 2017)
* Project:        Filter2DKernel
* Solution:       solution_OCL_REGION_0
* Product family: virtexuplus
* Target device:  xcvu9p-flgb2104-2-i


================================================================
== Performance Estimates
================================================================
+ Timing (ns): 
    * Summary: 
    +--------+-------+----------+------------+
    |  Clock | Target| Estimated| Uncertainty|
    +--------+-------+----------+------------+
    |ap_clk  |   4.00|      2.92|        1.08|
    +--------+-------+----------+------------+

+ Latency (clock cycles): 
    * Summary: 
    +-----+------------+-----+------------+----------+
    |      Latency     |     Interval     | Pipeline |
    | min |     max    | min |     max    |   Type   |
    +-----+------------+-----+------------+----------+
    |  243|  1074069736|  237|  1074069730| dataflow |
    +-----+------------+-----+------------+----------+

    + Detail: 
        * Instance: 
        +-----------------------------------+------------------------+-----+------------+-----+------------+---------+
        |                                   |                        |      Latency     |     Interval     | Pipeline|
        |              Instance             |         Module         | min |     max    | min |     max    |   Type  |
        +-----------------------------------+------------------------+-----+------------+-----+------------+---------+
        |grp_Filter2D_fu_284                |Filter2D                |  236|  1074069729|  236|  1074069729|   none  |
        |grp_PixelStream2AXIBursts_fu_297   |PixelStream2AXIBursts   |    1|    73003681|    1|    73003681|   none  |
        |grp_AXIBursts2PixelStream8_fu_308  |AXIBursts2PixelStream8  |    1|    73004761|    1|    73004761|   none  |
        +-----------------------------------+------------------------+-----+------------+-----+------------+---------+

        * Loop: 
        N/A

============================================================
+ Verbose Summary: Synthesis Manager
============================================================
InlineROM: 1
ExposeGlobal: 0
============================================================
+ Verbose Summary: CDFG Model
============================================================
IsTopModel: 1
ResetActiveHigh: 1
IsCombinational: 2
IsDatapathOnly: 0
HasWiredReturn: 1
HasMFsm: 0
HasVarLatency: 1
IsPipeline: 0
IsRtlPipelined: 0
IsInstanceOverlapped: 0
IsDontTouch: 0
HasImplIP: 0
IsGatedGlobalClock: 0


============================================================
+ Verbose Summary: Schedule
============================================================
* Number of FSM states: 6
* Pipeline: 0
* Dataflow Pipeline: 1
  DF-Pipeline-0: Size = 6, States = { 1 2 3 4 5 6 }

* FSM state transitions: 
1 --> 
	2  / true
2 --> 
	3  / true
3 --> 
	4  / true
4 --> 
	5  / true
5 --> 
	6  / true
6 --> 
* FSM state operations: 

 <State 1>: 2.71ns
ST_1: dst_V_read (9)  [1/1] 1.00ns
:0  %dst_V_read = call i64 @_ssdm_op_Read.s_axilite.i64(i64 %dst_V)

ST_1: stride_read (10)  [1/1] 1.00ns
:1  %stride_read = call i32 @_ssdm_op_Read.s_axilite.i32(i32 %stride)

ST_1: height_read (11)  [1/1] 1.00ns
:2  %height_read = call i32 @_ssdm_op_Read.s_axilite.i32(i32 %height)

ST_1: width_read (12)  [1/1] 1.00ns
:3  %width_read = call i32 @_ssdm_op_Read.s_axilite.i32(i32 %width)

ST_1: src_V_read (13)  [1/1] 1.00ns
:4  %src_V_read = call i64 @_ssdm_op_Read.s_axilite.i64(i64 %src_V)

ST_1: coeffs_read (14)  [1/1] 1.00ns
:5  %coeffs_read = call i64 @_ssdm_op_Read.s_axilite.i64(i64 %coeffs)

ST_1: dst_V_c (15)  [1/1] 0.00ns
:6  %dst_V_c = alloca i64, align 8

ST_1: coeffs_c (16)  [1/1] 0.00ns
:7  %coeffs_c = alloca i64, align 8

ST_1: height_c2 (19)  [1/1] 0.00ns
:10  %height_c2 = alloca i32, align 4

ST_1: width_c1 (20)  [1/1] 0.00ns
:11  %width_c1 = alloca i32, align 4

ST_1: stride_c (21)  [1/1] 0.00ns
:12  %stride_c = alloca i32, align 4

ST_1: height_c (22)  [1/1] 0.00ns
:13  %height_c = alloca i32, align 4

ST_1: width_c (23)  [1/1] 0.00ns
:14  %width_c = alloca i32, align 4

ST_1: src_pixels_V (29)  [1/1] 0.00ns  loc: /home/centos/SME-Developer-Labs/module_02/filter2d/workspace/Filter2D/src/kernel/filter2d.cpp:79
:20  %src_pixels_V = alloca i8, align 1

ST_1: dst_pixels_V (32)  [1/1] 0.00ns  loc: /home/centos/SME-Developer-Labs/module_02/filter2d/workspace/Filter2D/src/kernel/filter2d.cpp:80
:23  %dst_pixels_V = alloca i8, align 1

ST_1: StgValue_22 (54)  [2/2] 1.71ns
:45  call fastcc void @AXIBursts2PixelStream8(i256* %gmem0, i64 %src_V_read, i32 %width_read, i32 %height_read, i32 %stride_read, i8* %src_pixels_V, i32* %width_c, i32* %height_c, i32* %stride_c, i64 %coeffs_read, i64 %dst_V_read, i64* %coeffs_c, i64* %dst_V_c)


 <State 2>: 0.00ns
ST_2: StgValue_23 (54)  [1/2] 0.00ns
:45  call fastcc void @AXIBursts2PixelStream8(i256* %gmem0, i64 %src_V_read, i32 %width_read, i32 %height_read, i32 %stride_read, i8* %src_pixels_V, i32* %width_c, i32* %height_c, i32* %stride_c, i64 %coeffs_read, i64 %dst_V_read, i64* %coeffs_c, i64* %dst_V_c)


 <State 3>: 0.00ns
ST_3: StgValue_24 (59)  [2/2] 0.00ns
:50  call fastcc void @Filter2D(i256* %gmem1, i64* nocapture %coeffs_c, i8* %src_pixels_V, i32* %width_c, i32* %height_c, i8* %dst_pixels_V, i32* %width_c1, i32* %height_c2)


 <State 4>: 0.00ns
ST_4: StgValue_25 (59)  [1/2] 0.00ns
:50  call fastcc void @Filter2D(i256* %gmem1, i64* nocapture %coeffs_c, i8* %src_pixels_V, i32* %width_c, i32* %height_c, i8* %dst_pixels_V, i32* %width_c1, i32* %height_c2)


 <State 5>: 0.00ns
ST_5: StgValue_26 (60)  [2/2] 0.00ns
:51  call fastcc void @PixelStream2AXIBursts(i8* %dst_pixels_V, i32* nocapture %width_c1, i32* nocapture %height_c2, i32* nocapture %stride_c, i256* %gmem1, i64* nocapture %dst_V_c)


 <State 6>: 0.00ns
ST_6: StgValue_27 (17)  [1/1] 0.00ns
:8  call void (...)* @_ssdm_op_SpecBitsMap(i256* %gmem0), !map !118

ST_6: StgValue_28 (18)  [1/1] 0.00ns
:9  call void (...)* @_ssdm_op_SpecBitsMap(i256* %gmem1), !map !124

ST_6: StgValue_29 (24)  [1/1] 0.00ns  loc: /home/centos/SME-Developer-Labs/module_02/filter2d/workspace/Filter2D/src/kernel/filter2d.cpp:84
:15  call void (...)* @_ssdm_op_SpecDataflowPipeline(i32 -1, [1 x i8]* @p_str17) nounwind

ST_6: StgValue_30 (25)  [1/1] 0.00ns
:16  call void (...)* @_ssdm_op_SpecBitsMap(i32 %width), !map !173

ST_6: StgValue_31 (26)  [1/1] 0.00ns
:17  call void (...)* @_ssdm_op_SpecBitsMap(i32 %height), !map !179

ST_6: StgValue_32 (27)  [1/1] 0.00ns
:18  call void (...)* @_ssdm_op_SpecBitsMap(i32 %stride), !map !183

ST_6: StgValue_33 (28)  [1/1] 0.00ns
:19  call void (...)* @_ssdm_op_SpecTopModule([15 x i8]* @Filter2DKernel_str) nounwind

ST_6: empty (30)  [1/1] 0.00ns
:21  %empty = call i32 (...)* @_ssdm_op_SpecChannel([13 x i8]* @src_pixels_OC_V_str, i32 1, [1 x i8]* @p_str25, [1 x i8]* @p_str25, i32 64, i32 64, i8* %src_pixels_V, i8* %src_pixels_V)

ST_6: StgValue_35 (31)  [1/1] 0.00ns
:22  call void (...)* @_ssdm_op_SpecInterface(i8* %src_pixels_V, [8 x i8]* @ap_fifo_str, i32 0, i32 0, [1 x i8]* @p_str26, i32 0, i32 0, [1 x i8]* @p_str27, [1 x i8]* @p_str29, [1 x i8]* @p_str30, i32 2, i32 2, i32 16, i32 16, [1 x i8]* @p_str31, [1 x i8]* @p_str32)

ST_6: empty_167 (33)  [1/1] 0.00ns
:24  %empty_167 = call i32 (...)* @_ssdm_op_SpecChannel([13 x i8]* @dst_pixels_OC_V_str, i32 1, [1 x i8]* @p_str33, [1 x i8]* @p_str33, i32 64, i32 64, i8* %dst_pixels_V, i8* %dst_pixels_V)

ST_6: StgValue_37 (34)  [1/1] 0.00ns
:25  call void (...)* @_ssdm_op_SpecInterface(i8* %dst_pixels_V, [8 x i8]* @ap_fifo_str, i32 0, i32 0, [1 x i8]* @p_str34, i32 0, i32 0, [1 x i8]* @p_str35, [1 x i8]* @p_str36, [1 x i8]* @p_str37, i32 2, i32 2, i32 16, i32 16, [1 x i8]* @p_str38, [1 x i8]* @p_str40)

ST_6: StgValue_38 (35)  [1/1] 0.00ns  loc: /home/centos/SME-Developer-Labs/module_02/filter2d/workspace/Filter2D/src/kernel/filter2d.cpp:63
:26  call void (...)* @_ssdm_op_SpecInterface(i256* %gmem0, [6 x i8]* @p_str6, i32 0, i32 0, [1 x i8]* @p_str17, i32 0, i32 0, [6 x i8]* @p_str28, [6 x i8]* @p_str39, [1 x i8]* @p_str17, i32 16, i32 16, i32 16, i32 16, [1 x i8]* @p_str17, [1 x i8]* @p_str17) nounwind

ST_6: StgValue_39 (36)  [1/1] 0.00ns  loc: /home/centos/SME-Developer-Labs/module_02/filter2d/workspace/Filter2D/src/kernel/filter2d.cpp:64
:27  call void (...)* @_ssdm_op_SpecInterface(i64 %src_V, [10 x i8]* @p_str410, i32 0, i32 0, [1 x i8]* @p_str17, i32 0, i32 0, [8 x i8]* @p_str511, [1 x i8]* @p_str17, [1 x i8]* @p_str17, i32 0, i32 0, i32 0, i32 0, [1 x i8]* @p_str17, [1 x i8]* @p_str17) nounwind

ST_6: StgValue_40 (37)  [1/1] 0.00ns  loc: /home/centos/SME-Developer-Labs/module_02/filter2d/workspace/Filter2D/src/kernel/filter2d.cpp:65
:28  call void (...)* @_ssdm_op_SpecInterface(i32 %width, [10 x i8]* @p_str410, i32 0, i32 0, [1 x i8]* @p_str17, i32 0, i32 0, [8 x i8]* @p_str511, [1 x i8]* @p_str17, [1 x i8]* @p_str17, i32 0, i32 0, i32 0, i32 0, [1 x i8]* @p_str17, [1 x i8]* @p_str17) nounwind

ST_6: StgValue_41 (38)  [1/1] 0.00ns  loc: /home/centos/SME-Developer-Labs/module_02/filter2d/workspace/Filter2D/src/kernel/filter2d.cpp:66
:29  call void (...)* @_ssdm_op_SpecInterface(i32 %height, [10 x i8]* @p_str410, i32 0, i32 0, [1 x i8]* @p_str17, i32 0, i32 0, [8 x i8]* @p_str511, [1 x i8]* @p_str17, [1 x i8]* @p_str17, i32 0, i32 0, i32 0, i32 0, [1 x i8]* @p_str17, [1 x i8]* @p_str17) nounwind

ST_6: StgValue_42 (39)  [1/1] 0.00ns  loc: /home/centos/SME-Developer-Labs/module_02/filter2d/workspace/Filter2D/src/kernel/filter2d.cpp:67
:30  call void (...)* @_ssdm_op_SpecInterface(i32 %stride, [10 x i8]* @p_str410, i32 0, i32 0, [1 x i8]* @p_str17, i32 0, i32 0, [8 x i8]* @p_str511, [1 x i8]* @p_str17, [1 x i8]* @p_str17, i32 0, i32 0, i32 0, i32 0, [1 x i8]* @p_str17, [1 x i8]* @p_str17) nounwind

ST_6: StgValue_43 (40)  [1/1] 0.00ns
:31  call void (...)* @_ssdm_op_SpecInterface(i256* %gmem1, [6 x i8]* @p_str6, i32 0, i32 0, [1 x i8]* @p_str17, i32 0, i32 0, [6 x i8]* @p_str612, [6 x i8]* @p_str39, [1 x i8]* @p_str17, i32 16, i32 16, i32 16, i32 16, [1 x i8]* @p_str17, [1 x i8]* @p_str17)

ST_6: StgValue_44 (41)  [1/1] 0.00ns
:32  call void (...)* @_ssdm_op_SpecInterface(i64 %coeffs, [10 x i8]* @p_str410, i32 0, i32 0, [1 x i8]* @p_str17, i32 0, i32 0, [8 x i8]* @p_str511, [1 x i8]* @p_str17, [1 x i8]* @p_str17, i32 0, i32 0, i32 0, i32 0, [1 x i8]* @p_str17, [1 x i8]* @p_str17)

ST_6: StgValue_45 (42)  [1/1] 0.00ns  loc: /home/centos/SME-Developer-Labs/module_02/filter2d/workspace/Filter2D/src/kernel/filter2d.cpp:71
:33  call void (...)* @_ssdm_op_SpecInterface(i64 %dst_V, [10 x i8]* @p_str410, i32 0, i32 0, [1 x i8]* @p_str17, i32 0, i32 0, [8 x i8]* @p_str511, [1 x i8]* @p_str17, [1 x i8]* @p_str17, i32 0, i32 0, i32 0, i32 0, [1 x i8]* @p_str17, [1 x i8]* @p_str17) nounwind

ST_6: StgValue_46 (43)  [1/1] 0.00ns  loc: /home/centos/SME-Developer-Labs/module_02/filter2d/workspace/Filter2D/src/kernel/filter2d.cpp:72
:34  call void (...)* @_ssdm_op_SpecInterface(i32 0, [10 x i8]* @p_str410, i32 0, i32 0, [1 x i8]* @p_str17, i32 0, i32 0, [8 x i8]* @p_str511, [1 x i8]* @p_str17, [1 x i8]* @p_str17, i32 0, i32 0, i32 0, i32 0, [1 x i8]* @p_str17, [1 x i8]* @p_str17) nounwind

ST_6: empty_168 (44)  [1/1] 0.00ns
:35  %empty_168 = call i32 (...)* @_ssdm_op_SpecChannel([8 x i8]* @width_c_str, i32 1, [1 x i8]* @p_str63, [1 x i8]* @p_str63, i32 1, i32 0, i32* %width_c, i32* %width_c)

ST_6: StgValue_48 (45)  [1/1] 0.00ns
:36  call void (...)* @_ssdm_op_SpecInterface(i32* %width_c, [8 x i8]* @ap_fifo_str, i32 0, i32 0, [1 x i8]* @p_str64, i32 0, i32 0, [1 x i8]* @p_str65, [1 x i8]* @p_str66, [1 x i8]* @p_str67, i32 2, i32 2, i32 16, i32 16, [1 x i8]* @p_str68, [1 x i8]* @p_str69)

ST_6: empty_169 (46)  [1/1] 0.00ns
:37  %empty_169 = call i32 (...)* @_ssdm_op_SpecChannel([9 x i8]* @height_c_str, i32 1, [1 x i8]* @p_str70, [1 x i8]* @p_str70, i32 1, i32 0, i32* %height_c, i32* %height_c)

ST_6: StgValue_50 (47)  [1/1] 0.00ns
:38  call void (...)* @_ssdm_op_SpecInterface(i32* %height_c, [8 x i8]* @ap_fifo_str, i32 0, i32 0, [1 x i8]* @p_str71, i32 0, i32 0, [1 x i8]* @p_str72, [1 x i8]* @p_str73, [1 x i8]* @p_str74, i32 2, i32 2, i32 16, i32 16, [1 x i8]* @p_str75, [1 x i8]* @p_str76)

ST_6: empty_170 (48)  [1/1] 0.00ns
:39  %empty_170 = call i32 (...)* @_ssdm_op_SpecChannel([9 x i8]* @stride_c_str, i32 1, [1 x i8]* @p_str77, [1 x i8]* @p_str77, i32 2, i32 0, i32* %stride_c, i32* %stride_c)

ST_6: StgValue_52 (49)  [1/1] 0.00ns
:40  call void (...)* @_ssdm_op_SpecInterface(i32* %stride_c, [8 x i8]* @ap_fifo_str, i32 0, i32 0, [1 x i8]* @p_str78, i32 0, i32 0, [1 x i8]* @p_str79, [1 x i8]* @p_str80, [1 x i8]* @p_str81, i32 2, i32 2, i32 16, i32 16, [1 x i8]* @p_str82, [1 x i8]* @p_str83)

ST_6: empty_171 (50)  [1/1] 0.00ns
:41  %empty_171 = call i32 (...)* @_ssdm_op_SpecChannel([9 x i8]* @coeffs_c_str, i32 1, [1 x i8]* @p_str24, [1 x i8]* @p_str24, i32 1, i32 0, i64* %coeffs_c, i64* %coeffs_c)

ST_6: StgValue_54 (51)  [1/1] 0.00ns
:42  call void (...)* @_ssdm_op_SpecInterface(i64* %coeffs_c, [8 x i8]* @ap_fifo_str, i32 0, i32 0, [1 x i8]* @p_str41, i32 0, i32 0, [1 x i8]* @p_str42, [1 x i8]* @p_str43, [1 x i8]* @p_str44, i32 2, i32 2, i32 16, i32 16, [1 x i8]* @p_str84, [1 x i8]* @p_str123)

ST_6: empty_172 (52)  [1/1] 0.00ns
:43  %empty_172 = call i32 (...)* @_ssdm_op_SpecChannel([8 x i8]* @dst_OC_V_c_str, i32 1, [1 x i8]* @p_str142, [1 x i8]* @p_str142, i32 2, i32 0, i64* %dst_V_c, i64* %dst_V_c)

ST_6: StgValue_56 (53)  [1/1] 0.00ns
:44  call void (...)* @_ssdm_op_SpecInterface(i64* %dst_V_c, [8 x i8]* @ap_fifo_str, i32 0, i32 0, [1 x i8]* @p_str143, i32 0, i32 0, [1 x i8]* @p_str144, [1 x i8]* @p_str145, [1 x i8]* @p_str146, i32 2, i32 2, i32 16, i32 16, [1 x i8]* @p_str147, [1 x i8]* @p_str148)

ST_6: empty_173 (55)  [1/1] 0.00ns
:46  %empty_173 = call i32 (...)* @_ssdm_op_SpecChannel([9 x i8]* @width_c1_str, i32 1, [1 x i8]* @p_str109, [1 x i8]* @p_str109, i32 1, i32 0, i32* %width_c1, i32* %width_c1)

ST_6: StgValue_58 (56)  [1/1] 0.00ns
:47  call void (...)* @_ssdm_op_SpecInterface(i32* %width_c1, [8 x i8]* @ap_fifo_str, i32 0, i32 0, [1 x i8]* @p_str110, i32 0, i32 0, [1 x i8]* @p_str111, [1 x i8]* @p_str112, [1 x i8]* @p_str113, i32 2, i32 2, i32 16, i32 16, [1 x i8]* @p_str114, [1 x i8]* @p_str115)

ST_6: empty_174 (57)  [1/1] 0.00ns
:48  %empty_174 = call i32 (...)* @_ssdm_op_SpecChannel([10 x i8]* @height_c2_str, i32 1, [1 x i8]* @p_str116, [1 x i8]* @p_str116, i32 1, i32 0, i32* %height_c2, i32* %height_c2)

ST_6: StgValue_60 (58)  [1/1] 0.00ns
:49  call void (...)* @_ssdm_op_SpecInterface(i32* %height_c2, [8 x i8]* @ap_fifo_str, i32 0, i32 0, [1 x i8]* @p_str117, i32 0, i32 0, [1 x i8]* @p_str118, [1 x i8]* @p_str119, [1 x i8]* @p_str120, i32 2, i32 2, i32 16, i32 16, [1 x i8]* @p_str121, [1 x i8]* @p_str122)

ST_6: StgValue_61 (60)  [1/2] 0.00ns
:51  call fastcc void @PixelStream2AXIBursts(i8* %dst_pixels_V, i32* nocapture %width_c1, i32* nocapture %height_c2, i32* nocapture %stride_c, i256* %gmem1, i64* nocapture %dst_V_c)

ST_6: StgValue_62 (61)  [1/1] 0.00ns  loc: /home/centos/SME-Developer-Labs/module_02/filter2d/workspace/Filter2D/src/kernel/filter2d.cpp:95
:52  ret void



============================================================
+ Verbose Summary: Binding
============================================================
STG Binding: 
---------------- STG Properties BEGIN ----------------
- Is combinational: 0
- Is one-state seq: 0
- Is datapath-only: 0
- Is pipelined: 0
- Is top level: 1
Port [ Return ] is wired: 1; IO mode=ap_ctrl_hs:ce=0
Port [ gmem1]:  wired=1; compound=1; hidden=0; nouse=0; global=0; static=0; extern=0; dir=2; type=4; pingpong=0; private_global=0; IO mode=m_axi:ce=0
Port [ gmem0]:  wired=1; compound=1; hidden=0; nouse=0; global=0; static=0; extern=0; dir=0; type=4; pingpong=0; private_global=0; IO mode=m_axi:ce=0
Port [ coeffs]:  wired=1; compound=0; hidden=0; nouse=0; global=0; static=0; extern=0; dir=0; type=0; pingpong=0; private_global=0; IO mode=ap_none:ce=0
Port [ src_V]:  wired=1; compound=0; hidden=0; nouse=0; global=0; static=0; extern=0; dir=0; type=0; pingpong=0; private_global=0; IO mode=ap_none:ce=0
Port [ width]:  wired=1; compound=0; hidden=0; nouse=0; global=0; static=0; extern=0; dir=0; type=0; pingpong=0; private_global=0; IO mode=ap_none:ce=0
Port [ height]:  wired=1; compound=0; hidden=0; nouse=0; global=0; static=0; extern=0; dir=0; type=0; pingpong=0; private_global=0; IO mode=ap_none:ce=0
Port [ stride]:  wired=1; compound=0; hidden=0; nouse=0; global=0; static=0; extern=0; dir=0; type=0; pingpong=0; private_global=0; IO mode=ap_none:ce=0
Port [ dst_V]:  wired=1; compound=0; hidden=0; nouse=0; global=0; static=0; extern=0; dir=0; type=0; pingpong=0; private_global=0; IO mode=ap_none:ce=0
---------------- STG Properties END ------------------

---------------- Datapath Model BEGIN ----------------

<LifeTime>
<method=bitvector/>
dst_V_read   (read                ) [ 0010000]
stride_read  (read                ) [ 0010000]
height_read  (read                ) [ 0010000]
width_read   (read                ) [ 0010000]
src_V_read   (read                ) [ 0010000]
coeffs_read  (read                ) [ 0010000]
dst_V_c      (alloca              ) [ 0111111]
coeffs_c     (alloca              ) [ 0111111]
height_c2    (alloca              ) [ 0011111]
width_c1     (alloca              ) [ 0011111]
stride_c     (alloca              ) [ 0111111]
height_c     (alloca              ) [ 0111111]
width_c      (alloca              ) [ 0111111]
src_pixels_V (alloca              ) [ 0111111]
dst_pixels_V (alloca              ) [ 0011111]
StgValue_23  (call                ) [ 0000000]
StgValue_25  (call                ) [ 0000000]
StgValue_27  (specbitsmap         ) [ 0000000]
StgValue_28  (specbitsmap         ) [ 0000000]
StgValue_29  (specdataflowpipeline) [ 0000000]
StgValue_30  (specbitsmap         ) [ 0000000]
StgValue_31  (specbitsmap         ) [ 0000000]
StgValue_32  (specbitsmap         ) [ 0000000]
StgValue_33  (spectopmodule       ) [ 0000000]
empty        (specchannel         ) [ 0000000]
StgValue_35  (specinterface       ) [ 0000000]
empty_167    (specchannel         ) [ 0000000]
StgValue_37  (specinterface       ) [ 0000000]
StgValue_38  (specinterface       ) [ 0000000]
StgValue_39  (specinterface       ) [ 0000000]
StgValue_40  (specinterface       ) [ 0000000]
StgValue_41  (specinterface       ) [ 0000000]
StgValue_42  (specinterface       ) [ 0000000]
StgValue_43  (specinterface       ) [ 0000000]
StgValue_44  (specinterface       ) [ 0000000]
StgValue_45  (specinterface       ) [ 0000000]
StgValue_46  (specinterface       ) [ 0000000]
empty_168    (specchannel         ) [ 0000000]
StgValue_48  (specinterface       ) [ 0000000]
empty_169    (specchannel         ) [ 0000000]
StgValue_50  (specinterface       ) [ 0000000]
empty_170    (specchannel         ) [ 0000000]
StgValue_52  (specinterface       ) [ 0000000]
empty_171    (specchannel         ) [ 0000000]
StgValue_54  (specinterface       ) [ 0000000]
empty_172    (specchannel         ) [ 0000000]
StgValue_56  (specinterface       ) [ 0000000]
empty_173    (specchannel         ) [ 0000000]
StgValue_58  (specinterface       ) [ 0000000]
empty_174    (specchannel         ) [ 0000000]
StgValue_60  (specinterface       ) [ 0000000]
StgValue_61  (call                ) [ 0000000]
StgValue_62  (ret                 ) [ 0000000]
</LifeTime>

<model>

<comp_list>
<comp id="0" class="1000" name="gmem1">
<pin_list>
<pin id="1" dir="1" index="0" bw="1" slack="0"/>
</pin_list>
<bind>
<StgValue><ssdm name="gmem1"/></StgValue>
</bind>
</comp>

<comp id="2" class="1000" name="gmem0">
<pin_list>
<pin id="3" dir="1" index="0" bw="1" slack="0"/>
</pin_list>
<bind>
<StgValue><ssdm name="gmem0"/></StgValue>
</bind>
</comp>

<comp id="4" class="1000" name="coeffs">
<pin_list>
<pin id="5" dir="1" index="0" bw="1" slack="0"/>
</pin_list>
<bind>
<StgValue><ssdm name="coeffs"/></StgValue>
</bind>
</comp>

<comp id="6" class="1000" name="src_V">
<pin_list>
<pin id="7" dir="1" index="0" bw="1" slack="0"/>
</pin_list>
<bind>
<StgValue><ssdm name="src_V"/></StgValue>
</bind>
</comp>

<comp id="8" class="1000" name="width">
<pin_list>
<pin id="9" dir="1" index="0" bw="1" slack="0"/>
</pin_list>
<bind>
<StgValue><ssdm name="width"/></StgValue>
</bind>
</comp>

<comp id="10" class="1000" name="height">
<pin_list>
<pin id="11" dir="1" index="0" bw="1" slack="0"/>
</pin_list>
<bind>
<StgValue><ssdm name="height"/></StgValue>
</bind>
</comp>

<comp id="12" class="1000" name="stride">
<pin_list>
<pin id="13" dir="1" index="0" bw="1" slack="0"/>
</pin_list>
<bind>
<StgValue><ssdm name="stride"/></StgValue>
</bind>
</comp>

<comp id="14" class="1000" name="dst_V">
<pin_list>
<pin id="15" dir="1" index="0" bw="1" slack="0"/>
</pin_list>
<bind>
<StgValue><ssdm name="dst_V"/></StgValue>
</bind>
</comp>

<comp id="16" class="1001" name="const_16">
<pin_list>
<pin id="17" dir="1" index="0" bw="1" slack="0"/>
</pin_list>
<bind>
<StgValue><ssdm name="_ssdm_op_Read.s_axilite.i64"/></StgValue>
</bind>
</comp>

<comp id="18" class="1001" name="const_18">
<pin_list>
<pin id="19" dir="1" index="0" bw="1" slack="0"/>
</pin_list>
<bind>
<StgValue><ssdm name="_ssdm_op_Read.s_axilite.i32"/></StgValue>
</bind>
</comp>

<comp id="20" class="1001" name="const_20">
<pin_list>
<pin id="21" dir="1" index="0" bw="1" slack="0"/>
</pin_list>
<bind>
<StgValue><ssdm name=""/></StgValue>
</bind>
</comp>

<comp id="22" class="1001" name="const_22">
<pin_list>
<pin id="23" dir="1" index="0" bw="1" slack="0"/>
</pin_list>
<bind>
<StgValue><ssdm name="AXIBursts2PixelStream8"/></StgValue>
</bind>
</comp>

<comp id="24" class="1001" name="const_24">
<pin_list>
<pin id="25" dir="1" index="0" bw="1" slack="0"/>
</pin_list>
<bind>
<StgValue><ssdm name="Filter2D"/></StgValue>
</bind>
</comp>

<comp id="26" class="1001" name="const_26">
<pin_list>
<pin id="27" dir="1" index="0" bw="1" slack="0"/>
</pin_list>
<bind>
<StgValue><ssdm name="PixelStream2AXIBursts"/></StgValue>
</bind>
</comp>

<comp id="28" class="1001" name="const_28">
<pin_list>
<pin id="29" dir="1" index="0" bw="1" slack="2147483647"/>
</pin_list>
<bind>
<StgValue><ssdm name="_ssdm_op_SpecBitsMap"/></StgValue>
</bind>
</comp>

<comp id="30" class="1001" name="const_30">
<pin_list>
<pin id="31" dir="1" index="0" bw="1" slack="2147483647"/>
</pin_list>
<bind>
<StgValue><ssdm name="_ssdm_op_SpecDataflowPipeline"/></StgValue>
</bind>
</comp>

<comp id="32" class="1001" name="const_32">
<pin_list>
<pin id="33" dir="1" index="0" bw="1" slack="2147483647"/>
</pin_list>
<bind>
<StgValue><ssdm name=""/></StgValue>
</bind>
</comp>

<comp id="34" class="1001" name="const_34">
<pin_list>
<pin id="35" dir="1" index="0" bw="1" slack="2147483647"/>
</pin_list>
<bind>
<StgValue><ssdm name="p_str17"/></StgValue>
</bind>
</comp>

<comp id="36" class="1001" name="const_36">
<pin_list>
<pin id="37" dir="1" index="0" bw="1" slack="2147483647"/>
</pin_list>
<bind>
<StgValue><ssdm name="_ssdm_op_SpecTopModule"/></StgValue>
</bind>
</comp>

<comp id="38" class="1001" name="const_38">
<pin_list>
<pin id="39" dir="1" index="0" bw="1" slack="2147483647"/>
</pin_list>
<bind>
<StgValue><ssdm name="Filter2DKernel_str"/></StgValue>
</bind>
</comp>

<comp id="40" class="1001" name="const_40">
<pin_list>
<pin id="41" dir="1" index="0" bw="1" slack="2147483647"/>
</pin_list>
<bind>
<StgValue><ssdm name="_ssdm_op_SpecChannel"/></StgValue>
</bind>
</comp>

<comp id="42" class="1001" name="const_42">
<pin_list>
<pin id="43" dir="1" index="0" bw="1" slack="2147483647"/>
</pin_list>
<bind>
<StgValue><ssdm name="src_pixels_OC_V_str"/></StgValue>
</bind>
</comp>

<comp id="44" class="1001" name="const_44">
<pin_list>
<pin id="45" dir="1" index="0" bw="1" slack="2147483647"/>
</pin_list>
<bind>
<StgValue><ssdm name=""/></StgValue>
</bind>
</comp>

<comp id="46" class="1001" name="const_46">
<pin_list>
<pin id="47" dir="1" index="0" bw="1" slack="2147483647"/>
</pin_list>
<bind>
<StgValue><ssdm name="p_str25"/></StgValue>
</bind>
</comp>

<comp id="48" class="1001" name="const_48">
<pin_list>
<pin id="49" dir="1" index="0" bw="1" slack="2147483647"/>
</pin_list>
<bind>
<StgValue><ssdm name=""/></StgValue>
</bind>
</comp>

<comp id="50" class="1001" name="const_50">
<pin_list>
<pin id="51" dir="1" index="0" bw="1" slack="2147483647"/>
</pin_list>
<bind>
<StgValue><ssdm name="_ssdm_op_SpecInterface"/></StgValue>
</bind>
</comp>

<comp id="52" class="1001" name="const_52">
<pin_list>
<pin id="53" dir="1" index="0" bw="1" slack="2147483647"/>
</pin_list>
<bind>
<StgValue><ssdm name="ap_fifo_str"/></StgValue>
</bind>
</comp>

<comp id="54" class="1001" name="const_54">
<pin_list>
<pin id="55" dir="1" index="0" bw="1" slack="2147483647"/>
</pin_list>
<bind>
<StgValue><ssdm name=""/></StgValue>
</bind>
</comp>

<comp id="56" class="1001" name="const_56">
<pin_list>
<pin id="57" dir="1" index="0" bw="1" slack="2147483647"/>
</pin_list>
<bind>
<StgValue><ssdm name="p_str26"/></StgValue>
</bind>
</comp>

<comp id="58" class="1001" name="const_58">
<pin_list>
<pin id="59" dir="1" index="0" bw="1" slack="2147483647"/>
</pin_list>
<bind>
<StgValue><ssdm name="p_str27"/></StgValue>
</bind>
</comp>

<comp id="60" class="1001" name="const_60">
<pin_list>
<pin id="61" dir="1" index="0" bw="1" slack="2147483647"/>
</pin_list>
<bind>
<StgValue><ssdm name="p_str29"/></StgValue>
</bind>
</comp>

<comp id="62" class="1001" name="const_62">
<pin_list>
<pin id="63" dir="1" index="0" bw="1" slack="2147483647"/>
</pin_list>
<bind>
<StgValue><ssdm name="p_str30"/></StgValue>
</bind>
</comp>

<comp id="64" class="1001" name="const_64">
<pin_list>
<pin id="65" dir="1" index="0" bw="1" slack="2147483647"/>
</pin_list>
<bind>
<StgValue><ssdm name=""/></StgValue>
</bind>
</comp>

<comp id="66" class="1001" name="const_66">
<pin_list>
<pin id="67" dir="1" index="0" bw="1" slack="2147483647"/>
</pin_list>
<bind>
<StgValue><ssdm name=""/></StgValue>
</bind>
</comp>

<comp id="68" class="1001" name="const_68">
<pin_list>
<pin id="69" dir="1" index="0" bw="1" slack="2147483647"/>
</pin_list>
<bind>
<StgValue><ssdm name="p_str31"/></StgValue>
</bind>
</comp>

<comp id="70" class="1001" name="const_70">
<pin_list>
<pin id="71" dir="1" index="0" bw="1" slack="2147483647"/>
</pin_list>
<bind>
<StgValue><ssdm name="p_str32"/></StgValue>
</bind>
</comp>

<comp id="72" class="1001" name="const_72">
<pin_list>
<pin id="73" dir="1" index="0" bw="1" slack="2147483647"/>
</pin_list>
<bind>
<StgValue><ssdm name="dst_pixels_OC_V_str"/></StgValue>
</bind>
</comp>

<comp id="74" class="1001" name="const_74">
<pin_list>
<pin id="75" dir="1" index="0" bw="1" slack="2147483647"/>
</pin_list>
<bind>
<StgValue><ssdm name="p_str33"/></StgValue>
</bind>
</comp>

<comp id="76" class="1001" name="const_76">
<pin_list>
<pin id="77" dir="1" index="0" bw="1" slack="2147483647"/>
</pin_list>
<bind>
<StgValue><ssdm name="p_str34"/></StgValue>
</bind>
</comp>

<comp id="78" class="1001" name="const_78">
<pin_list>
<pin id="79" dir="1" index="0" bw="1" slack="2147483647"/>
</pin_list>
<bind>
<StgValue><ssdm name="p_str35"/></StgValue>
</bind>
</comp>

<comp id="80" class="1001" name="const_80">
<pin_list>
<pin id="81" dir="1" index="0" bw="1" slack="2147483647"/>
</pin_list>
<bind>
<StgValue><ssdm name="p_str36"/></StgValue>
</bind>
</comp>

<comp id="82" class="1001" name="const_82">
<pin_list>
<pin id="83" dir="1" index="0" bw="1" slack="2147483647"/>
</pin_list>
<bind>
<StgValue><ssdm name="p_str37"/></StgValue>
</bind>
</comp>

<comp id="84" class="1001" name="const_84">
<pin_list>
<pin id="85" dir="1" index="0" bw="1" slack="2147483647"/>
</pin_list>
<bind>
<StgValue><ssdm name="p_str38"/></StgValue>
</bind>
</comp>

<comp id="86" class="1001" name="const_86">
<pin_list>
<pin id="87" dir="1" index="0" bw="1" slack="2147483647"/>
</pin_list>
<bind>
<StgValue><ssdm name="p_str40"/></StgValue>
</bind>
</comp>

<comp id="88" class="1001" name="const_88">
<pin_list>
<pin id="89" dir="1" index="0" bw="1" slack="2147483647"/>
</pin_list>
<bind>
<StgValue><ssdm name="p_str6"/></StgValue>
</bind>
</comp>

<comp id="90" class="1001" name="const_90">
<pin_list>
<pin id="91" dir="1" index="0" bw="1" slack="2147483647"/>
</pin_list>
<bind>
<StgValue><ssdm name="p_str28"/></StgValue>
</bind>
</comp>

<comp id="92" class="1001" name="const_92">
<pin_list>
<pin id="93" dir="1" index="0" bw="1" slack="2147483647"/>
</pin_list>
<bind>
<StgValue><ssdm name="p_str39"/></StgValue>
</bind>
</comp>

<comp id="94" class="1001" name="const_94">
<pin_list>
<pin id="95" dir="1" index="0" bw="1" slack="2147483647"/>
</pin_list>
<bind>
<StgValue><ssdm name="p_str410"/></StgValue>
</bind>
</comp>

<comp id="96" class="1001" name="const_96">
<pin_list>
<pin id="97" dir="1" index="0" bw="1" slack="2147483647"/>
</pin_list>
<bind>
<StgValue><ssdm name="p_str511"/></StgValue>
</bind>
</comp>

<comp id="98" class="1001" name="const_98">
<pin_list>
<pin id="99" dir="1" index="0" bw="1" slack="2147483647"/>
</pin_list>
<bind>
<StgValue><ssdm name="p_str612"/></StgValue>
</bind>
</comp>

<comp id="100" class="1001" name="const_100">
<pin_list>
<pin id="101" dir="1" index="0" bw="1" slack="2147483647"/>
</pin_list>
<bind>
<StgValue><ssdm name="width_c_str"/></StgValue>
</bind>
</comp>

<comp id="102" class="1001" name="const_102">
<pin_list>
<pin id="103" dir="1" index="0" bw="1" slack="2147483647"/>
</pin_list>
<bind>
<StgValue><ssdm name="p_str63"/></StgValue>
</bind>
</comp>

<comp id="104" class="1001" name="const_104">
<pin_list>
<pin id="105" dir="1" index="0" bw="1" slack="2147483647"/>
</pin_list>
<bind>
<StgValue><ssdm name="p_str64"/></StgValue>
</bind>
</comp>

<comp id="106" class="1001" name="const_106">
<pin_list>
<pin id="107" dir="1" index="0" bw="1" slack="2147483647"/>
</pin_list>
<bind>
<StgValue><ssdm name="p_str65"/></StgValue>
</bind>
</comp>

<comp id="108" class="1001" name="const_108">
<pin_list>
<pin id="109" dir="1" index="0" bw="1" slack="2147483647"/>
</pin_list>
<bind>
<StgValue><ssdm name="p_str66"/></StgValue>
</bind>
</comp>

<comp id="110" class="1001" name="const_110">
<pin_list>
<pin id="111" dir="1" index="0" bw="1" slack="2147483647"/>
</pin_list>
<bind>
<StgValue><ssdm name="p_str67"/></StgValue>
</bind>
</comp>

<comp id="112" class="1001" name="const_112">
<pin_list>
<pin id="113" dir="1" index="0" bw="1" slack="2147483647"/>
</pin_list>
<bind>
<StgValue><ssdm name="p_str68"/></StgValue>
</bind>
</comp>

<comp id="114" class="1001" name="const_114">
<pin_list>
<pin id="115" dir="1" index="0" bw="1" slack="2147483647"/>
</pin_list>
<bind>
<StgValue><ssdm name="p_str69"/></StgValue>
</bind>
</comp>

<comp id="116" class="1001" name="const_116">
<pin_list>
<pin id="117" dir="1" index="0" bw="1" slack="2147483647"/>
</pin_list>
<bind>
<StgValue><ssdm name="height_c_str"/></StgValue>
</bind>
</comp>

<comp id="118" class="1001" name="const_118">
<pin_list>
<pin id="119" dir="1" index="0" bw="1" slack="2147483647"/>
</pin_list>
<bind>
<StgValue><ssdm name="p_str70"/></StgValue>
</bind>
</comp>

<comp id="120" class="1001" name="const_120">
<pin_list>
<pin id="121" dir="1" index="0" bw="1" slack="2147483647"/>
</pin_list>
<bind>
<StgValue><ssdm name="p_str71"/></StgValue>
</bind>
</comp>

<comp id="122" class="1001" name="const_122">
<pin_list>
<pin id="123" dir="1" index="0" bw="1" slack="2147483647"/>
</pin_list>
<bind>
<StgValue><ssdm name="p_str72"/></StgValue>
</bind>
</comp>

<comp id="124" class="1001" name="const_124">
<pin_list>
<pin id="125" dir="1" index="0" bw="1" slack="2147483647"/>
</pin_list>
<bind>
<StgValue><ssdm name="p_str73"/></StgValue>
</bind>
</comp>

<comp id="126" class="1001" name="const_126">
<pin_list>
<pin id="127" dir="1" index="0" bw="1" slack="2147483647"/>
</pin_list>
<bind>
<StgValue><ssdm name="p_str74"/></StgValue>
</bind>
</comp>

<comp id="128" class="1001" name="const_128">
<pin_list>
<pin id="129" dir="1" index="0" bw="1" slack="2147483647"/>
</pin_list>
<bind>
<StgValue><ssdm name="p_str75"/></StgValue>
</bind>
</comp>

<comp id="130" class="1001" name="const_130">
<pin_list>
<pin id="131" dir="1" index="0" bw="1" slack="2147483647"/>
</pin_list>
<bind>
<StgValue><ssdm name="p_str76"/></StgValue>
</bind>
</comp>

<comp id="132" class="1001" name="const_132">
<pin_list>
<pin id="133" dir="1" index="0" bw="1" slack="2147483647"/>
</pin_list>
<bind>
<StgValue><ssdm name="stride_c_str"/></StgValue>
</bind>
</comp>

<comp id="134" class="1001" name="const_134">
<pin_list>
<pin id="135" dir="1" index="0" bw="1" slack="2147483647"/>
</pin_list>
<bind>
<StgValue><ssdm name="p_str77"/></StgValue>
</bind>
</comp>

<comp id="136" class="1001" name="const_136">
<pin_list>
<pin id="137" dir="1" index="0" bw="1" slack="2147483647"/>
</pin_list>
<bind>
<StgValue><ssdm name="p_str78"/></StgValue>
</bind>
</comp>

<comp id="138" class="1001" name="const_138">
<pin_list>
<pin id="139" dir="1" index="0" bw="1" slack="2147483647"/>
</pin_list>
<bind>
<StgValue><ssdm name="p_str79"/></StgValue>
</bind>
</comp>

<comp id="140" class="1001" name="const_140">
<pin_list>
<pin id="141" dir="1" index="0" bw="1" slack="2147483647"/>
</pin_list>
<bind>
<StgValue><ssdm name="p_str80"/></StgValue>
</bind>
</comp>

<comp id="142" class="1001" name="const_142">
<pin_list>
<pin id="143" dir="1" index="0" bw="1" slack="2147483647"/>
</pin_list>
<bind>
<StgValue><ssdm name="p_str81"/></StgValue>
</bind>
</comp>

<comp id="144" class="1001" name="const_144">
<pin_list>
<pin id="145" dir="1" index="0" bw="1" slack="2147483647"/>
</pin_list>
<bind>
<StgValue><ssdm name="p_str82"/></StgValue>
</bind>
</comp>

<comp id="146" class="1001" name="const_146">
<pin_list>
<pin id="147" dir="1" index="0" bw="1" slack="2147483647"/>
</pin_list>
<bind>
<StgValue><ssdm name="p_str83"/></StgValue>
</bind>
</comp>

<comp id="148" class="1001" name="const_148">
<pin_list>
<pin id="149" dir="1" index="0" bw="1" slack="2147483647"/>
</pin_list>
<bind>
<StgValue><ssdm name="coeffs_c_str"/></StgValue>
</bind>
</comp>

<comp id="150" class="1001" name="const_150">
<pin_list>
<pin id="151" dir="1" index="0" bw="1" slack="2147483647"/>
</pin_list>
<bind>
<StgValue><ssdm name="p_str24"/></StgValue>
</bind>
</comp>

<comp id="152" class="1001" name="const_152">
<pin_list>
<pin id="153" dir="1" index="0" bw="1" slack="2147483647"/>
</pin_list>
<bind>
<StgValue><ssdm name="p_str41"/></StgValue>
</bind>
</comp>

<comp id="154" class="1001" name="const_154">
<pin_list>
<pin id="155" dir="1" index="0" bw="1" slack="2147483647"/>
</pin_list>
<bind>
<StgValue><ssdm name="p_str42"/></StgValue>
</bind>
</comp>

<comp id="156" class="1001" name="const_156">
<pin_list>
<pin id="157" dir="1" index="0" bw="1" slack="2147483647"/>
</pin_list>
<bind>
<StgValue><ssdm name="p_str43"/></StgValue>
</bind>
</comp>

<comp id="158" class="1001" name="const_158">
<pin_list>
<pin id="159" dir="1" index="0" bw="1" slack="2147483647"/>
</pin_list>
<bind>
<StgValue><ssdm name="p_str44"/></StgValue>
</bind>
</comp>

<comp id="160" class="1001" name="const_160">
<pin_list>
<pin id="161" dir="1" index="0" bw="1" slack="2147483647"/>
</pin_list>
<bind>
<StgValue><ssdm name="p_str84"/></StgValue>
</bind>
</comp>

<comp id="162" class="1001" name="const_162">
<pin_list>
<pin id="163" dir="1" index="0" bw="1" slack="2147483647"/>
</pin_list>
<bind>
<StgValue><ssdm name="p_str123"/></StgValue>
</bind>
</comp>

<comp id="164" class="1001" name="const_164">
<pin_list>
<pin id="165" dir="1" index="0" bw="1" slack="2147483647"/>
</pin_list>
<bind>
<StgValue><ssdm name="dst_OC_V_c_str"/></StgValue>
</bind>
</comp>

<comp id="166" class="1001" name="const_166">
<pin_list>
<pin id="167" dir="1" index="0" bw="1" slack="2147483647"/>
</pin_list>
<bind>
<StgValue><ssdm name="p_str142"/></StgValue>
</bind>
</comp>

<comp id="168" class="1001" name="const_168">
<pin_list>
<pin id="169" dir="1" index="0" bw="1" slack="2147483647"/>
</pin_list>
<bind>
<StgValue><ssdm name="p_str143"/></StgValue>
</bind>
</comp>

<comp id="170" class="1001" name="const_170">
<pin_list>
<pin id="171" dir="1" index="0" bw="1" slack="2147483647"/>
</pin_list>
<bind>
<StgValue><ssdm name="p_str144"/></StgValue>
</bind>
</comp>

<comp id="172" class="1001" name="const_172">
<pin_list>
<pin id="173" dir="1" index="0" bw="1" slack="2147483647"/>
</pin_list>
<bind>
<StgValue><ssdm name="p_str145"/></StgValue>
</bind>
</comp>

<comp id="174" class="1001" name="const_174">
<pin_list>
<pin id="175" dir="1" index="0" bw="1" slack="2147483647"/>
</pin_list>
<bind>
<StgValue><ssdm name="p_str146"/></StgValue>
</bind>
</comp>

<comp id="176" class="1001" name="const_176">
<pin_list>
<pin id="177" dir="1" index="0" bw="1" slack="2147483647"/>
</pin_list>
<bind>
<StgValue><ssdm name="p_str147"/></StgValue>
</bind>
</comp>

<comp id="178" class="1001" name="const_178">
<pin_list>
<pin id="179" dir="1" index="0" bw="1" slack="2147483647"/>
</pin_list>
<bind>
<StgValue><ssdm name="p_str148"/></StgValue>
</bind>
</comp>

<comp id="180" class="1001" name="const_180">
<pin_list>
<pin id="181" dir="1" index="0" bw="1" slack="2147483647"/>
</pin_list>
<bind>
<StgValue><ssdm name="width_c1_str"/></StgValue>
</bind>
</comp>

<comp id="182" class="1001" name="const_182">
<pin_list>
<pin id="183" dir="1" index="0" bw="1" slack="2147483647"/>
</pin_list>
<bind>
<StgValue><ssdm name="p_str109"/></StgValue>
</bind>
</comp>

<comp id="184" class="1001" name="const_184">
<pin_list>
<pin id="185" dir="1" index="0" bw="1" slack="2147483647"/>
</pin_list>
<bind>
<StgValue><ssdm name="p_str110"/></StgValue>
</bind>
</comp>

<comp id="186" class="1001" name="const_186">
<pin_list>
<pin id="187" dir="1" index="0" bw="1" slack="2147483647"/>
</pin_list>
<bind>
<StgValue><ssdm name="p_str111"/></StgValue>
</bind>
</comp>

<comp id="188" class="1001" name="const_188">
<pin_list>
<pin id="189" dir="1" index="0" bw="1" slack="2147483647"/>
</pin_list>
<bind>
<StgValue><ssdm name="p_str112"/></StgValue>
</bind>
</comp>

<comp id="190" class="1001" name="const_190">
<pin_list>
<pin id="191" dir="1" index="0" bw="1" slack="2147483647"/>
</pin_list>
<bind>
<StgValue><ssdm name="p_str113"/></StgValue>
</bind>
</comp>

<comp id="192" class="1001" name="const_192">
<pin_list>
<pin id="193" dir="1" index="0" bw="1" slack="2147483647"/>
</pin_list>
<bind>
<StgValue><ssdm name="p_str114"/></StgValue>
</bind>
</comp>

<comp id="194" class="1001" name="const_194">
<pin_list>
<pin id="195" dir="1" index="0" bw="1" slack="2147483647"/>
</pin_list>
<bind>
<StgValue><ssdm name="p_str115"/></StgValue>
</bind>
</comp>

<comp id="196" class="1001" name="const_196">
<pin_list>
<pin id="197" dir="1" index="0" bw="1" slack="2147483647"/>
</pin_list>
<bind>
<StgValue><ssdm name="height_c2_str"/></StgValue>
</bind>
</comp>

<comp id="198" class="1001" name="const_198">
<pin_list>
<pin id="199" dir="1" index="0" bw="1" slack="2147483647"/>
</pin_list>
<bind>
<StgValue><ssdm name="p_str116"/></StgValue>
</bind>
</comp>

<comp id="200" class="1001" name="const_200">
<pin_list>
<pin id="201" dir="1" index="0" bw="1" slack="2147483647"/>
</pin_list>
<bind>
<StgValue><ssdm name="p_str117"/></StgValue>
</bind>
</comp>

<comp id="202" class="1001" name="const_202">
<pin_list>
<pin id="203" dir="1" index="0" bw="1" slack="2147483647"/>
</pin_list>
<bind>
<StgValue><ssdm name="p_str118"/></StgValue>
</bind>
</comp>

<comp id="204" class="1001" name="const_204">
<pin_list>
<pin id="205" dir="1" index="0" bw="1" slack="2147483647"/>
</pin_list>
<bind>
<StgValue><ssdm name="p_str119"/></StgValue>
</bind>
</comp>

<comp id="206" class="1001" name="const_206">
<pin_list>
<pin id="207" dir="1" index="0" bw="1" slack="2147483647"/>
</pin_list>
<bind>
<StgValue><ssdm name="p_str120"/></StgValue>
</bind>
</comp>

<comp id="208" class="1001" name="const_208">
<pin_list>
<pin id="209" dir="1" index="0" bw="1" slack="2147483647"/>
</pin_list>
<bind>
<StgValue><ssdm name="p_str121"/></StgValue>
</bind>
</comp>

<comp id="210" class="1001" name="const_210">
<pin_list>
<pin id="211" dir="1" index="0" bw="1" slack="2147483647"/>
</pin_list>
<bind>
<StgValue><ssdm name="p_str122"/></StgValue>
</bind>
</comp>

<comp id="212" class="1004" name="dst_V_c_fu_212">
<pin_list>
<pin id="213" dir="0" index="0" bw="1" slack="0"/>
<pin id="214" dir="1" index="1" bw="64" slack="0"/>
</pin_list>
<bind>
<opcode="alloca(26) " fcode="alloca"/>
<opset="dst_V_c/1 "/>
</bind>
</comp>

<comp id="216" class="1004" name="coeffs_c_fu_216">
<pin_list>
<pin id="217" dir="0" index="0" bw="1" slack="0"/>
<pin id="218" dir="1" index="1" bw="64" slack="0"/>
</pin_list>
<bind>
<opcode="alloca(26) " fcode="alloca"/>
<opset="coeffs_c/1 "/>
</bind>
</comp>

<comp id="220" class="1004" name="height_c2_fu_220">
<pin_list>
<pin id="221" dir="0" index="0" bw="1" slack="0"/>
<pin id="222" dir="1" index="1" bw="32" slack="2"/>
</pin_list>
<bind>
<opcode="alloca(26) " fcode="alloca"/>
<opset="height_c2/1 "/>
</bind>
</comp>

<comp id="224" class="1004" name="width_c1_fu_224">
<pin_list>
<pin id="225" dir="0" index="0" bw="1" slack="0"/>
<pin id="226" dir="1" index="1" bw="32" slack="2"/>
</pin_list>
<bind>
<opcode="alloca(26) " fcode="alloca"/>
<opset="width_c1/1 "/>
</bind>
</comp>

<comp id="228" class="1004" name="stride_c_fu_228">
<pin_list>
<pin id="229" dir="0" index="0" bw="1" slack="0"/>
<pin id="230" dir="1" index="1" bw="32" slack="0"/>
</pin_list>
<bind>
<opcode="alloca(26) " fcode="alloca"/>
<opset="stride_c/1 "/>
</bind>
</comp>

<comp id="232" class="1004" name="height_c_fu_232">
<pin_list>
<pin id="233" dir="0" index="0" bw="1" slack="0"/>
<pin id="234" dir="1" index="1" bw="32" slack="0"/>
</pin_list>
<bind>
<opcode="alloca(26) " fcode="alloca"/>
<opset="height_c/1 "/>
</bind>
</comp>

<comp id="236" class="1004" name="width_c_fu_236">
<pin_list>
<pin id="237" dir="0" index="0" bw="1" slack="0"/>
<pin id="238" dir="1" index="1" bw="32" slack="0"/>
</pin_list>
<bind>
<opcode="alloca(26) " fcode="alloca"/>
<opset="width_c/1 "/>
</bind>
</comp>

<comp id="240" class="1004" name="src_pixels_V_fu_240">
<pin_list>
<pin id="241" dir="0" index="0" bw="1" slack="0"/>
<pin id="242" dir="1" index="1" bw="8" slack="0"/>
</pin_list>
<bind>
<opcode="alloca(26) " fcode="alloca"/>
<opset="src_pixels_V/1 "/>
</bind>
</comp>

<comp id="244" class="1004" name="dst_pixels_V_fu_244">
<pin_list>
<pin id="245" dir="0" index="0" bw="1" slack="0"/>
<pin id="246" dir="1" index="1" bw="8" slack="2"/>
</pin_list>
<bind>
<opcode="alloca(26) " fcode="alloca"/>
<opset="dst_pixels_V/1 "/>
</bind>
</comp>

<comp id="248" class="1004" name="dst_V_read_read_fu_248">
<pin_list>
<pin id="249" dir="0" index="0" bw="64" slack="0"/>
<pin id="250" dir="0" index="1" bw="64" slack="0"/>
<pin id="251" dir="1" index="2" bw="64" slack="0"/>
</pin_list>
<bind>
<opcode="read(1150) " fcode="read"/>
<opset="dst_V_read/1 "/>
</bind>
</comp>

<comp id="254" class="1004" name="stride_read_read_fu_254">
<pin_list>
<pin id="255" dir="0" index="0" bw="32" slack="0"/>
<pin id="256" dir="0" index="1" bw="32" slack="0"/>
<pin id="257" dir="1" index="2" bw="32" slack="0"/>
</pin_list>
<bind>
<opcode="read(1150) " fcode="read"/>
<opset="stride_read/1 "/>
</bind>
</comp>

<comp id="260" class="1004" name="height_read_read_fu_260">
<pin_list>
<pin id="261" dir="0" index="0" bw="32" slack="0"/>
<pin id="262" dir="0" index="1" bw="32" slack="0"/>
<pin id="263" dir="1" index="2" bw="32" slack="0"/>
</pin_list>
<bind>
<opcode="read(1150) " fcode="read"/>
<opset="height_read/1 "/>
</bind>
</comp>

<comp id="266" class="1004" name="width_read_read_fu_266">
<pin_list>
<pin id="267" dir="0" index="0" bw="32" slack="0"/>
<pin id="268" dir="0" index="1" bw="32" slack="0"/>
<pin id="269" dir="1" index="2" bw="32" slack="0"/>
</pin_list>
<bind>
<opcode="read(1150) " fcode="read"/>
<opset="width_read/1 "/>
</bind>
</comp>

<comp id="272" class="1004" name="src_V_read_read_fu_272">
<pin_list>
<pin id="273" dir="0" index="0" bw="64" slack="0"/>
<pin id="274" dir="0" index="1" bw="64" slack="0"/>
<pin id="275" dir="1" index="2" bw="64" slack="0"/>
</pin_list>
<bind>
<opcode="read(1150) " fcode="read"/>
<opset="src_V_read/1 "/>
</bind>
</comp>

<comp id="278" class="1004" name="coeffs_read_read_fu_278">
<pin_list>
<pin id="279" dir="0" index="0" bw="64" slack="0"/>
<pin id="280" dir="0" index="1" bw="64" slack="0"/>
<pin id="281" dir="1" index="2" bw="64" slack="0"/>
</pin_list>
<bind>
<opcode="read(1150) " fcode="read"/>
<opset="coeffs_read/1 "/>
</bind>
</comp>

<comp id="284" class="1004" name="grp_Filter2D_fu_284">
<pin_list>
<pin id="285" dir="0" index="0" bw="0" slack="0"/>
<pin id="286" dir="0" index="1" bw="256" slack="0"/>
<pin id="287" dir="0" index="2" bw="64" slack="2"/>
<pin id="288" dir="0" index="3" bw="8" slack="2"/>
<pin id="289" dir="0" index="4" bw="32" slack="2"/>
<pin id="290" dir="0" index="5" bw="32" slack="2"/>
<pin id="291" dir="0" index="6" bw="8" slack="2"/>
<pin id="292" dir="0" index="7" bw="32" slack="2"/>
<pin id="293" dir="0" index="8" bw="32" slack="2"/>
<pin id="294" dir="1" index="9" bw="0" slack="2147483647"/>
</pin_list>
<bind>
<opcode="call(48) " fcode="call"/>
<opset="StgValue_24/3 "/>
</bind>
</comp>

<comp id="297" class="1004" name="grp_PixelStream2AXIBursts_fu_297">
<pin_list>
<pin id="298" dir="0" index="0" bw="0" slack="0"/>
<pin id="299" dir="0" index="1" bw="8" slack="4"/>
<pin id="300" dir="0" index="2" bw="32" slack="4"/>
<pin id="301" dir="0" index="3" bw="32" slack="4"/>
<pin id="302" dir="0" index="4" bw="32" slack="4"/>
<pin id="303" dir="0" index="5" bw="256" slack="0"/>
<pin id="304" dir="0" index="6" bw="64" slack="4"/>
<pin id="305" dir="1" index="7" bw="0" slack="2147483647"/>
</pin_list>
<bind>
<opcode="call(48) " fcode="call"/>
<opset="StgValue_26/5 "/>
</bind>
</comp>

<comp id="308" class="1004" name="grp_AXIBursts2PixelStream8_fu_308">
<pin_list>
<pin id="309" dir="0" index="0" bw="0" slack="0"/>
<pin id="310" dir="0" index="1" bw="256" slack="0"/>
<pin id="311" dir="0" index="2" bw="64" slack="0"/>
<pin id="312" dir="0" index="3" bw="32" slack="0"/>
<pin id="313" dir="0" index="4" bw="32" slack="0"/>
<pin id="314" dir="0" index="5" bw="32" slack="0"/>
<pin id="315" dir="0" index="6" bw="8" slack="0"/>
<pin id="316" dir="0" index="7" bw="32" slack="0"/>
<pin id="317" dir="0" index="8" bw="32" slack="0"/>
<pin id="318" dir="0" index="9" bw="32" slack="0"/>
<pin id="319" dir="0" index="10" bw="64" slack="0"/>
<pin id="320" dir="0" index="11" bw="64" slack="0"/>
<pin id="321" dir="0" index="12" bw="64" slack="0"/>
<pin id="322" dir="0" index="13" bw="64" slack="0"/>
<pin id="323" dir="1" index="14" bw="0" slack="2147483647"/>
</pin_list>
<bind>
<opcode="call(48) " fcode="call"/>
<opset="StgValue_22/1 "/>
</bind>
</comp>

<comp id="332" class="1005" name="dst_V_read_reg_332">
<pin_list>
<pin id="333" dir="0" index="0" bw="64" slack="1"/>
<pin id="334" dir="1" index="1" bw="64" slack="1"/>
</pin_list>
<bind>
<opset="dst_V_read "/>
</bind>
</comp>

<comp id="337" class="1005" name="stride_read_reg_337">
<pin_list>
<pin id="338" dir="0" index="0" bw="32" slack="1"/>
<pin id="339" dir="1" index="1" bw="32" slack="1"/>
</pin_list>
<bind>
<opset="stride_read "/>
</bind>
</comp>

<comp id="342" class="1005" name="height_read_reg_342">
<pin_list>
<pin id="343" dir="0" index="0" bw="32" slack="1"/>
<pin id="344" dir="1" index="1" bw="32" slack="1"/>
</pin_list>
<bind>
<opset="height_read "/>
</bind>
</comp>

<comp id="347" class="1005" name="width_read_reg_347">
<pin_list>
<pin id="348" dir="0" index="0" bw="32" slack="1"/>
<pin id="349" dir="1" index="1" bw="32" slack="1"/>
</pin_list>
<bind>
<opset="width_read "/>
</bind>
</comp>

<comp id="352" class="1005" name="src_V_read_reg_352">
<pin_list>
<pin id="353" dir="0" index="0" bw="64" slack="1"/>
<pin id="354" dir="1" index="1" bw="64" slack="1"/>
</pin_list>
<bind>
<opset="src_V_read "/>
</bind>
</comp>

<comp id="357" class="1005" name="coeffs_read_reg_357">
<pin_list>
<pin id="358" dir="0" index="0" bw="64" slack="1"/>
<pin id="359" dir="1" index="1" bw="64" slack="1"/>
</pin_list>
<bind>
<opset="coeffs_read "/>
</bind>
</comp>

<comp id="362" class="1005" name="dst_V_c_reg_362">
<pin_list>
<pin id="363" dir="0" index="0" bw="64" slack="0"/>
<pin id="364" dir="1" index="1" bw="64" slack="0"/>
</pin_list>
<bind>
<opset="dst_V_c "/>
</bind>
</comp>

<comp id="368" class="1005" name="coeffs_c_reg_368">
<pin_list>
<pin id="369" dir="0" index="0" bw="64" slack="0"/>
<pin id="370" dir="1" index="1" bw="64" slack="0"/>
</pin_list>
<bind>
<opset="coeffs_c "/>
</bind>
</comp>

<comp id="374" class="1005" name="height_c2_reg_374">
<pin_list>
<pin id="375" dir="0" index="0" bw="32" slack="2"/>
<pin id="376" dir="1" index="1" bw="32" slack="2"/>
</pin_list>
<bind>
<opset="height_c2 "/>
</bind>
</comp>

<comp id="380" class="1005" name="width_c1_reg_380">
<pin_list>
<pin id="381" dir="0" index="0" bw="32" slack="2"/>
<pin id="382" dir="1" index="1" bw="32" slack="2"/>
</pin_list>
<bind>
<opset="width_c1 "/>
</bind>
</comp>

<comp id="386" class="1005" name="stride_c_reg_386">
<pin_list>
<pin id="387" dir="0" index="0" bw="32" slack="0"/>
<pin id="388" dir="1" index="1" bw="32" slack="0"/>
</pin_list>
<bind>
<opset="stride_c "/>
</bind>
</comp>

<comp id="392" class="1005" name="height_c_reg_392">
<pin_list>
<pin id="393" dir="0" index="0" bw="32" slack="0"/>
<pin id="394" dir="1" index="1" bw="32" slack="0"/>
</pin_list>
<bind>
<opset="height_c "/>
</bind>
</comp>

<comp id="398" class="1005" name="width_c_reg_398">
<pin_list>
<pin id="399" dir="0" index="0" bw="32" slack="0"/>
<pin id="400" dir="1" index="1" bw="32" slack="0"/>
</pin_list>
<bind>
<opset="width_c "/>
</bind>
</comp>

<comp id="404" class="1005" name="src_pixels_V_reg_404">
<pin_list>
<pin id="405" dir="0" index="0" bw="8" slack="0"/>
<pin id="406" dir="1" index="1" bw="8" slack="0"/>
</pin_list>
<bind>
<opset="src_pixels_V "/>
</bind>
</comp>

<comp id="410" class="1005" name="dst_pixels_V_reg_410">
<pin_list>
<pin id="411" dir="0" index="0" bw="8" slack="2"/>
<pin id="412" dir="1" index="1" bw="8" slack="2"/>
</pin_list>
<bind>
<opset="dst_pixels_V "/>
</bind>
</comp>

</comp_list>

<net_list>
<net id="215"><net_src comp="20" pin="0"/><net_sink comp="212" pin=0"/></net>

<net id="219"><net_src comp="20" pin="0"/><net_sink comp="216" pin=0"/></net>

<net id="223"><net_src comp="20" pin="0"/><net_sink comp="220" pin=0"/></net>

<net id="227"><net_src comp="20" pin="0"/><net_sink comp="224" pin=0"/></net>

<net id="231"><net_src comp="20" pin="0"/><net_sink comp="228" pin=0"/></net>

<net id="235"><net_src comp="20" pin="0"/><net_sink comp="232" pin=0"/></net>

<net id="239"><net_src comp="20" pin="0"/><net_sink comp="236" pin=0"/></net>

<net id="243"><net_src comp="20" pin="0"/><net_sink comp="240" pin=0"/></net>

<net id="247"><net_src comp="20" pin="0"/><net_sink comp="244" pin=0"/></net>

<net id="252"><net_src comp="16" pin="0"/><net_sink comp="248" pin=0"/></net>

<net id="253"><net_src comp="14" pin="0"/><net_sink comp="248" pin=1"/></net>

<net id="258"><net_src comp="18" pin="0"/><net_sink comp="254" pin=0"/></net>

<net id="259"><net_src comp="12" pin="0"/><net_sink comp="254" pin=1"/></net>

<net id="264"><net_src comp="18" pin="0"/><net_sink comp="260" pin=0"/></net>

<net id="265"><net_src comp="10" pin="0"/><net_sink comp="260" pin=1"/></net>

<net id="270"><net_src comp="18" pin="0"/><net_sink comp="266" pin=0"/></net>

<net id="271"><net_src comp="8" pin="0"/><net_sink comp="266" pin=1"/></net>

<net id="276"><net_src comp="16" pin="0"/><net_sink comp="272" pin=0"/></net>

<net id="277"><net_src comp="6" pin="0"/><net_sink comp="272" pin=1"/></net>

<net id="282"><net_src comp="16" pin="0"/><net_sink comp="278" pin=0"/></net>

<net id="283"><net_src comp="4" pin="0"/><net_sink comp="278" pin=1"/></net>

<net id="295"><net_src comp="24" pin="0"/><net_sink comp="284" pin=0"/></net>

<net id="296"><net_src comp="0" pin="0"/><net_sink comp="284" pin=1"/></net>

<net id="306"><net_src comp="26" pin="0"/><net_sink comp="297" pin=0"/></net>

<net id="307"><net_src comp="0" pin="0"/><net_sink comp="297" pin=5"/></net>

<net id="324"><net_src comp="22" pin="0"/><net_sink comp="308" pin=0"/></net>

<net id="325"><net_src comp="2" pin="0"/><net_sink comp="308" pin=1"/></net>

<net id="326"><net_src comp="272" pin="2"/><net_sink comp="308" pin=2"/></net>

<net id="327"><net_src comp="266" pin="2"/><net_sink comp="308" pin=3"/></net>

<net id="328"><net_src comp="260" pin="2"/><net_sink comp="308" pin=4"/></net>

<net id="329"><net_src comp="254" pin="2"/><net_sink comp="308" pin=5"/></net>

<net id="330"><net_src comp="278" pin="2"/><net_sink comp="308" pin=10"/></net>

<net id="331"><net_src comp="248" pin="2"/><net_sink comp="308" pin=11"/></net>

<net id="335"><net_src comp="248" pin="2"/><net_sink comp="332" pin=0"/></net>

<net id="336"><net_src comp="332" pin="1"/><net_sink comp="308" pin=11"/></net>

<net id="340"><net_src comp="254" pin="2"/><net_sink comp="337" pin=0"/></net>

<net id="341"><net_src comp="337" pin="1"/><net_sink comp="308" pin=5"/></net>

<net id="345"><net_src comp="260" pin="2"/><net_sink comp="342" pin=0"/></net>

<net id="346"><net_src comp="342" pin="1"/><net_sink comp="308" pin=4"/></net>

<net id="350"><net_src comp="266" pin="2"/><net_sink comp="347" pin=0"/></net>

<net id="351"><net_src comp="347" pin="1"/><net_sink comp="308" pin=3"/></net>

<net id="355"><net_src comp="272" pin="2"/><net_sink comp="352" pin=0"/></net>

<net id="356"><net_src comp="352" pin="1"/><net_sink comp="308" pin=2"/></net>

<net id="360"><net_src comp="278" pin="2"/><net_sink comp="357" pin=0"/></net>

<net id="361"><net_src comp="357" pin="1"/><net_sink comp="308" pin=10"/></net>

<net id="365"><net_src comp="212" pin="1"/><net_sink comp="362" pin=0"/></net>

<net id="366"><net_src comp="362" pin="1"/><net_sink comp="308" pin=13"/></net>

<net id="367"><net_src comp="362" pin="1"/><net_sink comp="297" pin=6"/></net>

<net id="371"><net_src comp="216" pin="1"/><net_sink comp="368" pin=0"/></net>

<net id="372"><net_src comp="368" pin="1"/><net_sink comp="308" pin=12"/></net>

<net id="373"><net_src comp="368" pin="1"/><net_sink comp="284" pin=2"/></net>

<net id="377"><net_src comp="220" pin="1"/><net_sink comp="374" pin=0"/></net>

<net id="378"><net_src comp="374" pin="1"/><net_sink comp="284" pin=8"/></net>

<net id="379"><net_src comp="374" pin="1"/><net_sink comp="297" pin=3"/></net>

<net id="383"><net_src comp="224" pin="1"/><net_sink comp="380" pin=0"/></net>

<net id="384"><net_src comp="380" pin="1"/><net_sink comp="284" pin=7"/></net>

<net id="385"><net_src comp="380" pin="1"/><net_sink comp="297" pin=2"/></net>

<net id="389"><net_src comp="228" pin="1"/><net_sink comp="386" pin=0"/></net>

<net id="390"><net_src comp="386" pin="1"/><net_sink comp="308" pin=9"/></net>

<net id="391"><net_src comp="386" pin="1"/><net_sink comp="297" pin=4"/></net>

<net id="395"><net_src comp="232" pin="1"/><net_sink comp="392" pin=0"/></net>

<net id="396"><net_src comp="392" pin="1"/><net_sink comp="308" pin=8"/></net>

<net id="397"><net_src comp="392" pin="1"/><net_sink comp="284" pin=5"/></net>

<net id="401"><net_src comp="236" pin="1"/><net_sink comp="398" pin=0"/></net>

<net id="402"><net_src comp="398" pin="1"/><net_sink comp="308" pin=7"/></net>

<net id="403"><net_src comp="398" pin="1"/><net_sink comp="284" pin=4"/></net>

<net id="407"><net_src comp="240" pin="1"/><net_sink comp="404" pin=0"/></net>

<net id="408"><net_src comp="404" pin="1"/><net_sink comp="308" pin=6"/></net>

<net id="409"><net_src comp="404" pin="1"/><net_sink comp="284" pin=3"/></net>

<net id="413"><net_src comp="244" pin="1"/><net_sink comp="410" pin=0"/></net>

<net id="414"><net_src comp="410" pin="1"/><net_sink comp="284" pin=6"/></net>

<net id="415"><net_src comp="410" pin="1"/><net_sink comp="297" pin=1"/></net>

</net_list>

</model> 
---------------- Datapath Model END ------------------

* FSMD analyzer results:
  - Output states:
	Port: gmem1 | {5 6 }
 - Input state : 
	Port: Filter2DKernel : gmem1 | {3 4 }
	Port: Filter2DKernel : gmem0 | {1 2 }
	Port: Filter2DKernel : coeffs | {1 }
	Port: Filter2DKernel : src_V | {1 }
	Port: Filter2DKernel : width | {1 }
	Port: Filter2DKernel : height | {1 }
	Port: Filter2DKernel : stride | {1 }
	Port: Filter2DKernel : dst_V | {1 }
  - Chain level:
	State 1
		StgValue_22 : 1
	State 2
	State 3
	State 4
	State 5
	State 6


============================================================
+ Verbose Summary: Datapath Resource usage 
============================================================

* Functional unit list:
|----------|-----------------------------------|---------|---------|---------|---------|---------|
| Operation|          Functional Unit          |   BRAM  |  DSP48E |  Delay  |    FF   |   LUT   |
|----------|-----------------------------------|---------|---------|---------|---------|---------|
|          |        grp_Filter2D_fu_284        |    30   |   904   | 282.204 |  70289  |  33113  |
|   call   |  grp_PixelStream2AXIBursts_fu_297 |    8    |    0    | 3.02925 |   1460  |   936   |
|          | grp_AXIBursts2PixelStream8_fu_308 |    8    |    0    | 3.73758 |   1186  |   1081  |
|----------|-----------------------------------|---------|---------|---------|---------|---------|
|          |       dst_V_read_read_fu_248      |    0    |    0    |    0    |    0    |    0    |
|          |      stride_read_read_fu_254      |    0    |    0    |    0    |    0    |    0    |
|   read   |      height_read_read_fu_260      |    0    |    0    |    0    |    0    |    0    |
|          |       width_read_read_fu_266      |    0    |    0    |    0    |    0    |    0    |
|          |       src_V_read_read_fu_272      |    0    |    0    |    0    |    0    |    0    |
|          |      coeffs_read_read_fu_278      |    0    |    0    |    0    |    0    |    0    |
|----------|-----------------------------------|---------|---------|---------|---------|---------|
|   Total  |                                   |    46   |   904   | 288.971 |  72935  |  35130  |
|----------|-----------------------------------|---------|---------|---------|---------|---------|

Memories:
N/A

* Register list:
+--------------------+--------+
|                    |   FF   |
+--------------------+--------+
|  coeffs_c_reg_368  |   64   |
| coeffs_read_reg_357|   64   |
|   dst_V_c_reg_362  |   64   |
| dst_V_read_reg_332 |   64   |
|dst_pixels_V_reg_410|    8   |
|  height_c2_reg_374 |   32   |
|  height_c_reg_392  |   32   |
| height_read_reg_342|   32   |
| src_V_read_reg_352 |   64   |
|src_pixels_V_reg_404|    8   |
|  stride_c_reg_386  |   32   |
| stride_read_reg_337|   32   |
|  width_c1_reg_380  |   32   |
|   width_c_reg_398  |   32   |
| width_read_reg_347 |   32   |
+--------------------+--------+
|        Total       |   592  |
+--------------------+--------+

* Multiplexer (MUX) list: 
|-----------------------------------|------|------|------|--------||---------||---------|
|                Comp               |  Pin | Size |  BW  | S x BW ||  Delay  ||   LUT   |
|-----------------------------------|------|------|------|--------||---------||---------|
| grp_AXIBursts2PixelStream8_fu_308 |  p2  |   2  |  64  |   128  ||    9    |
| grp_AXIBursts2PixelStream8_fu_308 |  p3  |   2  |  32  |   64   ||    9    |
| grp_AXIBursts2PixelStream8_fu_308 |  p4  |   2  |  32  |   64   ||    9    |
| grp_AXIBursts2PixelStream8_fu_308 |  p5  |   2  |  32  |   64   ||    9    |
| grp_AXIBursts2PixelStream8_fu_308 |  p10 |   2  |  64  |   128  ||    9    |
| grp_AXIBursts2PixelStream8_fu_308 |  p11 |   2  |  64  |   128  ||    9    |
|-----------------------------------|------|------|------|--------||---------||---------|
|               Total               |      |      |      |   576  ||  3.618  ||    54   |
|-----------------------------------|------|------|------|--------||---------||---------|



* Summary:
+-----------+--------+--------+--------+--------+--------+
|           |  BRAM  | DSP48E |  Delay |   FF   |   LUT  |
+-----------+--------+--------+--------+--------+--------+
|  Function |   46   |   904  |   288  |  72935 |  35130 |
|   Memory  |    -   |    -   |    -   |    -   |    -   |
|Multiplexer|    -   |    -   |    3   |    -   |   54   |
|  Register |    -   |    -   |    -   |   592  |    -   |
+-----------+--------+--------+--------+--------+--------+
|   Total   |   46   |   904  |   292  |  73527 |  35184 |
+-----------+--------+--------+--------+--------+--------+
