#-----------------------------------------------------------
# Vivado v2017.1_sdxop (64-bit)
# SW Build 1933108 on Fri Jul 14 11:54:19 MDT 2017
# IP Build 1908669 on Fri Jul 14 13:31:24 MDT 2017
# Start of session at: Tue Apr 17 05:37:29 2018
# Process ID: 11803
# Current directory: /home/centos/SME-Developer-Labs/module_02/filter2d/workspace/Filter2D/Emulation-HW/_xocc_compile_binary_container_1_Filter2DKernel/impl/kernels/Filter2DKernel/Filter2DKernel/solution_OCL_REGION_0/impl/ip
# Command line: vivado -notrace -mode batch -source run_ippack.tcl
# Log file: /home/centos/SME-Developer-Labs/module_02/filter2d/workspace/Filter2D/Emulation-HW/_xocc_compile_binary_container_1_Filter2DKernel/impl/kernels/Filter2DKernel/Filter2DKernel/solution_OCL_REGION_0/impl/ip/vivado.log
# Journal file: /home/centos/SME-Developer-Labs/module_02/filter2d/workspace/Filter2D/Emulation-HW/_xocc_compile_binary_container_1_Filter2DKernel/impl/kernels/Filter2DKernel/Filter2DKernel/solution_OCL_REGION_0/impl/ip/vivado.jou
#-----------------------------------------------------------
INFO: [Common 17-1460] Use of init.tcl in /opt/Xilinx/SDx/2017.1.op/Vivado/scripts/init.tcl is deprecated. Please use Vivado_init.tcl 
Sourcing tcl script '/opt/Xilinx/SDx/2017.1.op/Vivado/scripts/init.tcl'
0 Beta devices matching pattern found, 0 enabled.
Loaded SDSoC Platform Tcl Library
source run_ippack.tcl -notrace
INFO: [IP_Flow 19-234] Refreshing IP repositories
INFO: [IP_Flow 19-1704] No user IP repositories specified
INFO: [IP_Flow 19-2313] Loaded Vivado IP repository '/opt/Xilinx/SDx/2017.1.op/Vivado/data/ip'.
WARNING: [Vivado 12-4404] The CPU emulation flow is not supported when using a packaged XO file with XOCC.
INFO: [Common 17-206] Exiting Vivado at Tue Apr 17 05:37:43 2018...
