
*** Running vivado_hls
    with args -f Filter2DKernel.tcl -messageDb vivado_hls.pb

================================================================
  Vivado(TM) HLS - High-Level Synthesis from C, C++ and SystemC
  Version 2017.1
  Build 1846317 on Fri Jul 14 12:21:14 MDT 2017
  Copyright (C) 1986-2017 Xilinx, Inc. All Rights Reserved.
================================================================
INFO: [HLS 200-10] Running '/opt/Xilinx/SDx/2017.1.op/Vivado_HLS/bin/unwrapped/lnx64.o/vivado_hls'
INFO: [HLS 200-10] For user 'centos' on host 'ip-172-31-31-101.ec2.internal' (Linux_x86_64 version 3.10.0-693.2.2.el7.x86_64) on Tue Apr 17 05:36:09 UTC 2018
INFO: [HLS 200-10] On os "CentOS Linux release 7.4.1708 (Core) "
INFO: [HLS 200-10] In directory '/home/centos/SME-Developer-Labs/module_02/filter2d/workspace/Filter2D/Emulation-HW/_xocc_compile_binary_container_1_Filter2DKernel/impl/kernels/Filter2DKernel'
INFO: [HLS 200-10] Creating and opening project '/home/centos/SME-Developer-Labs/module_02/filter2d/workspace/Filter2D/Emulation-HW/_xocc_compile_binary_container_1_Filter2DKernel/impl/kernels/Filter2DKernel/Filter2DKernel'.
INFO: [HLS 200-10] Adding design file '/home/centos/SME-Developer-Labs/module_02/filter2d/workspace/Filter2D/src/kernel/filter2d.cpp' to the project
INFO: [HLS 200-10] Adding design file '/home/centos/SME-Developer-Labs/module_02/filter2d/workspace/Filter2D/src/kernel/axi2stream.cpp' to the project
INFO: [HLS 200-10] Creating and opening solution '/home/centos/SME-Developer-Labs/module_02/filter2d/workspace/Filter2D/Emulation-HW/_xocc_compile_binary_container_1_Filter2DKernel/impl/kernels/Filter2DKernel/Filter2DKernel/solution_OCL_REGION_0'.
INFO: [HLS 200-10] Setting target device to 'xcvu9p-flgb2104-2-i'
INFO: [SYN 201-201] Setting up clock 'default' with a period of 4ns.
INFO: [SYN 201-201] Setting up clock 'default' with an uncertainty of 1.08ns.
INFO: [SCHED 204-61] Option 'relax_ii_for_timing' is enabled, will increase II to preserve clock frequency constraints.
INFO: [XFORM 203-1171] Pipeline the innermost loop with trip count more than 64 or its parent loop when its trip count is less than or equal 64.
INFO: [XFORM 203-1161] The maximum of name length is set into 256.
INFO: [HLS 200-10] Analyzing design file '/home/centos/SME-Developer-Labs/module_02/filter2d/workspace/Filter2D/src/kernel/axi2stream.cpp' ... 
INFO: [HLS 200-10] Analyzing design file '/home/centos/SME-Developer-Labs/module_02/filter2d/workspace/Filter2D/src/kernel/filter2d.cpp' ... 
INFO: [HLS 200-10] Validating synthesis directives ...
INFO: [HLS 200-111] Finished Checking Pragmas Time (s): cpu = 00:00:53 ; elapsed = 00:00:23 . Memory (MB): peak = 444.664 ; gain = 18.727 ; free physical = 116659 ; free virtual = 156166
INFO: [HLS 200-111] Finished Linking Time (s): cpu = 00:00:53 ; elapsed = 00:00:23 . Memory (MB): peak = 444.664 ; gain = 18.727 ; free physical = 116655 ; free virtual = 156166
INFO: [HLS 200-10] Starting code transformations ...
INFO: [XFORM 203-603] Inlining function 'hls::LineBuffer<15, 3000, unsigned char, 0>::shift_pixels_up' into 'hls::LineBuffer<15, 3000, unsigned char, 0>::shift_up' (/home/centos/SME-Developer-Labs/module_02/filter2d/workspace/Filter2D/src/kernel/hls_video_mem.h:868).
INFO: [XFORM 203-603] Inlining function 'hls::LineBuffer<15, 3000, unsigned char, 0>::shift_up' into 'Window2D<3000u, 15u, 15u, unsigned char>::next' (/home/centos/SME-Developer-Labs/module_02/filter2d/workspace/Filter2D/src/kernel/window_2d.h:34).
INFO: [XFORM 203-603] Inlining function 'hls::LineBuffer<15, 3000, unsigned char, 0>::insert_bottom_row' into 'Window2D<3000u, 15u, 15u, unsigned char>::next' (/home/centos/SME-Developer-Labs/module_02/filter2d/workspace/Filter2D/src/kernel/window_2d.h:39).
INFO: [XFORM 203-603] Inlining function 'hls::LineBuffer<15, 3000, unsigned char, 0>::get_col' into 'Window2D<3000u, 15u, 15u, unsigned char>::next' (/home/centos/SME-Developer-Labs/module_02/filter2d/workspace/Filter2D/src/kernel/window_2d.h:44).
INFO: [XFORM 203-603] Inlining function 'hls::Window<15, 15, unsigned char>::shift_pixels_left' into 'Window2D<3000u, 15u, 15u, unsigned char>::next' (/home/centos/SME-Developer-Labs/module_02/filter2d/workspace/Filter2D/src/kernel/window_2d.h:45).
INFO: [XFORM 203-603] Inlining function 'hls::Window<15, 15, unsigned char>::insert_col' into 'hls::Window<15, 15, unsigned char>::insert_right_col' (/home/centos/SME-Developer-Labs/module_02/filter2d/workspace/Filter2D/src/kernel/hls_video_mem.h:473).
INFO: [XFORM 203-603] Inlining function 'hls::Window<15, 15, unsigned char>::insert_right_col' into 'Window2D<3000u, 15u, 15u, unsigned char>::next' (/home/centos/SME-Developer-Labs/module_02/filter2d/workspace/Filter2D/src/kernel/window_2d.h:46).
INFO: [XFORM 203-603] Inlining function 'hls::Window<15, 15, unsigned char>::insert_pixel' into 'Window2D<3000u, 15u, 15u, unsigned char>::next' (/home/centos/SME-Developer-Labs/module_02/filter2d/workspace/Filter2D/src/kernel/window_2d.h:58).
INFO: [XFORM 203-603] Inlining function 'Window2D<3000u, 15u, 15u, unsigned char>::next' into 'Filter2D' (/home/centos/SME-Developer-Labs/module_02/filter2d/workspace/Filter2D/src/kernel/filter2d.cpp:29).
INFO: [XFORM 203-603] Inlining function 'hls::Window<15, 15, unsigned char>::getval' into 'hls::Window<15, 15, unsigned char>::operator()' (/home/centos/SME-Developer-Labs/module_02/filter2d/workspace/Filter2D/src/kernel/hls_video_mem.h:506).
INFO: [XFORM 203-603] Inlining function 'hls::Window<15, 15, unsigned char>::operator()' into 'Window2D<3000u, 15u, 15u, unsigned char>::operator()' (/home/centos/SME-Developer-Labs/module_02/filter2d/workspace/Filter2D/src/kernel/window_2d.h:68).
INFO: [XFORM 203-603] Inlining function 'Window2D<3000u, 15u, 15u, unsigned char>::operator()' into 'Filter2D' (/home/centos/SME-Developer-Labs/module_02/filter2d/workspace/Filter2D/src/kernel/filter2d.cpp:35).
INFO: [HLS 200-111] Finished Standard Transforms Time (s): cpu = 00:00:54 ; elapsed = 00:00:24 . Memory (MB): peak = 445.074 ; gain = 19.137 ; free physical = 116640 ; free virtual = 156155
INFO: [HLS 200-10] Checking synthesizability ...
WARNING: [SYNCHK 200-23] /home/centos/SME-Developer-Labs/module_02/filter2d/workspace/Filter2D/src/kernel/axi2stream.cpp:93: variable-indexed range selection may cause suboptimal QoR.
INFO: [SYNCHK 200-10] 0 error(s), 1 warning(s).
INFO: [HLS 200-111] Finished Checking Synthesizability Time (s): cpu = 00:00:54 ; elapsed = 00:00:24 . Memory (MB): peak = 572.660 ; gain = 146.723 ; free physical = 116632 ; free virtual = 156147
INFO: [XFORM 203-502] Unrolling all sub-loops inside loop 'pixels2bytes' (/home/centos/SME-Developer-Labs/module_02/filter2d/workspace/Filter2D/src/kernel/axi2stream.cpp:88) in function 'PixelStream2AXIBursts' for pipelining.
INFO: [XFORM 203-502] Unrolling all sub-loops inside loop 'Loop-2.1' (/home/centos/SME-Developer-Labs/module_02/filter2d/workspace/Filter2D/src/kernel/filter2d.cpp:23) in function 'Filter2D' for pipelining.
INFO: [XFORM 203-502] Unrolling all sub-loops inside loop 'bytes2pixels' (/home/centos/SME-Developer-Labs/module_02/filter2d/workspace/Filter2D/src/kernel/axi2stream.cpp:42) in function 'AXIBursts2PixelStream' for pipelining.
INFO: [XFORM 203-501] Unrolling loop 'Loop-1.1.1' (/home/centos/SME-Developer-Labs/module_02/filter2d/workspace/Filter2D/src/kernel/axi2stream.cpp:90) in function 'PixelStream2AXIBursts' completely.
INFO: [XFORM 203-501] Unrolling loop 'Loop-2.1.1' (/home/centos/SME-Developer-Labs/module_02/filter2d/workspace/Filter2D/src/kernel/hls_video_mem.h:732) in function 'Filter2D' completely.
INFO: [XFORM 203-501] Unrolling loop 'Loop-2.1.2' (/home/centos/SME-Developer-Labs/module_02/filter2d/workspace/Filter2D/src/kernel/hls_video_mem.h:828) in function 'Filter2D' completely.
INFO: [XFORM 203-501] Unrolling loop 'Loop-2.1.3' (/home/centos/SME-Developer-Labs/module_02/filter2d/workspace/Filter2D/src/kernel/hls_video_mem.h:128) in function 'Filter2D' completely.
INFO: [XFORM 203-501] Unrolling loop 'Loop-2.1.3.1' (/home/centos/SME-Developer-Labs/module_02/filter2d/workspace/Filter2D/src/kernel/hls_video_mem.h:130) in function 'Filter2D' completely.
INFO: [XFORM 203-501] Unrolling loop 'Loop-2.1.4' (/home/centos/SME-Developer-Labs/module_02/filter2d/workspace/Filter2D/src/kernel/hls_video_mem.h:408) in function 'Filter2D' completely.
INFO: [XFORM 203-501] Unrolling loop 'Loop-2.1.5' (/home/centos/SME-Developer-Labs/module_02/filter2d/workspace/Filter2D/src/kernel/window_2d.h:49) in function 'Filter2D' completely.
INFO: [XFORM 203-501] Unrolling loop 'Loop-2.1.5.1' (/home/centos/SME-Developer-Labs/module_02/filter2d/workspace/Filter2D/src/kernel/window_2d.h:51) in function 'Filter2D' completely.
INFO: [XFORM 203-501] Unrolling loop 'Loop-2.1.6' (/home/centos/SME-Developer-Labs/module_02/filter2d/workspace/Filter2D/src/kernel/filter2d.cpp:33) in function 'Filter2D' completely.
INFO: [XFORM 203-501] Unrolling loop 'Loop-2.1.6.1' (/home/centos/SME-Developer-Labs/module_02/filter2d/workspace/Filter2D/src/kernel/filter2d.cpp:34) in function 'Filter2D' completely.
INFO: [XFORM 203-501] Unrolling loop 'Loop-1.2.1' (/home/centos/SME-Developer-Labs/module_02/filter2d/workspace/Filter2D/src/kernel/axi2stream.cpp:45) in function 'AXIBursts2PixelStream' completely.
INFO: [XFORM 203-101] Partitioning array 'pixelWindow.mPixelWindow.val' (/home/centos/SME-Developer-Labs/module_02/filter2d/workspace/Filter2D/src/kernel/filter2d.cpp:15) in dimension 1 completely.
INFO: [XFORM 203-101] Partitioning array 'pixelWindow.mLineBuffer.val' (/home/centos/SME-Developer-Labs/module_02/filter2d/workspace/Filter2D/src/kernel/filter2d.cpp:15) in dimension 1 completely.
INFO: [XFORM 203-101] Partitioning array 'coeffs' (/home/centos/SME-Developer-Labs/module_02/filter2d/workspace/Filter2D/src/kernel/filter2d.cpp:17) in dimension 1 completely.
INFO: [XFORM 203-101] Partitioning array 'pixBuf' (/home/centos/SME-Developer-Labs/module_02/filter2d/workspace/Filter2D/src/kernel/window_2d.h:28) in dimension 1 completely.
INFO: [XFORM 203-101] Partitioning array 'pixelWindow.mPixelWindow.val.0' (/home/centos/SME-Developer-Labs/module_02/filter2d/workspace/Filter2D/src/kernel/filter2d.cpp:15) in dimension 1 completely.
INFO: [XFORM 203-101] Partitioning array 'pixelWindow.mPixelWindow.val.1' (/home/centos/SME-Developer-Labs/module_02/filter2d/workspace/Filter2D/src/kernel/filter2d.cpp:15) in dimension 1 completely.
INFO: [XFORM 203-101] Partitioning array 'pixelWindow.mPixelWindow.val.2' (/home/centos/SME-Developer-Labs/module_02/filter2d/workspace/Filter2D/src/kernel/filter2d.cpp:15) in dimension 1 completely.
INFO: [XFORM 203-101] Partitioning array 'pixelWindow.mPixelWindow.val.3' (/home/centos/SME-Developer-Labs/module_02/filter2d/workspace/Filter2D/src/kernel/filter2d.cpp:15) in dimension 1 completely.
INFO: [XFORM 203-101] Partitioning array 'pixelWindow.mPixelWindow.val.4' (/home/centos/SME-Developer-Labs/module_02/filter2d/workspace/Filter2D/src/kernel/filter2d.cpp:15) in dimension 1 completely.
INFO: [XFORM 203-101] Partitioning array 'pixelWindow.mPixelWindow.val.5' (/home/centos/SME-Developer-Labs/module_02/filter2d/workspace/Filter2D/src/kernel/filter2d.cpp:15) in dimension 1 completely.
INFO: [XFORM 203-101] Partitioning array 'pixelWindow.mPixelWindow.val.6' (/home/centos/SME-Developer-Labs/module_02/filter2d/workspace/Filter2D/src/kernel/filter2d.cpp:15) in dimension 1 completely.
INFO: [XFORM 203-101] Partitioning array 'pixelWindow.mPixelWindow.val.7' (/home/centos/SME-Developer-Labs/module_02/filter2d/workspace/Filter2D/src/kernel/filter2d.cpp:15) in dimension 1 completely.
INFO: [XFORM 203-101] Partitioning array 'pixelWindow.mPixelWindow.val.8' (/home/centos/SME-Developer-Labs/module_02/filter2d/workspace/Filter2D/src/kernel/filter2d.cpp:15) in dimension 1 completely.
INFO: [XFORM 203-101] Partitioning array 'pixelWindow.mPixelWindow.val.9' (/home/centos/SME-Developer-Labs/module_02/filter2d/workspace/Filter2D/src/kernel/filter2d.cpp:15) in dimension 1 completely.
INFO: [XFORM 203-101] Partitioning array 'pixelWindow.mPixelWindow.val.10' (/home/centos/SME-Developer-Labs/module_02/filter2d/workspace/Filter2D/src/kernel/filter2d.cpp:15) in dimension 1 completely.
INFO: [XFORM 203-101] Partitioning array 'pixelWindow.mPixelWindow.val.11' (/home/centos/SME-Developer-Labs/module_02/filter2d/workspace/Filter2D/src/kernel/filter2d.cpp:15) in dimension 1 completely.
INFO: [XFORM 203-101] Partitioning array 'pixelWindow.mPixelWindow.val.12' (/home/centos/SME-Developer-Labs/module_02/filter2d/workspace/Filter2D/src/kernel/filter2d.cpp:15) in dimension 1 completely.
INFO: [XFORM 203-101] Partitioning array 'pixelWindow.mPixelWindow.val.13' (/home/centos/SME-Developer-Labs/module_02/filter2d/workspace/Filter2D/src/kernel/filter2d.cpp:15) in dimension 1 completely.
INFO: [XFORM 203-101] Partitioning array 'pixelWindow.mPixelWindow.val.14' (/home/centos/SME-Developer-Labs/module_02/filter2d/workspace/Filter2D/src/kernel/filter2d.cpp:15) in dimension 1 completely.
INFO: [XFORM 203-101] Partitioning array 'coeffs.0' (/home/centos/SME-Developer-Labs/module_02/filter2d/workspace/Filter2D/src/kernel/filter2d.cpp:17) in dimension 1 completely.
INFO: [XFORM 203-101] Partitioning array 'coeffs.1' (/home/centos/SME-Developer-Labs/module_02/filter2d/workspace/Filter2D/src/kernel/filter2d.cpp:17) in dimension 1 completely.
INFO: [XFORM 203-101] Partitioning array 'coeffs.2' (/home/centos/SME-Developer-Labs/module_02/filter2d/workspace/Filter2D/src/kernel/filter2d.cpp:17) in dimension 1 completely.
INFO: [XFORM 203-101] Partitioning array 'coeffs.3' (/home/centos/SME-Developer-Labs/module_02/filter2d/workspace/Filter2D/src/kernel/filter2d.cpp:17) in dimension 1 completely.
INFO: [XFORM 203-101] Partitioning array 'coeffs.4' (/home/centos/SME-Developer-Labs/module_02/filter2d/workspace/Filter2D/src/kernel/filter2d.cpp:17) in dimension 1 completely.
INFO: [XFORM 203-101] Partitioning array 'coeffs.5' (/home/centos/SME-Developer-Labs/module_02/filter2d/workspace/Filter2D/src/kernel/filter2d.cpp:17) in dimension 1 completely.
INFO: [XFORM 203-101] Partitioning array 'coeffs.6' (/home/centos/SME-Developer-Labs/module_02/filter2d/workspace/Filter2D/src/kernel/filter2d.cpp:17) in dimension 1 completely.
INFO: [XFORM 203-101] Partitioning array 'coeffs.7' (/home/centos/SME-Developer-Labs/module_02/filter2d/workspace/Filter2D/src/kernel/filter2d.cpp:17) in dimension 1 completely.
INFO: [XFORM 203-101] Partitioning array 'coeffs.8' (/home/centos/SME-Developer-Labs/module_02/filter2d/workspace/Filter2D/src/kernel/filter2d.cpp:17) in dimension 1 completely.
INFO: [XFORM 203-101] Partitioning array 'coeffs.9' (/home/centos/SME-Developer-Labs/module_02/filter2d/workspace/Filter2D/src/kernel/filter2d.cpp:17) in dimension 1 completely.
INFO: [XFORM 203-101] Partitioning array 'coeffs.10' (/home/centos/SME-Developer-Labs/module_02/filter2d/workspace/Filter2D/src/kernel/filter2d.cpp:17) in dimension 1 completely.
INFO: [XFORM 203-101] Partitioning array 'coeffs.11' (/home/centos/SME-Developer-Labs/module_02/filter2d/workspace/Filter2D/src/kernel/filter2d.cpp:17) in dimension 1 completely.
INFO: [XFORM 203-101] Partitioning array 'coeffs.12' (/home/centos/SME-Developer-Labs/module_02/filter2d/workspace/Filter2D/src/kernel/filter2d.cpp:17) in dimension 1 completely.
INFO: [XFORM 203-101] Partitioning array 'coeffs.13' (/home/centos/SME-Developer-Labs/module_02/filter2d/workspace/Filter2D/src/kernel/filter2d.cpp:17) in dimension 1 completely.
INFO: [XFORM 203-101] Partitioning array 'coeffs.14' (/home/centos/SME-Developer-Labs/module_02/filter2d/workspace/Filter2D/src/kernel/filter2d.cpp:17) in dimension 1 completely.
INFO: [XFORM 203-712] Applying dataflow to function 'Filter2DKernel' (/home/centos/SME-Developer-Labs/module_02/filter2d/workspace/Filter2D/src/kernel/filter2d.cpp:56), detected/extracted 3 process function(s):
	 'AXIBursts2PixelStream'
	 'Filter2D'
	 'PixelStream2AXIBursts'.
INFO: [XFORM 203-401] Performing if-conversion on hyperblock from (/home/centos/SME-Developer-Labs/module_02/filter2d/workspace/Filter2D/src/kernel/hls_video_mem.h:638:37) to (/home/centos/SME-Developer-Labs/module_02/filter2d/workspace/Filter2D/src/kernel/filter2d.cpp:44:13) in function 'Filter2D'... converting 589 basic blocks.
INFO: [XFORM 203-11] Balancing expressions in function 'Filter2D' (/home/centos/SME-Developer-Labs/module_02/filter2d/workspace/Filter2D/src/kernel/filter2d.cpp:6)...812 expression(s) balanced.
INFO: [HLS 200-111] Finished Pre-synthesis Time (s): cpu = 00:01:06 ; elapsed = 00:00:36 . Memory (MB): peak = 573.070 ; gain = 147.133 ; free physical = 116567 ; free virtual = 156091
INFO: [XFORM 203-811] Inferring bus burst write of variable length on port 'aximm.V' (/home/centos/SME-Developer-Labs/module_02/filter2d/workspace/Filter2D/src/kernel/axi2stream.cpp:101:2).
INFO: [XFORM 203-811] Inferring bus burst read of variable length on port 'axi.V' (/home/centos/SME-Developer-Labs/module_02/filter2d/workspace/Filter2D/src/kernel/axi2stream.cpp:37:2).
WARNING: [ANALYSIS 214-52] Found false inter dependency for variable 'pixelWindow.mLineBuffer.val[5].i' (/home/centos/SME-Developer-Labs/module_02/filter2d/workspace/Filter2D/src/kernel/filter2d.cpp:15).
WARNING: [ANALYSIS 214-52] Found false inter dependency for variable 'pixelWindow.mLineBuffer.val[0].i' (/home/centos/SME-Developer-Labs/module_02/filter2d/workspace/Filter2D/src/kernel/filter2d.cpp:15).
WARNING: [ANALYSIS 214-52] Found false inter dependency for variable 'pixelWindow.mLineBuffer.val[1].i' (/home/centos/SME-Developer-Labs/module_02/filter2d/workspace/Filter2D/src/kernel/filter2d.cpp:15).
WARNING: [ANALYSIS 214-52] Found false inter dependency for variable 'pixelWindow.mLineBuffer.val[13].i' (/home/centos/SME-Developer-Labs/module_02/filter2d/workspace/Filter2D/src/kernel/filter2d.cpp:15).
WARNING: [ANALYSIS 214-52] Found false inter dependency for variable 'pixelWindow.mLineBuffer.val[14].i' (/home/centos/SME-Developer-Labs/module_02/filter2d/workspace/Filter2D/src/kernel/filter2d.cpp:15).
WARNING: [ANALYSIS 214-52] Found false inter dependency for variable 'pixelWindow.mLineBuffer.val[6].i' (/home/centos/SME-Developer-Labs/module_02/filter2d/workspace/Filter2D/src/kernel/filter2d.cpp:15).
WARNING: [ANALYSIS 214-52] Found false inter dependency for variable 'pixelWindow.mLineBuffer.val[11].i' (/home/centos/SME-Developer-Labs/module_02/filter2d/workspace/Filter2D/src/kernel/filter2d.cpp:15).
WARNING: [ANALYSIS 214-52] Found false inter dependency for variable 'pixelWindow.mLineBuffer.val[7].i' (/home/centos/SME-Developer-Labs/module_02/filter2d/workspace/Filter2D/src/kernel/filter2d.cpp:15).
WARNING: [ANALYSIS 214-52] Found false inter dependency for variable 'pixelWindow.mLineBuffer.val[2].i' (/home/centos/SME-Developer-Labs/module_02/filter2d/workspace/Filter2D/src/kernel/filter2d.cpp:15).
WARNING: [ANALYSIS 214-52] Found false inter dependency for variable 'pixelWindow.mLineBuffer.val[9].i' (/home/centos/SME-Developer-Labs/module_02/filter2d/workspace/Filter2D/src/kernel/filter2d.cpp:15).
WARNING: [ANALYSIS 214-52] Found false inter dependency for variable 'pixelWindow.mLineBuffer.val[12].i' (/home/centos/SME-Developer-Labs/module_02/filter2d/workspace/Filter2D/src/kernel/filter2d.cpp:15).
WARNING: [ANALYSIS 214-52] Found false inter dependency for variable 'pixelWindow.mLineBuffer.val[4].i' (/home/centos/SME-Developer-Labs/module_02/filter2d/workspace/Filter2D/src/kernel/filter2d.cpp:15).
WARNING: [ANALYSIS 214-52] Found false inter dependency for variable 'pixelWindow.mLineBuffer.val[8].i' (/home/centos/SME-Developer-Labs/module_02/filter2d/workspace/Filter2D/src/kernel/filter2d.cpp:15).
WARNING: [ANALYSIS 214-52] Found false inter dependency for variable 'pixelWindow.mLineBuffer.val[3].i' (/home/centos/SME-Developer-Labs/module_02/filter2d/workspace/Filter2D/src/kernel/filter2d.cpp:15).
WARNING: [ANALYSIS 214-52] Found false inter dependency for variable 'pixelWindow.mLineBuffer.val[10].i' (/home/centos/SME-Developer-Labs/module_02/filter2d/workspace/Filter2D/src/kernel/filter2d.cpp:15).
WARNING: [ANALYSIS 214-52] Found false intra dependency for variable 'pixelWindow.mLineBuffer.val[5].i' (/home/centos/SME-Developer-Labs/module_02/filter2d/workspace/Filter2D/src/kernel/filter2d.cpp:15).
WARNING: [ANALYSIS 214-52] Found false intra dependency for variable 'pixelWindow.mLineBuffer.val[0].i' (/home/centos/SME-Developer-Labs/module_02/filter2d/workspace/Filter2D/src/kernel/filter2d.cpp:15).
WARNING: [ANALYSIS 214-52] Found false intra dependency for variable 'pixelWindow.mLineBuffer.val[1].i' (/home/centos/SME-Developer-Labs/module_02/filter2d/workspace/Filter2D/src/kernel/filter2d.cpp:15).
WARNING: [ANALYSIS 214-52] Found false intra dependency for variable 'pixelWindow.mLineBuffer.val[13].i' (/home/centos/SME-Developer-Labs/module_02/filter2d/workspace/Filter2D/src/kernel/filter2d.cpp:15).
WARNING: [ANALYSIS 214-52] Found false intra dependency for variable 'pixelWindow.mLineBuffer.val[14].i' (/home/centos/SME-Developer-Labs/module_02/filter2d/workspace/Filter2D/src/kernel/filter2d.cpp:15).
WARNING: [ANALYSIS 214-52] Found false intra dependency for variable 'pixelWindow.mLineBuffer.val[6].i' (/home/centos/SME-Developer-Labs/module_02/filter2d/workspace/Filter2D/src/kernel/filter2d.cpp:15).
WARNING: [ANALYSIS 214-52] Found false intra dependency for variable 'pixelWindow.mLineBuffer.val[11].i' (/home/centos/SME-Developer-Labs/module_02/filter2d/workspace/Filter2D/src/kernel/filter2d.cpp:15).
WARNING: [ANALYSIS 214-52] Found false intra dependency for variable 'pixelWindow.mLineBuffer.val[7].i' (/home/centos/SME-Developer-Labs/module_02/filter2d/workspace/Filter2D/src/kernel/filter2d.cpp:15).
WARNING: [ANALYSIS 214-52] Found false intra dependency for variable 'pixelWindow.mLineBuffer.val[2].i' (/home/centos/SME-Developer-Labs/module_02/filter2d/workspace/Filter2D/src/kernel/filter2d.cpp:15).
WARNING: [ANALYSIS 214-52] Found false intra dependency for variable 'pixelWindow.mLineBuffer.val[9].i' (/home/centos/SME-Developer-Labs/module_02/filter2d/workspace/Filter2D/src/kernel/filter2d.cpp:15).
WARNING: [ANALYSIS 214-52] Found false intra dependency for variable 'pixelWindow.mLineBuffer.val[12].i' (/home/centos/SME-Developer-Labs/module_02/filter2d/workspace/Filter2D/src/kernel/filter2d.cpp:15).
WARNING: [ANALYSIS 214-52] Found false intra dependency for variable 'pixelWindow.mLineBuffer.val[4].i' (/home/centos/SME-Developer-Labs/module_02/filter2d/workspace/Filter2D/src/kernel/filter2d.cpp:15).
WARNING: [ANALYSIS 214-52] Found false intra dependency for variable 'pixelWindow.mLineBuffer.val[8].i' (/home/centos/SME-Developer-Labs/module_02/filter2d/workspace/Filter2D/src/kernel/filter2d.cpp:15).
WARNING: [ANALYSIS 214-52] Found false intra dependency for variable 'pixelWindow.mLineBuffer.val[3].i' (/home/centos/SME-Developer-Labs/module_02/filter2d/workspace/Filter2D/src/kernel/filter2d.cpp:15).
WARNING: [ANALYSIS 214-52] Found false intra dependency for variable 'pixelWindow.mLineBuffer.val[10].i' (/home/centos/SME-Developer-Labs/module_02/filter2d/workspace/Filter2D/src/kernel/filter2d.cpp:15).
INFO: [HLS 200-111] Finished Architecture Synthesis Time (s): cpu = 00:01:12 ; elapsed = 00:00:42 . Memory (MB): peak = 636.660 ; gain = 210.723 ; free physical = 116543 ; free virtual = 156068
INFO: [HLS 200-10] Starting hardware synthesis ...
INFO: [HLS 200-10] Synthesizing 'Filter2DKernel' ...
INFO: [HLS 200-10] ----------------------------------------------------------------
INFO: [HLS 200-42] -- Implementing module 'AXIBursts2PixelStream8' 
INFO: [HLS 200-10] ----------------------------------------------------------------
INFO: [SCHED 204-11] Starting scheduling ...
INFO: [SCHED 204-61] Pipelining loop 'aximm2bytes'.
INFO: [SCHED 204-61] Pipelining result: Target II: 1, Final II: 1, Depth: 3.
INFO: [SCHED 204-61] Pipelining loop 'bytes2pixels'.
INFO: [SCHED 204-61] Pipelining result: Target II: 32, Final II: 32, Depth: 33.
INFO: [SCHED 204-11] Finished scheduling.
INFO: [HLS 200-111]  Elapsed time: 42.57 seconds; current allocated memory: 150.074 MB.
INFO: [BIND 205-100] Starting micro-architecture generation ...
INFO: [BIND 205-101] Performing variable lifetime analysis.
INFO: [BIND 205-101] Exploring resource sharing.
INFO: [BIND 205-101] Binding ...
INFO: [BIND 205-100] Finished micro-architecture generation.
INFO: [HLS 200-111]  Elapsed time: 0.35 seconds; current allocated memory: 151.333 MB.
INFO: [HLS 200-10] ----------------------------------------------------------------
INFO: [HLS 200-42] -- Implementing module 'Filter2D' 
INFO: [HLS 200-10] ----------------------------------------------------------------
INFO: [SCHED 204-11] Starting scheduling ...
INFO: [SCHED 204-61] Pipelining loop 'memcpy.coeffs.gep.srcCoeffs'.
INFO: [SCHED 204-61] Pipelining result: Target II: 1, Final II: 1, Depth: 10.
INFO: [SCHED 204-61] Pipelining loop 'Loop 2.1'.
INFO: [SCHED 204-61] Pipelining result: Target II: 1, Final II: 1, Depth: 11.
INFO: [SCHED 204-11] Finished scheduling.
INFO: [HLS 200-111]  Elapsed time: 3.49 seconds; current allocated memory: 165.021 MB.
INFO: [BIND 205-100] Starting micro-architecture generation ...
INFO: [BIND 205-101] Performing variable lifetime analysis.
INFO: [BIND 205-101] Exploring resource sharing.
INFO: [BIND 205-101] Binding ...
INFO: [BIND 205-100] Finished micro-architecture generation.
INFO: [HLS 200-111]  Elapsed time: 3.62 seconds; current allocated memory: 176.631 MB.
INFO: [HLS 200-10] ----------------------------------------------------------------
INFO: [HLS 200-42] -- Implementing module 'PixelStream2AXIBursts' 
INFO: [HLS 200-10] ----------------------------------------------------------------
INFO: [SCHED 204-11] Starting scheduling ...
INFO: [SCHED 204-61] Pipelining loop 'pixels2bytes'.
INFO: [SCHED 204-61] Pipelining result: Target II: 32, Final II: 32, Depth: 33.
INFO: [SCHED 204-61] Pipelining loop 'bytes2aximm'.
INFO: [SCHED 204-61] Pipelining result: Target II: 1, Final II: 1, Depth: 3.
INFO: [SCHED 204-11] Finished scheduling.
INFO: [HLS 200-111]  Elapsed time: 4.27 seconds; current allocated memory: 180.736 MB.
INFO: [BIND 205-100] Starting micro-architecture generation ...
INFO: [BIND 205-101] Performing variable lifetime analysis.
INFO: [BIND 205-101] Exploring resource sharing.
INFO: [BIND 205-101] Binding ...
INFO: [BIND 205-100] Finished micro-architecture generation.
INFO: [HLS 200-111]  Elapsed time: 0.32 seconds; current allocated memory: 182.145 MB.
INFO: [HLS 200-10] ----------------------------------------------------------------
INFO: [HLS 200-42] -- Implementing module 'Filter2DKernel' 
INFO: [HLS 200-10] ----------------------------------------------------------------
INFO: [SCHED 204-11] Starting scheduling ...
INFO: [SCHED 204-11] Finished scheduling.
INFO: [HLS 200-111]  Elapsed time: 0.3 seconds; current allocated memory: 182.388 MB.
INFO: [BIND 205-100] Starting micro-architecture generation ...
INFO: [BIND 205-101] Performing variable lifetime analysis.
INFO: [BIND 205-101] Exploring resource sharing.
INFO: [BIND 205-101] Binding ...
INFO: [BIND 205-100] Finished micro-architecture generation.
INFO: [HLS 200-111]  Elapsed time: 2.56 seconds; current allocated memory: 184.250 MB.
INFO: [HLS 200-10] ----------------------------------------------------------------
INFO: [HLS 200-10] -- Generating RTL for module 'AXIBursts2PixelStream8' 
INFO: [HLS 200-10] ----------------------------------------------------------------
INFO: [RTGEN 206-100] Finished creating RTL model for 'AXIBursts2PixelStream8'.
INFO: [HLS 200-111]  Elapsed time: 2.65 seconds; current allocated memory: 188.492 MB.
INFO: [HLS 200-10] ----------------------------------------------------------------
INFO: [HLS 200-10] -- Generating RTL for module 'Filter2D' 
INFO: [HLS 200-10] ----------------------------------------------------------------
INFO: [RTGEN 206-104] Estimated max fanout for 'Filter2D' is 7674 from HDL expression: (ap_block_pp1_stage0_11001 == 1'b0)
INFO: [RTGEN 206-100] Generating core module 'Filter2DKernel_mul_34ns_32s_65_2': 1 instance(s).
INFO: [RTGEN 206-100] Generating core module 'Filter2DKernel_mul_8ns_32s_32_2': 225 instance(s).
INFO: [RTGEN 206-100] Finished creating RTL model for 'Filter2D'.
INFO: [HLS 200-111]  Elapsed time: 1.78 seconds; current allocated memory: 212.699 MB.
INFO: [HLS 200-10] ----------------------------------------------------------------
INFO: [HLS 200-10] -- Generating RTL for module 'PixelStream2AXIBursts' 
INFO: [HLS 200-10] ----------------------------------------------------------------
INFO: [RTGEN 206-100] Finished creating RTL model for 'PixelStream2AXIBursts'.
INFO: [HLS 200-111]  Elapsed time: 9.38 seconds; current allocated memory: 267.545 MB.
INFO: [HLS 200-10] ----------------------------------------------------------------
INFO: [HLS 200-10] -- Generating RTL for module 'Filter2DKernel' 
INFO: [HLS 200-10] ----------------------------------------------------------------
INFO: [RTGEN 206-500] Setting interface mode on port 'Filter2DKernel/gmem1' to 'm_axi'.
INFO: [RTGEN 206-500] Setting interface mode on port 'Filter2DKernel/gmem0' to 'm_axi'.
INFO: [RTGEN 206-500] Setting interface mode on port 'Filter2DKernel/coeffs' to 's_axilite & ap_none'.
INFO: [RTGEN 206-500] Setting interface mode on port 'Filter2DKernel/src_V' to 's_axilite & ap_none'.
INFO: [RTGEN 206-500] Setting interface mode on port 'Filter2DKernel/width' to 's_axilite & ap_none'.
INFO: [RTGEN 206-500] Setting interface mode on port 'Filter2DKernel/height' to 's_axilite & ap_none'.
INFO: [RTGEN 206-500] Setting interface mode on port 'Filter2DKernel/stride' to 's_axilite & ap_none'.
INFO: [RTGEN 206-500] Setting interface mode on port 'Filter2DKernel/dst_V' to 's_axilite & ap_none'.
INFO: [RTGEN 206-500] Setting interface mode on function 'Filter2DKernel' to 's_axilite & ap_ctrl_hs'.
INFO: [RTGEN 206-100] Bundling port 'return', 'coeffs', 'src_V', 'height', 'stride' and 'dst_V' to AXI-Lite port control.
INFO: [RTGEN 206-100] Finished creating RTL model for 'Filter2DKernel'.
INFO: [HLS 200-111]  Elapsed time: 1.58 seconds; current allocated memory: 274.672 MB.
INFO: [RTMG 210-278] Implementing memory 'AXIBursts2PixelStream8_buff_V_ram (RAM)' using block RAMs.
INFO: [RTMG 210-282] Generating pipelined core: 'Filter2DKernel_mul_8ns_32s_32_2_MulnS_0'
INFO: [RTMG 210-282] Generating pipelined core: 'Filter2DKernel_mul_34ns_32s_65_2_MulnS_1'
INFO: [RTMG 210-278] Implementing memory 'Filter2D_pixelWindow_mLineBuffer_val_0_ram (RAM)' using block RAMs.
INFO: [RTMG 210-278] Implementing memory 'Filter2D_pixelWindow_mLineBuffer_val_1_ram (RAM)' using block RAMs.
INFO: [RTMG 210-285] Implementing FIFO 'fifo_w8_d64_A' using Shift Registers.
INFO: [RTMG 210-285] Implementing FIFO 'fifo_w32_d2_A' using Shift Registers.
INFO: [RTMG 210-285] Implementing FIFO 'fifo_w64_d2_A' using Shift Registers.
INFO: [RTMG 210-285] Implementing FIFO 'fifo_w8_d64_A' using Shift Registers.
INFO: [HLS 200-111] Finished generating all RTL models Time (s): cpu = 00:01:41 ; elapsed = 00:01:18 . Memory (MB): peak = 717.879 ; gain = 291.941 ; free physical = 116343 ; free virtual = 155929
INFO: [SYSC 207-301] Generating SystemC RTL for Filter2DKernel.
INFO: [VHDL 208-304] Generating VHDL RTL for Filter2DKernel.
INFO: [VLOG 209-307] Generating Verilog RTL for Filter2DKernel.
INFO: [IMPL 213-8] Exporting RTL as an IP in IP-XACT.

****** Vivado v2017.1_sdxop (64-bit)
  **** SW Build 1933108 on Fri Jul 14 11:54:19 MDT 2017
  **** IP Build 1908669 on Fri Jul 14 13:31:24 MDT 2017
    ** Copyright 1986-2017 Xilinx, Inc. All Rights Reserved.

INFO: [Common 17-1460] Use of init.tcl in /opt/Xilinx/SDx/2017.1.op/Vivado/scripts/init.tcl is deprecated. Please use Vivado_init.tcl 
Sourcing tcl script '/opt/Xilinx/SDx/2017.1.op/Vivado/scripts/init.tcl'
0 Beta devices matching pattern found, 0 enabled.
Loaded SDSoC Platform Tcl Library
source run_ippack.tcl -notrace
INFO: [IP_Flow 19-234] Refreshing IP repositories
INFO: [IP_Flow 19-1704] No user IP repositories specified
INFO: [IP_Flow 19-2313] Loaded Vivado IP repository '/opt/Xilinx/SDx/2017.1.op/Vivado/data/ip'.
WARNING: [Vivado 12-4404] The CPU emulation flow is not supported when using a packaged XO file with XOCC.
Add Instance Filter2D Filter2D_U0 284
Add Instance PixelStream2AXIBursts PixelStream2AXIBursts_U0 297
Add Instance AXIBursts2PixelStream8 AXIBursts2PixelStream8_U0 308
INFO: [Common 17-206] Exiting Vivado at Tue Apr 17 05:37:43 2018...
Vivado HLS completed successfully
INFO: [HLS 200-112] Total elapsed time: 112.7 seconds; peak allocated memory: 274.672 MB.
