

================================================================
== Vivado HLS Report for 'Filter2DKernel'
================================================================
* Date:           Tue Apr 17 05:37:24 2018

* Version:        2017.1 (Build 1846317 on Fri Jul 14 12:21:14 MDT 2017)
* Project:        Filter2DKernel
* Solution:       solution_OCL_REGION_0
* Product family: virtexuplus
* Target device:  xcvu9p-flgb2104-2-i


================================================================
== Performance Estimates
================================================================
+ Timing (ns): 
    * Summary: 
    +--------+-------+----------+------------+
    |  Clock | Target| Estimated| Uncertainty|
    +--------+-------+----------+------------+
    |ap_clk  |   4.00|      2.92|        1.08|
    +--------+-------+----------+------------+

+ Latency (clock cycles): 
    * Summary: 
    +-----+------------+-----+------------+----------+
    |      Latency     |     Interval     | Pipeline |
    | min |     max    | min |     max    |   Type   |
    +-----+------------+-----+------------+----------+
    |  243|  1074069736|  237|  1074069730| dataflow |
    +-----+------------+-----+------------+----------+

    + Detail: 
        * Instance: 
        +---------------------------+------------------------+-----+------------+-----+------------+---------+
        |                           |                        |      Latency     |     Interval     | Pipeline|
        |          Instance         |         Module         | min |     max    | min |     max    |   Type  |
        +---------------------------+------------------------+-----+------------+-----+------------+---------+
        |Filter2D_U0                |Filter2D                |  236|  1074069729|  236|  1074069729|   none  |
        |PixelStream2AXIBursts_U0   |PixelStream2AXIBursts   |    1|    73003681|    1|    73003681|   none  |
        |AXIBursts2PixelStream8_U0  |AXIBursts2PixelStream8  |    1|    73004761|    1|    73004761|   none  |
        +---------------------------+------------------------+-----+------------+-----+------------+---------+

        * Loop: 
        N/A



================================================================
== Utilization Estimates
================================================================
* Summary: 
+-----------------+---------+-------+---------+---------+-----+
|       Name      | BRAM_18K| DSP48E|    FF   |   LUT   | URAM|
+-----------------+---------+-------+---------+---------+-----+
|DSP              |        -|      -|        -|        -|    -|
|Expression       |        -|      -|        0|      144|    -|
|FIFO             |        0|      -|        0|        9|    -|
|Instance         |       78|    904|    60126|    37923|    -|
|Memory           |        -|      -|        -|        -|    -|
|Multiplexer      |        -|      -|        -|       36|    -|
|Register         |        -|      -|       11|        -|    -|
+-----------------+---------+-------+---------+---------+-----+
|Total            |       78|    904|    60137|    38112|    0|
+-----------------+---------+-------+---------+---------+-----+
|Available        |     4320|   6840|  2364480|  1182240|  960|
+-----------------+---------+-------+---------+---------+-----+
|Utilization (%)  |        1|     13|        2|        3|    0|
+-----------------+---------+-------+---------+---------+-----+

+ Detail: 
    * Instance: 
    +--------------------------------+------------------------------+---------+-------+-------+-------+
    |            Instance            |            Module            | BRAM_18K| DSP48E|   FF  |  LUT  |
    +--------------------------------+------------------------------+---------+-------+-------+-------+
    |AXIBursts2PixelStream8_U0       |AXIBursts2PixelStream8        |        8|      0|    951|   2398|
    |Filter2D_U0                     |Filter2D                      |       30|    904|  55870|  29958|
    |Filter2DKernel_control_s_axi_U  |Filter2DKernel_control_s_axi  |        0|      0|    360|    616|
    |Filter2DKernel_gmem0_m_axi_U    |Filter2DKernel_gmem0_m_axi    |       16|      0|    881|   1052|
    |Filter2DKernel_gmem1_m_axi_U    |Filter2DKernel_gmem1_m_axi    |       16|      0|    881|   1052|
    |PixelStream2AXIBursts_U0        |PixelStream2AXIBursts         |        8|      0|   1183|   2847|
    +--------------------------------+------------------------------+---------+-------+-------+-------+
    |Total                           |                              |       78|    904|  60126|  37923|
    +--------------------------------+------------------------------+---------+-------+-------+-------+

    * DSP48: 
    N/A

    * Memory: 
    N/A

    * FIFO: 
    +----------------+---------+---+----+------+-----+---------+
    |      Name      | BRAM_18K| FF| LUT| Depth| Bits| Size:D*B|
    +----------------+---------+---+----+------+-----+---------+
    |coeffs_c_U      |        0|  0|   1|     1|   64|       64|
    |dst_V_c_U       |        0|  0|   1|     2|   64|      128|
    |dst_pixels_V_U  |        0|  0|   1|    64|    8|      512|
    |height_c2_U     |        0|  0|   1|     1|   32|       32|
    |height_c_U      |        0|  0|   1|     1|   32|       32|
    |src_pixels_V_U  |        0|  0|   1|    64|    8|      512|
    |stride_c_U      |        0|  0|   1|     2|   32|       64|
    |width_c1_U      |        0|  0|   1|     1|   32|       32|
    |width_c_U       |        0|  0|   1|     1|   32|       32|
    +----------------+---------+---+----+------+-----+---------+
    |Total           |        0|  0|   9|   137|  304|     1408|
    +----------------+---------+---+----+------+-----+---------+

    * Expression: 
    +--------------------------------------------+----------+-------+---+----+------------+------------+
    |                Variable Name               | Operation| DSP48E| FF| LUT| Bitwidth P0| Bitwidth P1|
    +--------------------------------------------+----------+-------+---+----+------------+------------+
    |AXIBursts2PixelStream8_U0_ap_ready_count    |     +    |      0|  0|   9|           2|           1|
    |Filter2D_U0_ap_ready_count                  |     +    |      0|  0|   9|           2|           1|
    |AXIBursts2PixelStream8_U0_ap_ready_count    |     -    |      0|  0|   9|           2|           1|
    |Filter2D_U0_ap_ready_count                  |     -    |      0|  0|   9|           2|           1|
    |AXIBursts2PixelStream8_U0_ap_start          |    and   |      0|  0|   9|           1|           1|
    |Filter2D_U0_ap_start                        |    and   |      0|  0|   9|           1|           1|
    |ap_ext_blocking_n                           |    and   |      0|  0|   9|           1|           1|
    |ap_ext_blocking_sub_n                       |    and   |      0|  0|   9|           1|           1|
    |ap_idle                                     |    and   |      0|  0|   9|           1|           1|
    |ap_int_blocking_n                           |    and   |      0|  0|   9|           1|           1|
    |ap_int_blocking_sub_n                       |    and   |      0|  0|   9|           1|           1|
    |ap_str_blocking_n                           |    and   |      0|  0|   9|           1|           1|
    |ap_str_blocking_sub_n                       |    and   |      0|  0|   9|           1|           1|
    |ap_sync_ready                               |    and   |      0|  0|   9|           1|           1|
    |ap_sync_AXIBursts2PixelStream8_U0_ap_ready  |    or    |      0|  0|   9|           1|           1|
    |ap_sync_Filter2D_U0_ap_ready                |    or    |      0|  0|   9|           1|           1|
    +--------------------------------------------+----------+-------+---+----+------------+------------+
    |Total                                       |          |      0|  0| 144|          20|          16|
    +--------------------------------------------+----------+-------+---+----+------------+------------+

    * Multiplexer: 
    +------------------------------------------------+----+-----------+-----+-----------+
    |                      Name                      | LUT| Input Size| Bits| Total Bits|
    +------------------------------------------------+----+-----------+-----+-----------+
    |AXIBursts2PixelStream8_U0_ap_ready_count        |   9|          2|    2|          4|
    |Filter2D_U0_ap_ready_count                      |   9|          2|    2|          4|
    |ap_sync_reg_AXIBursts2PixelStream8_U0_ap_ready  |   9|          2|    1|          2|
    |ap_sync_reg_Filter2D_U0_ap_ready                |   9|          2|    1|          2|
    +------------------------------------------------+----+-----------+-----+-----------+
    |Total                                           |  36|          8|    6|         12|
    +------------------------------------------------+----+-----------+-----+-----------+

    * Register: 
    +------------------------------------------------+---+----+-----+-----------+
    |                      Name                      | FF| LUT| Bits| Const Bits|
    +------------------------------------------------+---+----+-----+-----------+
    |AXIBursts2PixelStream8_U0_ap_ready_count        |  2|   0|    2|          0|
    |Filter2D_U0_ap_ready_count                      |  2|   0|    2|          0|
    |PixelStream2AXIBursts_U0_ap_start               |  1|   0|    1|          0|
    |ap_ext_blocking_n_reg                           |  1|   0|    1|          0|
    |ap_int_blocking_n_reg                           |  1|   0|    1|          0|
    |ap_rst_n_inv                                    |  1|   0|    1|          0|
    |ap_str_blocking_n_reg                           |  1|   0|    1|          0|
    |ap_sync_reg_AXIBursts2PixelStream8_U0_ap_ready  |  1|   0|    1|          0|
    |ap_sync_reg_Filter2D_U0_ap_ready                |  1|   0|    1|          0|
    +------------------------------------------------+---+----+-----+-----------+
    |Total                                           | 11|   0|   11|          0|
    +------------------------------------------------+---+----+-----+-----------+



================================================================
== Interface
================================================================
* Summary: 
+-----------------------+-----+-----+------------+----------------+--------------+
|       RTL Ports       | Dir | Bits|  Protocol  |  Source Object |    C Type    |
+-----------------------+-----+-----+------------+----------------+--------------+
|s_axi_control_AWVALID  |  in |    1|    s_axi   |     control    |    scalar    |
|s_axi_control_AWREADY  | out |    1|    s_axi   |     control    |    scalar    |
|s_axi_control_AWADDR   |  in |    7|    s_axi   |     control    |    scalar    |
|s_axi_control_WVALID   |  in |    1|    s_axi   |     control    |    scalar    |
|s_axi_control_WREADY   | out |    1|    s_axi   |     control    |    scalar    |
|s_axi_control_WDATA    |  in |   32|    s_axi   |     control    |    scalar    |
|s_axi_control_WSTRB    |  in |    4|    s_axi   |     control    |    scalar    |
|s_axi_control_ARVALID  |  in |    1|    s_axi   |     control    |    scalar    |
|s_axi_control_ARREADY  | out |    1|    s_axi   |     control    |    scalar    |
|s_axi_control_ARADDR   |  in |    7|    s_axi   |     control    |    scalar    |
|s_axi_control_RVALID   | out |    1|    s_axi   |     control    |    scalar    |
|s_axi_control_RREADY   |  in |    1|    s_axi   |     control    |    scalar    |
|s_axi_control_RDATA    | out |   32|    s_axi   |     control    |    scalar    |
|s_axi_control_RRESP    | out |    2|    s_axi   |     control    |    scalar    |
|s_axi_control_BVALID   | out |    1|    s_axi   |     control    |    scalar    |
|s_axi_control_BREADY   |  in |    1|    s_axi   |     control    |    scalar    |
|s_axi_control_BRESP    | out |    2|    s_axi   |     control    |    scalar    |
|ap_clk                 |  in |    1| ap_ctrl_hs | Filter2DKernel | return value |
|ap_rst_n               |  in |    1| ap_ctrl_hs | Filter2DKernel | return value |
|interrupt              | out |    1| ap_ctrl_hs | Filter2DKernel | return value |
|stall_start_ext        | out |    1| ap_ctrl_hs | Filter2DKernel | return value |
|stall_done_ext         | out |    1| ap_ctrl_hs | Filter2DKernel | return value |
|stall_start_str        | out |    1| ap_ctrl_hs | Filter2DKernel | return value |
|stall_done_str         | out |    1| ap_ctrl_hs | Filter2DKernel | return value |
|stall_start_int        | out |    1| ap_ctrl_hs | Filter2DKernel | return value |
|stall_done_int         | out |    1| ap_ctrl_hs | Filter2DKernel | return value |
|m_axi_gmem1_AWVALID    | out |    1|    m_axi   |      gmem1     |    pointer   |
|m_axi_gmem1_AWREADY    |  in |    1|    m_axi   |      gmem1     |    pointer   |
|m_axi_gmem1_AWADDR     | out |   64|    m_axi   |      gmem1     |    pointer   |
|m_axi_gmem1_AWID       | out |    1|    m_axi   |      gmem1     |    pointer   |
|m_axi_gmem1_AWLEN      | out |    8|    m_axi   |      gmem1     |    pointer   |
|m_axi_gmem1_AWSIZE     | out |    3|    m_axi   |      gmem1     |    pointer   |
|m_axi_gmem1_AWBURST    | out |    2|    m_axi   |      gmem1     |    pointer   |
|m_axi_gmem1_AWLOCK     | out |    2|    m_axi   |      gmem1     |    pointer   |
|m_axi_gmem1_AWCACHE    | out |    4|    m_axi   |      gmem1     |    pointer   |
|m_axi_gmem1_AWPROT     | out |    3|    m_axi   |      gmem1     |    pointer   |
|m_axi_gmem1_AWQOS      | out |    4|    m_axi   |      gmem1     |    pointer   |
|m_axi_gmem1_AWREGION   | out |    4|    m_axi   |      gmem1     |    pointer   |
|m_axi_gmem1_AWUSER     | out |    1|    m_axi   |      gmem1     |    pointer   |
|m_axi_gmem1_WVALID     | out |    1|    m_axi   |      gmem1     |    pointer   |
|m_axi_gmem1_WREADY     |  in |    1|    m_axi   |      gmem1     |    pointer   |
|m_axi_gmem1_WDATA      | out |  256|    m_axi   |      gmem1     |    pointer   |
|m_axi_gmem1_WSTRB      | out |   32|    m_axi   |      gmem1     |    pointer   |
|m_axi_gmem1_WLAST      | out |    1|    m_axi   |      gmem1     |    pointer   |
|m_axi_gmem1_WID        | out |    1|    m_axi   |      gmem1     |    pointer   |
|m_axi_gmem1_WUSER      | out |    1|    m_axi   |      gmem1     |    pointer   |
|m_axi_gmem1_ARVALID    | out |    1|    m_axi   |      gmem1     |    pointer   |
|m_axi_gmem1_ARREADY    |  in |    1|    m_axi   |      gmem1     |    pointer   |
|m_axi_gmem1_ARADDR     | out |   64|    m_axi   |      gmem1     |    pointer   |
|m_axi_gmem1_ARID       | out |    1|    m_axi   |      gmem1     |    pointer   |
|m_axi_gmem1_ARLEN      | out |    8|    m_axi   |      gmem1     |    pointer   |
|m_axi_gmem1_ARSIZE     | out |    3|    m_axi   |      gmem1     |    pointer   |
|m_axi_gmem1_ARBURST    | out |    2|    m_axi   |      gmem1     |    pointer   |
|m_axi_gmem1_ARLOCK     | out |    2|    m_axi   |      gmem1     |    pointer   |
|m_axi_gmem1_ARCACHE    | out |    4|    m_axi   |      gmem1     |    pointer   |
|m_axi_gmem1_ARPROT     | out |    3|    m_axi   |      gmem1     |    pointer   |
|m_axi_gmem1_ARQOS      | out |    4|    m_axi   |      gmem1     |    pointer   |
|m_axi_gmem1_ARREGION   | out |    4|    m_axi   |      gmem1     |    pointer   |
|m_axi_gmem1_ARUSER     | out |    1|    m_axi   |      gmem1     |    pointer   |
|m_axi_gmem1_RVALID     |  in |    1|    m_axi   |      gmem1     |    pointer   |
|m_axi_gmem1_RREADY     | out |    1|    m_axi   |      gmem1     |    pointer   |
|m_axi_gmem1_RDATA      |  in |  256|    m_axi   |      gmem1     |    pointer   |
|m_axi_gmem1_RLAST      |  in |    1|    m_axi   |      gmem1     |    pointer   |
|m_axi_gmem1_RID        |  in |    1|    m_axi   |      gmem1     |    pointer   |
|m_axi_gmem1_RUSER      |  in |    1|    m_axi   |      gmem1     |    pointer   |
|m_axi_gmem1_RRESP      |  in |    2|    m_axi   |      gmem1     |    pointer   |
|m_axi_gmem1_BVALID     |  in |    1|    m_axi   |      gmem1     |    pointer   |
|m_axi_gmem1_BREADY     | out |    1|    m_axi   |      gmem1     |    pointer   |
|m_axi_gmem1_BRESP      |  in |    2|    m_axi   |      gmem1     |    pointer   |
|m_axi_gmem1_BID        |  in |    1|    m_axi   |      gmem1     |    pointer   |
|m_axi_gmem1_BUSER      |  in |    1|    m_axi   |      gmem1     |    pointer   |
|m_axi_gmem0_AWVALID    | out |    1|    m_axi   |      gmem0     |    pointer   |
|m_axi_gmem0_AWREADY    |  in |    1|    m_axi   |      gmem0     |    pointer   |
|m_axi_gmem0_AWADDR     | out |   64|    m_axi   |      gmem0     |    pointer   |
|m_axi_gmem0_AWID       | out |    1|    m_axi   |      gmem0     |    pointer   |
|m_axi_gmem0_AWLEN      | out |    8|    m_axi   |      gmem0     |    pointer   |
|m_axi_gmem0_AWSIZE     | out |    3|    m_axi   |      gmem0     |    pointer   |
|m_axi_gmem0_AWBURST    | out |    2|    m_axi   |      gmem0     |    pointer   |
|m_axi_gmem0_AWLOCK     | out |    2|    m_axi   |      gmem0     |    pointer   |
|m_axi_gmem0_AWCACHE    | out |    4|    m_axi   |      gmem0     |    pointer   |
|m_axi_gmem0_AWPROT     | out |    3|    m_axi   |      gmem0     |    pointer   |
|m_axi_gmem0_AWQOS      | out |    4|    m_axi   |      gmem0     |    pointer   |
|m_axi_gmem0_AWREGION   | out |    4|    m_axi   |      gmem0     |    pointer   |
|m_axi_gmem0_AWUSER     | out |    1|    m_axi   |      gmem0     |    pointer   |
|m_axi_gmem0_WVALID     | out |    1|    m_axi   |      gmem0     |    pointer   |
|m_axi_gmem0_WREADY     |  in |    1|    m_axi   |      gmem0     |    pointer   |
|m_axi_gmem0_WDATA      | out |  256|    m_axi   |      gmem0     |    pointer   |
|m_axi_gmem0_WSTRB      | out |   32|    m_axi   |      gmem0     |    pointer   |
|m_axi_gmem0_WLAST      | out |    1|    m_axi   |      gmem0     |    pointer   |
|m_axi_gmem0_WID        | out |    1|    m_axi   |      gmem0     |    pointer   |
|m_axi_gmem0_WUSER      | out |    1|    m_axi   |      gmem0     |    pointer   |
|m_axi_gmem0_ARVALID    | out |    1|    m_axi   |      gmem0     |    pointer   |
|m_axi_gmem0_ARREADY    |  in |    1|    m_axi   |      gmem0     |    pointer   |
|m_axi_gmem0_ARADDR     | out |   64|    m_axi   |      gmem0     |    pointer   |
|m_axi_gmem0_ARID       | out |    1|    m_axi   |      gmem0     |    pointer   |
|m_axi_gmem0_ARLEN      | out |    8|    m_axi   |      gmem0     |    pointer   |
|m_axi_gmem0_ARSIZE     | out |    3|    m_axi   |      gmem0     |    pointer   |
|m_axi_gmem0_ARBURST    | out |    2|    m_axi   |      gmem0     |    pointer   |
|m_axi_gmem0_ARLOCK     | out |    2|    m_axi   |      gmem0     |    pointer   |
|m_axi_gmem0_ARCACHE    | out |    4|    m_axi   |      gmem0     |    pointer   |
|m_axi_gmem0_ARPROT     | out |    3|    m_axi   |      gmem0     |    pointer   |
|m_axi_gmem0_ARQOS      | out |    4|    m_axi   |      gmem0     |    pointer   |
|m_axi_gmem0_ARREGION   | out |    4|    m_axi   |      gmem0     |    pointer   |
|m_axi_gmem0_ARUSER     | out |    1|    m_axi   |      gmem0     |    pointer   |
|m_axi_gmem0_RVALID     |  in |    1|    m_axi   |      gmem0     |    pointer   |
|m_axi_gmem0_RREADY     | out |    1|    m_axi   |      gmem0     |    pointer   |
|m_axi_gmem0_RDATA      |  in |  256|    m_axi   |      gmem0     |    pointer   |
|m_axi_gmem0_RLAST      |  in |    1|    m_axi   |      gmem0     |    pointer   |
|m_axi_gmem0_RID        |  in |    1|    m_axi   |      gmem0     |    pointer   |
|m_axi_gmem0_RUSER      |  in |    1|    m_axi   |      gmem0     |    pointer   |
|m_axi_gmem0_RRESP      |  in |    2|    m_axi   |      gmem0     |    pointer   |
|m_axi_gmem0_BVALID     |  in |    1|    m_axi   |      gmem0     |    pointer   |
|m_axi_gmem0_BREADY     | out |    1|    m_axi   |      gmem0     |    pointer   |
|m_axi_gmem0_BRESP      |  in |    2|    m_axi   |      gmem0     |    pointer   |
|m_axi_gmem0_BID        |  in |    1|    m_axi   |      gmem0     |    pointer   |
|m_axi_gmem0_BUSER      |  in |    1|    m_axi   |      gmem0     |    pointer   |
+-----------------------+-----+-----+------------+----------------+--------------+

