

================================================================
== Vivado HLS Report for 'PixelStream2AXIBursts'
================================================================
* Date:           Tue Apr 17 05:37:21 2018

* Version:        2017.1 (Build 1846317 on Fri Jul 14 12:21:14 MDT 2017)
* Project:        Filter2DKernel
* Solution:       solution_OCL_REGION_0
* Product family: virtexuplus
* Target device:  xcvu9p-flgb2104-2-i


================================================================
== Performance Estimates
================================================================
+ Timing (ns): 
    * Summary: 
    +--------+-------+----------+------------+
    |  Clock | Target| Estimated| Uncertainty|
    +--------+-------+----------+------------+
    |ap_clk  |   4.00|      2.92|        1.08|
    +--------+-------+----------+------------+

+ Latency (clock cycles): 
    * Summary: 
    +-----+----------+-----+----------+---------+
    |     Latency    |    Interval    | Pipeline|
    | min |    max   | min |    max   |   Type  |
    +-----+----------+-----+----------+---------+
    |    1|  73003681|    1|  73003681|   none  |
    +-----+----------+-----+----------+---------+

    + Detail: 
        * Instance: 
        N/A

        * Loop: 
        +-----------------+-----+----------+------------+-----------+-----------+----------+----------+
        |                 |     Latency    |  Iteration |  Initiation Interval  |   Trip   |          |
        |    Loop Name    | min |    max   |   Latency  |  achieved |   target  |   Count  | Pipelined|
        +-----------------+-----+----------+------------+-----------+-----------+----------+----------+
        |- forEachRow     |    0|  73003680| 11 ~ 67596 |          -|          -| 0 ~ 1080 |    no    |
        | + pixels2bytes  |    1|     65537|          33|         32|         32| 0 ~ 2048 |    yes   |
        | + bytes2aximm   |    0|      2049|           3|          1|          1| 0 ~ 2048 |    yes   |
        +-----------------+-----+----------+------------+-----------+-----------+----------+----------+



================================================================
== Utilization Estimates
================================================================
* Summary: 
+-----------------+---------+-------+---------+---------+-----+
|       Name      | BRAM_18K| DSP48E|    FF   |   LUT   | URAM|
+-----------------+---------+-------+---------+---------+-----+
|DSP              |        -|      -|        -|        -|    -|
|Expression       |        -|      -|        0|     2157|    -|
|FIFO             |        -|      -|        -|        -|    -|
|Instance         |        -|      -|        -|        -|    -|
|Memory           |        8|      -|        0|        0|    -|
|Multiplexer      |        -|      -|        -|      690|    -|
|Register         |        -|      -|     1183|        -|    -|
+-----------------+---------+-------+---------+---------+-----+
|Total            |        8|      0|     1183|     2847|    0|
+-----------------+---------+-------+---------+---------+-----+
|Available        |     4320|   6840|  2364480|  1182240|  960|
+-----------------+---------+-------+---------+---------+-----+
|Utilization (%)  |    ~0   |      0|    ~0   |    ~0   |    0|
+-----------------+---------+-------+---------+---------+-----+

+ Detail: 
    * Instance: 
    N/A

    * DSP48: 
    N/A

    * Memory: 
    +----------+-------------------------------+---------+---+----+------+-----+------+-------------+
    |  Memory  |             Module            | BRAM_18K| FF| LUT| Words| Bits| Banks| W*Bits*Banks|
    +----------+-------------------------------+---------+---+----+------+-----+------+-------------+
    |buff_V_U  |AXIBursts2PixelStream8_buff_V  |        8|  0|   0|    60|  256|     1|        15360|
    +----------+-------------------------------+---------+---+----+------+-----+------+-------------+
    |Total     |                               |        8|  0|   0|    60|  256|     1|        15360|
    +----------+-------------------------------+---------+---+----+------+-----+------+-------------+

    * FIFO: 
    N/A

    * Expression: 
    +------------------------------------+----------+-------+---+----+------------+------------+
    |            Variable Name           | Operation| DSP48E| FF| LUT| Bitwidth P0| Bitwidth P1|
    +------------------------------------+----------+-------+---+----+------------+------------+
    |sum_i_fu_1278_p2                    |     +    |      0|  0|  67|          60|          60|
    |tmp_1_i_i_i_fu_739_p2               |     +    |      0|  0|  24|           5|          17|
    |tmp_4_i_i_i_fu_773_p2               |     +    |      0|  0|  19|           2|          12|
    |x_1_fu_1065_p2                      |     +    |      0|  0|  19|          12|           1|
    |x_fu_1298_p2                        |     +    |      0|  0|  19|          12|           1|
    |y_fu_1037_p2                        |     +    |      0|  0|  23|          16|           1|
    |yoffset_fu_1309_p2                  |     +    |      0|  0|  34|          27|          27|
    |ap_block_pp0_stage0_11001           |    and   |      0|  0|   9|           1|           1|
    |ap_block_pp0_stage10_11001          |    and   |      0|  0|   9|           1|           1|
    |ap_block_pp0_stage11_11001          |    and   |      0|  0|   9|           1|           1|
    |ap_block_pp0_stage12_11001          |    and   |      0|  0|   9|           1|           1|
    |ap_block_pp0_stage13_11001          |    and   |      0|  0|   9|           1|           1|
    |ap_block_pp0_stage14_11001          |    and   |      0|  0|   9|           1|           1|
    |ap_block_pp0_stage15_11001          |    and   |      0|  0|   9|           1|           1|
    |ap_block_pp0_stage16_11001          |    and   |      0|  0|   9|           1|           1|
    |ap_block_pp0_stage17_11001          |    and   |      0|  0|   9|           1|           1|
    |ap_block_pp0_stage18_11001          |    and   |      0|  0|   9|           1|           1|
    |ap_block_pp0_stage19_11001          |    and   |      0|  0|   9|           1|           1|
    |ap_block_pp0_stage1_11001           |    and   |      0|  0|   9|           1|           1|
    |ap_block_pp0_stage20_11001          |    and   |      0|  0|   9|           1|           1|
    |ap_block_pp0_stage21_11001          |    and   |      0|  0|   9|           1|           1|
    |ap_block_pp0_stage22_11001          |    and   |      0|  0|   9|           1|           1|
    |ap_block_pp0_stage23_11001          |    and   |      0|  0|   9|           1|           1|
    |ap_block_pp0_stage24_11001          |    and   |      0|  0|   9|           1|           1|
    |ap_block_pp0_stage25_11001          |    and   |      0|  0|   9|           1|           1|
    |ap_block_pp0_stage26_11001          |    and   |      0|  0|   9|           1|           1|
    |ap_block_pp0_stage27_11001          |    and   |      0|  0|   9|           1|           1|
    |ap_block_pp0_stage28_11001          |    and   |      0|  0|   9|           1|           1|
    |ap_block_pp0_stage29_11001          |    and   |      0|  0|   9|           1|           1|
    |ap_block_pp0_stage2_11001           |    and   |      0|  0|   9|           1|           1|
    |ap_block_pp0_stage30_11001          |    and   |      0|  0|   9|           1|           1|
    |ap_block_pp0_stage31_11001          |    and   |      0|  0|   9|           1|           1|
    |ap_block_pp0_stage3_11001           |    and   |      0|  0|   9|           1|           1|
    |ap_block_pp0_stage4_11001           |    and   |      0|  0|   9|           1|           1|
    |ap_block_pp0_stage5_11001           |    and   |      0|  0|   9|           1|           1|
    |ap_block_pp0_stage6_11001           |    and   |      0|  0|   9|           1|           1|
    |ap_block_pp0_stage7_11001           |    and   |      0|  0|   9|           1|           1|
    |ap_block_pp0_stage8_11001           |    and   |      0|  0|   9|           1|           1|
    |ap_block_pp0_stage9_11001           |    and   |      0|  0|   9|           1|           1|
    |ap_block_pp1_stage0_11001           |    and   |      0|  0|   9|           1|           1|
    |ap_block_state10_pp0_stage7_iter0   |    and   |      0|  0|   9|           1|           1|
    |ap_block_state11_pp0_stage8_iter0   |    and   |      0|  0|   9|           1|           1|
    |ap_block_state12_pp0_stage9_iter0   |    and   |      0|  0|   9|           1|           1|
    |ap_block_state13_pp0_stage10_iter0  |    and   |      0|  0|   9|           1|           1|
    |ap_block_state14_pp0_stage11_iter0  |    and   |      0|  0|   9|           1|           1|
    |ap_block_state15_pp0_stage12_iter0  |    and   |      0|  0|   9|           1|           1|
    |ap_block_state16_pp0_stage13_iter0  |    and   |      0|  0|   9|           1|           1|
    |ap_block_state17_pp0_stage14_iter0  |    and   |      0|  0|   9|           1|           1|
    |ap_block_state18_pp0_stage15_iter0  |    and   |      0|  0|   9|           1|           1|
    |ap_block_state19_pp0_stage16_iter0  |    and   |      0|  0|   9|           1|           1|
    |ap_block_state20_pp0_stage17_iter0  |    and   |      0|  0|   9|           1|           1|
    |ap_block_state21_pp0_stage18_iter0  |    and   |      0|  0|   9|           1|           1|
    |ap_block_state22_pp0_stage19_iter0  |    and   |      0|  0|   9|           1|           1|
    |ap_block_state23_pp0_stage20_iter0  |    and   |      0|  0|   9|           1|           1|
    |ap_block_state24_pp0_stage21_iter0  |    and   |      0|  0|   9|           1|           1|
    |ap_block_state25_pp0_stage22_iter0  |    and   |      0|  0|   9|           1|           1|
    |ap_block_state26_pp0_stage23_iter0  |    and   |      0|  0|   9|           1|           1|
    |ap_block_state27_pp0_stage24_iter0  |    and   |      0|  0|   9|           1|           1|
    |ap_block_state28_pp0_stage25_iter0  |    and   |      0|  0|   9|           1|           1|
    |ap_block_state29_pp0_stage26_iter0  |    and   |      0|  0|   9|           1|           1|
    |ap_block_state30_pp0_stage27_iter0  |    and   |      0|  0|   9|           1|           1|
    |ap_block_state31_pp0_stage28_iter0  |    and   |      0|  0|   9|           1|           1|
    |ap_block_state32_pp0_stage29_iter0  |    and   |      0|  0|   9|           1|           1|
    |ap_block_state33_pp0_stage30_iter0  |    and   |      0|  0|   9|           1|           1|
    |ap_block_state34_pp0_stage31_iter0  |    and   |      0|  0|   9|           1|           1|
    |ap_block_state35_pp0_stage0_iter1   |    and   |      0|  0|   9|           1|           1|
    |ap_block_state40_io                 |    and   |      0|  0|   9|           1|           1|
    |ap_block_state4_pp0_stage1_iter0    |    and   |      0|  0|   9|           1|           1|
    |ap_block_state5_pp0_stage2_iter0    |    and   |      0|  0|   9|           1|           1|
    |ap_block_state6_pp0_stage3_iter0    |    and   |      0|  0|   9|           1|           1|
    |ap_block_state7_pp0_stage4_iter0    |    and   |      0|  0|   9|           1|           1|
    |ap_block_state8_pp0_stage5_iter0    |    and   |      0|  0|   9|           1|           1|
    |ap_block_state9_pp0_stage6_iter0    |    and   |      0|  0|   9|           1|           1|
    |ap_condition_1273                   |    and   |      0|  0|   9|           1|           1|
    |ap_condition_1382                   |    and   |      0|  0|   9|           1|           1|
    |ap_condition_2255                   |    and   |      0|  0|   9|           1|           1|
    |ap_condition_2259                   |    and   |      0|  0|   9|           1|           1|
    |ap_condition_2263                   |    and   |      0|  0|   9|           1|           1|
    |ap_condition_2267                   |    and   |      0|  0|   9|           1|           1|
    |ap_condition_2271                   |    and   |      0|  0|   9|           1|           1|
    |ap_condition_2275                   |    and   |      0|  0|   9|           1|           1|
    |ap_condition_2279                   |    and   |      0|  0|   9|           1|           1|
    |ap_condition_2283                   |    and   |      0|  0|   9|           1|           1|
    |ap_condition_2287                   |    and   |      0|  0|   9|           1|           1|
    |ap_condition_2291                   |    and   |      0|  0|   9|           1|           1|
    |ap_condition_2295                   |    and   |      0|  0|   9|           1|           1|
    |ap_condition_2299                   |    and   |      0|  0|   9|           1|           1|
    |ap_condition_2303                   |    and   |      0|  0|   9|           1|           1|
    |ap_condition_2307                   |    and   |      0|  0|   9|           1|           1|
    |ap_condition_2311                   |    and   |      0|  0|   9|           1|           1|
    |ap_condition_2315                   |    and   |      0|  0|   9|           1|           1|
    |ap_condition_2319                   |    and   |      0|  0|   9|           1|           1|
    |ap_condition_2323                   |    and   |      0|  0|   9|           1|           1|
    |ap_condition_2327                   |    and   |      0|  0|   9|           1|           1|
    |ap_condition_2331                   |    and   |      0|  0|   9|           1|           1|
    |ap_condition_2335                   |    and   |      0|  0|   9|           1|           1|
    |ap_condition_2339                   |    and   |      0|  0|   9|           1|           1|
    |ap_condition_2343                   |    and   |      0|  0|   9|           1|           1|
    |ap_condition_2347                   |    and   |      0|  0|   9|           1|           1|
    |ap_condition_2351                   |    and   |      0|  0|   9|           1|           1|
    |ap_condition_2355                   |    and   |      0|  0|   9|           1|           1|
    |ap_condition_2359                   |    and   |      0|  0|   9|           1|           1|
    |ap_condition_2363                   |    and   |      0|  0|   9|           1|           1|
    |ap_condition_2367                   |    and   |      0|  0|   9|           1|           1|
    |ap_condition_2371                   |    and   |      0|  0|   9|           1|           1|
    |ap_ext_blocking_cur_n               |    and   |      0|  0|   9|           1|           1|
    |ap_ext_blocking_n                   |    and   |      0|  0|   9|           1|           2|
    |ap_int_blocking_cur_n               |    and   |      0|  0|   9|           1|           1|
    |ap_int_blocking_n                   |    and   |      0|  0|   9|           1|           2|
    |ap_predicate_op141_read_state4      |    and   |      0|  0|   9|           1|           1|
    |ap_predicate_op146_read_state5      |    and   |      0|  0|   9|           1|           1|
    |ap_predicate_op151_read_state6      |    and   |      0|  0|   9|           1|           1|
    |ap_predicate_op156_read_state7      |    and   |      0|  0|   9|           1|           1|
    |ap_predicate_op161_read_state8      |    and   |      0|  0|   9|           1|           1|
    |ap_predicate_op166_read_state9      |    and   |      0|  0|   9|           1|           1|
    |ap_predicate_op171_read_state10     |    and   |      0|  0|   9|           1|           1|
    |ap_predicate_op176_read_state11     |    and   |      0|  0|   9|           1|           1|
    |ap_predicate_op181_read_state12     |    and   |      0|  0|   9|           1|           1|
    |ap_predicate_op186_read_state13     |    and   |      0|  0|   9|           1|           1|
    |ap_predicate_op191_read_state14     |    and   |      0|  0|   9|           1|           1|
    |ap_predicate_op196_read_state15     |    and   |      0|  0|   9|           1|           1|
    |ap_predicate_op201_read_state16     |    and   |      0|  0|   9|           1|           1|
    |ap_predicate_op206_read_state17     |    and   |      0|  0|   9|           1|           1|
    |ap_predicate_op211_read_state18     |    and   |      0|  0|   9|           1|           1|
    |ap_predicate_op216_read_state19     |    and   |      0|  0|   9|           1|           1|
    |ap_predicate_op221_read_state20     |    and   |      0|  0|   9|           1|           1|
    |ap_predicate_op226_read_state21     |    and   |      0|  0|   9|           1|           1|
    |ap_predicate_op231_read_state22     |    and   |      0|  0|   9|           1|           1|
    |ap_predicate_op236_read_state23     |    and   |      0|  0|   9|           1|           1|
    |ap_predicate_op241_read_state24     |    and   |      0|  0|   9|           1|           1|
    |ap_predicate_op246_read_state25     |    and   |      0|  0|   9|           1|           1|
    |ap_predicate_op251_read_state26     |    and   |      0|  0|   9|           1|           1|
    |ap_predicate_op256_read_state27     |    and   |      0|  0|   9|           1|           1|
    |ap_predicate_op261_read_state28     |    and   |      0|  0|   9|           1|           1|
    |ap_predicate_op266_read_state29     |    and   |      0|  0|   9|           1|           1|
    |ap_predicate_op271_read_state30     |    and   |      0|  0|   9|           1|           1|
    |ap_predicate_op276_read_state31     |    and   |      0|  0|   9|           1|           1|
    |ap_predicate_op281_read_state32     |    and   |      0|  0|   9|           1|           1|
    |ap_predicate_op288_read_state33     |    and   |      0|  0|   9|           1|           1|
    |ap_predicate_op292_read_state34     |    and   |      0|  0|   9|           1|           1|
    |ap_predicate_op296_read_state35     |    and   |      0|  0|   9|           1|           1|
    |ap_str_blocking_n                   |    and   |      0|  0|   9|           2|           2|
    |exitcond1_i_fu_1043_p2              |   icmp   |      0|  0|  13|          12|          12|
    |exitcond1_i_i_i_fu_1032_p2          |   icmp   |      0|  0|  13|          16|          16|
    |exitcond_i_fu_1293_p2               |   icmp   |      0|  0|  13|          12|          12|
    |icmp3_fu_835_p2                     |   icmp   |      0|  0|   9|           4|           1|
    |icmp6_fu_869_p2                     |   icmp   |      0|  0|   9|           3|           1|
    |icmp9_fu_927_p2                     |   icmp   |      0|  0|   8|           2|           1|
    |icmp_fu_813_p2                      |   icmp   |      0|  0|  11|           5|           1|
    |tmp_21_i_i_i_fu_797_p2              |   icmp   |      0|  0|  11|           6|           1|
    |tmp_2_10_i_i_i_fu_893_p2            |   icmp   |      0|  0|  11|           6|           4|
    |tmp_2_11_i_i_i_fu_899_p2            |   icmp   |      0|  0|  11|           6|           4|
    |tmp_2_12_i_i_i_fu_905_p2            |   icmp   |      0|  0|  11|           6|           4|
    |tmp_2_13_i_i_i_fu_911_p2            |   icmp   |      0|  0|  11|           6|           4|
    |tmp_2_15_i_i_i_fu_933_p2            |   icmp   |      0|  0|  11|           6|           5|
    |tmp_2_16_i_i_i_fu_939_p2            |   icmp   |      0|  0|  11|           6|           5|
    |tmp_2_17_i_i_i_fu_945_p2            |   icmp   |      0|  0|  11|           6|           5|
    |tmp_2_18_i_i_i_fu_951_p2            |   icmp   |      0|  0|  11|           6|           5|
    |tmp_2_19_i_i_i_fu_957_p2            |   icmp   |      0|  0|  11|           6|           5|
    |tmp_2_20_i_i_i_fu_963_p2            |   icmp   |      0|  0|  11|           6|           5|
    |tmp_2_21_i_i_i_fu_969_p2            |   icmp   |      0|  0|  11|           6|           5|
    |tmp_2_22_i_i_i_fu_975_p2            |   icmp   |      0|  0|  11|           6|           5|
    |tmp_2_23_i_i_i_fu_981_p2            |   icmp   |      0|  0|  11|           6|           5|
    |tmp_2_24_i_i_i_fu_987_p2            |   icmp   |      0|  0|  11|           6|           5|
    |tmp_2_25_i_i_i_fu_993_p2            |   icmp   |      0|  0|  11|           6|           5|
    |tmp_2_26_i_i_i_fu_999_p2            |   icmp   |      0|  0|  11|           6|           5|
    |tmp_2_27_i_i_i_fu_1005_p2           |   icmp   |      0|  0|  11|           6|           5|
    |tmp_2_28_i_i_i_fu_1011_p2           |   icmp   |      0|  0|  11|           6|           5|
    |tmp_2_29_i_i_i_fu_1017_p2           |   icmp   |      0|  0|  11|           6|           5|
    |tmp_2_2_i_i_i_fu_819_p2             |   icmp   |      0|  0|  11|           6|           2|
    |tmp_2_4_i_i_i_fu_841_p2             |   icmp   |      0|  0|  11|           6|           3|
    |tmp_2_5_i_i_i_fu_847_p2             |   icmp   |      0|  0|  11|           6|           3|
    |tmp_2_6_i_i_i_fu_853_p2             |   icmp   |      0|  0|  11|           6|           3|
    |tmp_2_8_i_i_i_fu_875_p2             |   icmp   |      0|  0|  11|           6|           4|
    |tmp_2_9_i_i_i_fu_881_p2             |   icmp   |      0|  0|  11|           6|           4|
    |tmp_2_i_i_i_fu_887_p2               |   icmp   |      0|  0|  11|           6|           4|
    |tmp_8_i_i_i_fu_1052_p2              |   icmp   |      0|  0|  13|          13|          13|
    |tmp_i_i_i_fu_759_p2                 |   icmp   |      0|  0|  11|           5|           1|
    |ap_block_state1                     |    or    |      0|  0|   9|           1|           1|
    |or_cond_10_i_i_i_fu_1111_p2         |    or    |      0|  0|   9|           1|           1|
    |or_cond_11_i_i_i_fu_1115_p2         |    or    |      0|  0|   9|           1|           1|
    |or_cond_12_i_i_i_fu_1119_p2         |    or    |      0|  0|   9|           1|           1|
    |or_cond_13_i_i_i_fu_1123_p2         |    or    |      0|  0|   9|           1|           1|
    |or_cond_14_i_i_i_fu_1127_p2         |    or    |      0|  0|   9|           1|           1|
    |or_cond_15_i_i_i_fu_1131_p2         |    or    |      0|  0|   9|           1|           1|
    |or_cond_16_i_i_i_fu_1135_p2         |    or    |      0|  0|   9|           1|           1|
    |or_cond_17_i_i_i_fu_1139_p2         |    or    |      0|  0|   9|           1|           1|
    |or_cond_18_i_i_i_fu_1143_p2         |    or    |      0|  0|   9|           1|           1|
    |or_cond_19_i_i_i_fu_1147_p2         |    or    |      0|  0|   9|           1|           1|
    |or_cond_1_i_i_i_fu_1071_p2          |    or    |      0|  0|   9|           1|           1|
    |or_cond_20_i_i_i_fu_1151_p2         |    or    |      0|  0|   9|           1|           1|
    |or_cond_21_i_i_i_fu_1155_p2         |    or    |      0|  0|   9|           1|           1|
    |or_cond_22_i_i_i_fu_1159_p2         |    or    |      0|  0|   9|           1|           1|
    |or_cond_23_i_i_i_fu_1163_p2         |    or    |      0|  0|   9|           1|           1|
    |or_cond_24_i_i_i_fu_1167_p2         |    or    |      0|  0|   9|           1|           1|
    |or_cond_25_i_i_i_fu_1171_p2         |    or    |      0|  0|   9|           1|           1|
    |or_cond_26_i_i_i_fu_1175_p2         |    or    |      0|  0|   9|           1|           1|
    |or_cond_27_i_i_i_fu_1179_p2         |    or    |      0|  0|   9|           1|           1|
    |or_cond_28_i_i_i_fu_1183_p2         |    or    |      0|  0|   9|           1|           1|
    |or_cond_29_i_i_i_fu_1187_p2         |    or    |      0|  0|   9|           1|           1|
    |or_cond_2_i_i_i_fu_1075_p2          |    or    |      0|  0|   9|           1|           1|
    |or_cond_30_i_i_i_fu_1191_p2         |    or    |      0|  0|   9|           1|           1|
    |or_cond_3_i_i_i_fu_1079_p2          |    or    |      0|  0|   9|           1|           1|
    |or_cond_4_i_i_i_fu_1083_p2          |    or    |      0|  0|   9|           1|           1|
    |or_cond_5_i_i_i_fu_1087_p2          |    or    |      0|  0|   9|           1|           1|
    |or_cond_6_i_i_i_fu_1091_p2          |    or    |      0|  0|   9|           1|           1|
    |or_cond_7_i_i_i_fu_1095_p2          |    or    |      0|  0|   9|           1|           1|
    |or_cond_8_i_i_i_fu_1099_p2          |    or    |      0|  0|   9|           1|           1|
    |or_cond_9_i_i_i_fu_1103_p2          |    or    |      0|  0|   9|           1|           1|
    |or_cond_i_i_i_162_fu_1107_p2        |    or    |      0|  0|   9|           1|           1|
    |or_cond_i_i_i_fu_1057_p2            |    or    |      0|  0|   9|           1|           1|
    |remainPix_1_fu_765_p3               |  select  |      0|  0|   7|           1|           7|
    |ap_enable_pp0                       |    xor   |      0|  0|   9|           1|           2|
    |ap_enable_pp1                       |    xor   |      0|  0|   9|           1|           2|
    |ap_enable_reg_pp0_iter1             |    xor   |      0|  0|   9|           1|           2|
    |ap_enable_reg_pp1_iter1             |    xor   |      0|  0|   9|           1|           2|
    +------------------------------------+----------+-------+---+----+------------+------------+
    |Total                               |          |      0|  0|2157|         542|         478|
    +------------------------------------+----------+-------+---+----+------------+------------+

    * Multiplexer: 
    +----------------------------------------------------------+-----+-----------+-----+-----------+
    |                           Name                           | LUT | Input Size| Bits| Total Bits|
    +----------------------------------------------------------+-----+-----------+-----+-----------+
    |ap_NS_fsm                                                 |  189|         43|    1|         43|
    |ap_done                                                   |    9|          2|    1|          2|
    |ap_enable_reg_pp0_iter1                                   |   15|          3|    1|          3|
    |ap_enable_reg_pp1_iter1                                   |    9|          2|    1|          2|
    |ap_enable_reg_pp1_iter2                                   |    9|          2|    1|          2|
    |ap_phi_precharge_reg_pp0_iter0_p_033_3_10_i_i_i_reg_468   |    9|          2|    8|         16|
    |ap_phi_precharge_reg_pp0_iter0_p_033_3_11_i_i_i_reg_479   |    9|          2|    8|         16|
    |ap_phi_precharge_reg_pp0_iter0_p_033_3_12_i_i_i_reg_490   |    9|          2|    8|         16|
    |ap_phi_precharge_reg_pp0_iter0_p_033_3_13_i_i_i_reg_501   |    9|          2|    8|         16|
    |ap_phi_precharge_reg_pp0_iter0_p_033_3_14_i_i_i_reg_512   |    9|          2|    8|         16|
    |ap_phi_precharge_reg_pp0_iter0_p_033_3_15_i_i_i_reg_523   |    9|          2|    8|         16|
    |ap_phi_precharge_reg_pp0_iter0_p_033_3_16_i_i_i_reg_534   |    9|          2|    8|         16|
    |ap_phi_precharge_reg_pp0_iter0_p_033_3_17_i_i_i_reg_545   |    9|          2|    8|         16|
    |ap_phi_precharge_reg_pp0_iter0_p_033_3_18_i_i_i_reg_556   |    9|          2|    8|         16|
    |ap_phi_precharge_reg_pp0_iter0_p_033_3_19_i_i_i_reg_567   |    9|          2|    8|         16|
    |ap_phi_precharge_reg_pp0_iter0_p_033_3_1_i_i_i_reg_358    |    9|          2|    8|         16|
    |ap_phi_precharge_reg_pp0_iter0_p_033_3_20_i_i_i_reg_578   |    9|          2|    8|         16|
    |ap_phi_precharge_reg_pp0_iter0_p_033_3_21_i_i_i_reg_589   |    9|          2|    8|         16|
    |ap_phi_precharge_reg_pp0_iter0_p_033_3_22_i_i_i_reg_600   |    9|          2|    8|         16|
    |ap_phi_precharge_reg_pp0_iter0_p_033_3_23_i_i_i_reg_611   |    9|          2|    8|         16|
    |ap_phi_precharge_reg_pp0_iter0_p_033_3_24_i_i_i_reg_622   |    9|          2|    8|         16|
    |ap_phi_precharge_reg_pp0_iter0_p_033_3_25_i_i_i_reg_633   |    9|          2|    8|         16|
    |ap_phi_precharge_reg_pp0_iter0_p_033_3_26_i_i_i_reg_644   |    9|          2|    8|         16|
    |ap_phi_precharge_reg_pp0_iter0_p_033_3_27_i_i_i_reg_655   |    9|          2|    8|         16|
    |ap_phi_precharge_reg_pp0_iter0_p_033_3_28_i_i_i_reg_666   |    9|          2|    8|         16|
    |ap_phi_precharge_reg_pp0_iter0_p_033_3_2_i_i_i_reg_369    |    9|          2|    8|         16|
    |ap_phi_precharge_reg_pp0_iter0_p_033_3_3_i_i_i_reg_380    |    9|          2|    8|         16|
    |ap_phi_precharge_reg_pp0_iter0_p_033_3_4_i_i_i_reg_391    |    9|          2|    8|         16|
    |ap_phi_precharge_reg_pp0_iter0_p_033_3_5_i_i_i_reg_402    |    9|          2|    8|         16|
    |ap_phi_precharge_reg_pp0_iter0_p_033_3_6_i_i_i_reg_413    |    9|          2|    8|         16|
    |ap_phi_precharge_reg_pp0_iter0_p_033_3_7_i_i_i_reg_424    |    9|          2|    8|         16|
    |ap_phi_precharge_reg_pp0_iter0_p_033_3_8_i_i_i_reg_435    |    9|          2|    8|         16|
    |ap_phi_precharge_reg_pp0_iter0_p_033_3_9_i_i_i_reg_446    |    9|          2|    8|         16|
    |ap_phi_precharge_reg_pp0_iter0_p_033_3_i_i_i_163_reg_457  |    9|          2|    8|         16|
    |ap_phi_precharge_reg_pp0_iter0_p_033_3_i_i_i_reg_348      |    9|          2|    8|         16|
    |ap_phi_precharge_reg_pp0_iter1_p_033_3_29_i_i_i_reg_677   |   15|          3|    8|         24|
    |ap_sig_ioackin_m_axi_aximm_V_AWREADY                      |    9|          2|    1|          2|
    |ap_sig_ioackin_m_axi_aximm_V_WREADY                       |    9|          2|    1|          2|
    |aximm_V_blk_n_AW                                          |    9|          2|    1|          2|
    |aximm_V_blk_n_B                                           |    9|          2|    1|          2|
    |aximm_V_blk_n_W                                           |    9|          2|    1|          2|
    |aximm_V_offset_blk_n                                      |    9|          2|    1|          2|
    |buff_V_address0                                           |   15|          3|    6|         18|
    |height_blk_n                                              |    9|          2|    1|          2|
    |p_033_3_30_i_i_i_phi_fu_690_p4                            |   15|          3|    8|         24|
    |stream_V_blk_n                                            |    9|          2|    1|          2|
    |stride_blk_n                                              |    9|          2|    1|          2|
    |tmp_fu_242                                                |    9|          2|    8|         16|
    |width_blk_n                                               |    9|          2|    1|          2|
    |x1_i_i_i_reg_698                                          |    9|          2|   12|         24|
    |x_i_i_i_phi_fu_340_p4                                     |    9|          2|   12|         24|
    |x_i_i_i_reg_336                                           |    9|          2|   12|         24|
    |y_i_i_i_reg_325                                           |    9|          2|   16|         32|
    |yoffset_i_i_i_reg_313                                     |    9|          2|   27|         54|
    +----------------------------------------------------------+-----+-----------+-----+-----------+
    |Total                                                     |  690|        153|  364|        792|
    +----------------------------------------------------------+-----+-----------+-----+-----------+

    * Register: 
    +----------------------------------------------------------+-----+----+-----+-----------+
    |                           Name                           |  FF | LUT| Bits| Const Bits|
    +----------------------------------------------------------+-----+----+-----+-----------+
    |ap_CS_fsm                                                 |   42|   0|   42|          0|
    |ap_done_reg                                               |    1|   0|    1|          0|
    |ap_enable_reg_pp0_iter0                                   |    1|   0|    1|          0|
    |ap_enable_reg_pp0_iter1                                   |    1|   0|    1|          0|
    |ap_enable_reg_pp1_iter0                                   |    1|   0|    1|          0|
    |ap_enable_reg_pp1_iter1                                   |    1|   0|    1|          0|
    |ap_enable_reg_pp1_iter2                                   |    1|   0|    1|          0|
    |ap_phi_precharge_reg_pp0_iter0_p_033_3_10_i_i_i_reg_468   |    8|   0|    8|          0|
    |ap_phi_precharge_reg_pp0_iter0_p_033_3_11_i_i_i_reg_479   |    8|   0|    8|          0|
    |ap_phi_precharge_reg_pp0_iter0_p_033_3_12_i_i_i_reg_490   |    8|   0|    8|          0|
    |ap_phi_precharge_reg_pp0_iter0_p_033_3_13_i_i_i_reg_501   |    8|   0|    8|          0|
    |ap_phi_precharge_reg_pp0_iter0_p_033_3_14_i_i_i_reg_512   |    8|   0|    8|          0|
    |ap_phi_precharge_reg_pp0_iter0_p_033_3_15_i_i_i_reg_523   |    8|   0|    8|          0|
    |ap_phi_precharge_reg_pp0_iter0_p_033_3_16_i_i_i_reg_534   |    8|   0|    8|          0|
    |ap_phi_precharge_reg_pp0_iter0_p_033_3_17_i_i_i_reg_545   |    8|   0|    8|          0|
    |ap_phi_precharge_reg_pp0_iter0_p_033_3_18_i_i_i_reg_556   |    8|   0|    8|          0|
    |ap_phi_precharge_reg_pp0_iter0_p_033_3_19_i_i_i_reg_567   |    8|   0|    8|          0|
    |ap_phi_precharge_reg_pp0_iter0_p_033_3_1_i_i_i_reg_358    |    8|   0|    8|          0|
    |ap_phi_precharge_reg_pp0_iter0_p_033_3_20_i_i_i_reg_578   |    8|   0|    8|          0|
    |ap_phi_precharge_reg_pp0_iter0_p_033_3_21_i_i_i_reg_589   |    8|   0|    8|          0|
    |ap_phi_precharge_reg_pp0_iter0_p_033_3_22_i_i_i_reg_600   |    8|   0|    8|          0|
    |ap_phi_precharge_reg_pp0_iter0_p_033_3_23_i_i_i_reg_611   |    8|   0|    8|          0|
    |ap_phi_precharge_reg_pp0_iter0_p_033_3_24_i_i_i_reg_622   |    8|   0|    8|          0|
    |ap_phi_precharge_reg_pp0_iter0_p_033_3_25_i_i_i_reg_633   |    8|   0|    8|          0|
    |ap_phi_precharge_reg_pp0_iter0_p_033_3_26_i_i_i_reg_644   |    8|   0|    8|          0|
    |ap_phi_precharge_reg_pp0_iter0_p_033_3_27_i_i_i_reg_655   |    8|   0|    8|          0|
    |ap_phi_precharge_reg_pp0_iter0_p_033_3_28_i_i_i_reg_666   |    8|   0|    8|          0|
    |ap_phi_precharge_reg_pp0_iter0_p_033_3_2_i_i_i_reg_369    |    8|   0|    8|          0|
    |ap_phi_precharge_reg_pp0_iter0_p_033_3_3_i_i_i_reg_380    |    8|   0|    8|          0|
    |ap_phi_precharge_reg_pp0_iter0_p_033_3_4_i_i_i_reg_391    |    8|   0|    8|          0|
    |ap_phi_precharge_reg_pp0_iter0_p_033_3_5_i_i_i_reg_402    |    8|   0|    8|          0|
    |ap_phi_precharge_reg_pp0_iter0_p_033_3_6_i_i_i_reg_413    |    8|   0|    8|          0|
    |ap_phi_precharge_reg_pp0_iter0_p_033_3_7_i_i_i_reg_424    |    8|   0|    8|          0|
    |ap_phi_precharge_reg_pp0_iter0_p_033_3_8_i_i_i_reg_435    |    8|   0|    8|          0|
    |ap_phi_precharge_reg_pp0_iter0_p_033_3_9_i_i_i_reg_446    |    8|   0|    8|          0|
    |ap_phi_precharge_reg_pp0_iter0_p_033_3_i_i_i_163_reg_457  |    8|   0|    8|          0|
    |ap_phi_precharge_reg_pp0_iter0_p_033_3_i_i_i_reg_348      |    8|   0|    8|          0|
    |ap_phi_precharge_reg_pp0_iter1_p_033_3_29_i_i_i_reg_677   |    8|   0|    8|          0|
    |ap_phi_precharge_reg_pp0_iter1_p_033_3_30_i_i_i_reg_687   |    8|   0|    8|          0|
    |ap_reg_ioackin_m_axi_aximm_V_AWREADY                      |    1|   0|    1|          0|
    |ap_reg_ioackin_m_axi_aximm_V_WREADY                       |    1|   0|    1|          0|
    |ap_reg_pp1_iter1_exitcond_i_reg_1864                      |    1|   0|    1|          0|
    |buff_V_load_reg_1878                                      |  256|   0|  256|          0|
    |exitcond1_i_reg_1521                                      |    1|   0|    1|          0|
    |exitcond_i_reg_1864                                       |    1|   0|    1|          0|
    |icmp3_reg_1367                                            |    1|   0|    1|          0|
    |icmp6_reg_1387                                            |    1|   0|    1|          0|
    |icmp9_reg_1427                                            |    1|   0|    1|          0|
    |icmp_reg_1357                                             |    1|   0|    1|          0|
    |loopWidth_cast6_i_i_i_reg_1331                            |   12|   0|   12|          0|
    |or_cond_10_i_i_i_reg_1669                                 |    1|   0|    1|          0|
    |or_cond_11_i_i_i_reg_1678                                 |    1|   0|    1|          0|
    |or_cond_12_i_i_i_reg_1687                                 |    1|   0|    1|          0|
    |or_cond_13_i_i_i_reg_1696                                 |    1|   0|    1|          0|
    |or_cond_14_i_i_i_reg_1705                                 |    1|   0|    1|          0|
    |or_cond_15_i_i_i_reg_1714                                 |    1|   0|    1|          0|
    |or_cond_16_i_i_i_reg_1723                                 |    1|   0|    1|          0|
    |or_cond_17_i_i_i_reg_1732                                 |    1|   0|    1|          0|
    |or_cond_18_i_i_i_reg_1741                                 |    1|   0|    1|          0|
    |or_cond_19_i_i_i_reg_1750                                 |    1|   0|    1|          0|
    |or_cond_1_i_i_i_reg_1579                                  |    1|   0|    1|          0|
    |or_cond_20_i_i_i_reg_1759                                 |    1|   0|    1|          0|
    |or_cond_21_i_i_i_reg_1768                                 |    1|   0|    1|          0|
    |or_cond_22_i_i_i_reg_1777                                 |    1|   0|    1|          0|
    |or_cond_23_i_i_i_reg_1786                                 |    1|   0|    1|          0|
    |or_cond_24_i_i_i_reg_1795                                 |    1|   0|    1|          0|
    |or_cond_25_i_i_i_reg_1804                                 |    1|   0|    1|          0|
    |or_cond_26_i_i_i_reg_1813                                 |    1|   0|    1|          0|
    |or_cond_27_i_i_i_reg_1822                                 |    1|   0|    1|          0|
    |or_cond_28_i_i_i_reg_1831                                 |    1|   0|    1|          0|
    |or_cond_29_i_i_i_reg_1835                                 |    1|   0|    1|          0|
    |or_cond_2_i_i_i_reg_1588                                  |    1|   0|    1|          0|
    |or_cond_30_i_i_i_reg_1839                                 |    1|   0|    1|          0|
    |or_cond_3_i_i_i_reg_1597                                  |    1|   0|    1|          0|
    |or_cond_4_i_i_i_reg_1606                                  |    1|   0|    1|          0|
    |or_cond_5_i_i_i_reg_1615                                  |    1|   0|    1|          0|
    |or_cond_6_i_i_i_reg_1624                                  |    1|   0|    1|          0|
    |or_cond_7_i_i_i_reg_1633                                  |    1|   0|    1|          0|
    |or_cond_8_i_i_i_reg_1642                                  |    1|   0|    1|          0|
    |or_cond_9_i_i_i_reg_1651                                  |    1|   0|    1|          0|
    |or_cond_i_i_i_162_reg_1660                                |    1|   0|    1|          0|
    |or_cond_i_i_i_reg_1560                                    |    1|   0|    1|          0|
    |p_033_3_10_i_i_i_reg_468                                  |    8|   0|    8|          0|
    |p_033_3_11_i_i_i_reg_479                                  |    8|   0|    8|          0|
    |p_033_3_12_i_i_i_reg_490                                  |    8|   0|    8|          0|
    |p_033_3_13_i_i_i_reg_501                                  |    8|   0|    8|          0|
    |p_033_3_14_i_i_i_reg_512                                  |    8|   0|    8|          0|
    |p_033_3_15_i_i_i_reg_523                                  |    8|   0|    8|          0|
    |p_033_3_16_i_i_i_reg_534                                  |    8|   0|    8|          0|
    |p_033_3_17_i_i_i_reg_545                                  |    8|   0|    8|          0|
    |p_033_3_18_i_i_i_reg_556                                  |    8|   0|    8|          0|
    |p_033_3_19_i_i_i_reg_567                                  |    8|   0|    8|          0|
    |p_033_3_1_i_i_i_reg_358                                   |    8|   0|    8|          0|
    |p_033_3_20_i_i_i_reg_578                                  |    8|   0|    8|          0|
    |p_033_3_21_i_i_i_reg_589                                  |    8|   0|    8|          0|
    |p_033_3_22_i_i_i_reg_600                                  |    8|   0|    8|          0|
    |p_033_3_23_i_i_i_reg_611                                  |    8|   0|    8|          0|
    |p_033_3_24_i_i_i_reg_622                                  |    8|   0|    8|          0|
    |p_033_3_25_i_i_i_reg_633                                  |    8|   0|    8|          0|
    |p_033_3_26_i_i_i_reg_644                                  |    8|   0|    8|          0|
    |p_033_3_27_i_i_i_reg_655                                  |    8|   0|    8|          0|
    |p_033_3_28_i_i_i_reg_666                                  |    8|   0|    8|          0|
    |p_033_3_2_i_i_i_reg_369                                   |    8|   0|    8|          0|
    |p_033_3_3_i_i_i_reg_380                                   |    8|   0|    8|          0|
    |p_033_3_4_i_i_i_reg_391                                   |    8|   0|    8|          0|
    |p_033_3_5_i_i_i_reg_402                                   |    8|   0|    8|          0|
    |p_033_3_6_i_i_i_reg_413                                   |    8|   0|    8|          0|
    |p_033_3_7_i_i_i_reg_424                                   |    8|   0|    8|          0|
    |p_033_3_8_i_i_i_reg_435                                   |    8|   0|    8|          0|
    |p_033_3_9_i_i_i_reg_446                                   |    8|   0|    8|          0|
    |p_033_3_i_i_i_163_reg_457                                 |    8|   0|    8|          0|
    |p_033_3_i_i_i_reg_348                                     |    8|   0|    8|          0|
    |sum_i_reg_1853                                            |   60|   0|   60|          0|
    |tmp_1_cast_i_reg_1321                                     |   59|   0|   60|          1|
    |tmp_21_i_i_i_reg_1352                                     |    1|   0|    1|          0|
    |tmp_2_10_i_i_i_reg_1407                                   |    1|   0|    1|          0|
    |tmp_2_11_i_i_i_reg_1412                                   |    1|   0|    1|          0|
    |tmp_2_12_i_i_i_reg_1417                                   |    1|   0|    1|          0|
    |tmp_2_13_i_i_i_reg_1422                                   |    1|   0|    1|          0|
    |tmp_2_15_i_i_i_reg_1432                                   |    1|   0|    1|          0|
    |tmp_2_16_i_i_i_reg_1437                                   |    1|   0|    1|          0|
    |tmp_2_17_i_i_i_reg_1442                                   |    1|   0|    1|          0|
    |tmp_2_18_i_i_i_reg_1447                                   |    1|   0|    1|          0|
    |tmp_2_19_i_i_i_reg_1452                                   |    1|   0|    1|          0|
    |tmp_2_20_i_i_i_reg_1457                                   |    1|   0|    1|          0|
    |tmp_2_21_i_i_i_reg_1462                                   |    1|   0|    1|          0|
    |tmp_2_22_i_i_i_reg_1467                                   |    1|   0|    1|          0|
    |tmp_2_23_i_i_i_reg_1472                                   |    1|   0|    1|          0|
    |tmp_2_24_i_i_i_reg_1477                                   |    1|   0|    1|          0|
    |tmp_2_25_i_i_i_reg_1482                                   |    1|   0|    1|          0|
    |tmp_2_26_i_i_i_reg_1487                                   |    1|   0|    1|          0|
    |tmp_2_27_i_i_i_reg_1492                                   |    1|   0|    1|          0|
    |tmp_2_28_i_i_i_reg_1497                                   |    1|   0|    1|          0|
    |tmp_2_29_i_i_i_reg_1502                                   |    1|   0|    1|          0|
    |tmp_2_2_i_i_i_reg_1362                                    |    1|   0|    1|          0|
    |tmp_2_4_i_i_i_reg_1372                                    |    1|   0|    1|          0|
    |tmp_2_5_i_i_i_reg_1377                                    |    1|   0|    1|          0|
    |tmp_2_6_i_i_i_reg_1382                                    |    1|   0|    1|          0|
    |tmp_2_8_i_i_i_reg_1392                                    |    1|   0|    1|          0|
    |tmp_2_9_i_i_i_reg_1397                                    |    1|   0|    1|          0|
    |tmp_2_i_i_i_reg_1402                                      |    1|   0|    1|          0|
    |tmp_3_reg_1326                                            |   16|   0|   16|          0|
    |tmp_4_cast_i_i_i_reg_1342                                 |   13|   0|   13|          0|
    |tmp_4_i_reg_1507                                          |   12|   0|   32|         20|
    |tmp_6_cast_i_i_i_reg_1347                                 |   11|   0|   27|         16|
    |tmp_8_i_i_i_reg_1525                                      |    1|   0|    1|          0|
    |tmp_fu_242                                                |    8|   0|    8|          0|
    |tmp_i_i_i_reg_1337                                        |    1|   0|    1|          0|
    |x1_i_i_i_reg_698                                          |   12|   0|   12|          0|
    |x_1_reg_1569                                              |   12|   0|   12|          0|
    |x_i_i_i_reg_336                                           |   12|   0|   12|          0|
    |y_i_i_i_reg_325                                           |   16|   0|   16|          0|
    |y_reg_1516                                                |   16|   0|   16|          0|
    |yoffset_i_i_i_reg_313                                     |   27|   0|   27|          0|
    |yoffset_reg_1883                                          |   27|   0|   27|          0|
    +----------------------------------------------------------+-----+----+-----+-----------+
    |Total                                                     | 1183|   0| 1220|         37|
    +----------------------------------------------------------+-----+----+-----+-----------+



================================================================
== Interface
================================================================
* Summary: 
+------------------------+-----+-----+------------+-----------------------+--------------+
|        RTL Ports       | Dir | Bits|  Protocol  |     Source Object     |    C Type    |
+------------------------+-----+-----+------------+-----------------------+--------------+
|ap_clk                  |  in |    1| ap_ctrl_hs | PixelStream2AXIBursts | return value |
|ap_rst                  |  in |    1| ap_ctrl_hs | PixelStream2AXIBursts | return value |
|ap_start                |  in |    1| ap_ctrl_hs | PixelStream2AXIBursts | return value |
|ap_done                 | out |    1| ap_ctrl_hs | PixelStream2AXIBursts | return value |
|ap_continue             |  in |    1| ap_ctrl_hs | PixelStream2AXIBursts | return value |
|ap_idle                 | out |    1| ap_ctrl_hs | PixelStream2AXIBursts | return value |
|ap_ready                | out |    1| ap_ctrl_hs | PixelStream2AXIBursts | return value |
|ap_ext_blocking_n       | out |    1| ap_ctrl_hs | PixelStream2AXIBursts | return value |
|ap_str_blocking_n       | out |    1| ap_ctrl_hs | PixelStream2AXIBursts | return value |
|ap_int_blocking_n       | out |    1| ap_ctrl_hs | PixelStream2AXIBursts | return value |
|stream_V_dout           |  in |    8|   ap_fifo  |        stream_V       |    pointer   |
|stream_V_empty_n        |  in |    1|   ap_fifo  |        stream_V       |    pointer   |
|stream_V_read           | out |    1|   ap_fifo  |        stream_V       |    pointer   |
|width_dout              |  in |   32|   ap_fifo  |         width         |    pointer   |
|width_empty_n           |  in |    1|   ap_fifo  |         width         |    pointer   |
|width_read              | out |    1|   ap_fifo  |         width         |    pointer   |
|height_dout             |  in |   32|   ap_fifo  |         height        |    pointer   |
|height_empty_n          |  in |    1|   ap_fifo  |         height        |    pointer   |
|height_read             | out |    1|   ap_fifo  |         height        |    pointer   |
|stride_dout             |  in |   32|   ap_fifo  |         stride        |    pointer   |
|stride_empty_n          |  in |    1|   ap_fifo  |         stride        |    pointer   |
|stride_read             | out |    1|   ap_fifo  |         stride        |    pointer   |
|m_axi_aximm_V_AWVALID   | out |    1|    m_axi   |        aximm_V        |    pointer   |
|m_axi_aximm_V_AWREADY   |  in |    1|    m_axi   |        aximm_V        |    pointer   |
|m_axi_aximm_V_AWADDR    | out |   64|    m_axi   |        aximm_V        |    pointer   |
|m_axi_aximm_V_AWID      | out |    1|    m_axi   |        aximm_V        |    pointer   |
|m_axi_aximm_V_AWLEN     | out |   32|    m_axi   |        aximm_V        |    pointer   |
|m_axi_aximm_V_AWSIZE    | out |    3|    m_axi   |        aximm_V        |    pointer   |
|m_axi_aximm_V_AWBURST   | out |    2|    m_axi   |        aximm_V        |    pointer   |
|m_axi_aximm_V_AWLOCK    | out |    2|    m_axi   |        aximm_V        |    pointer   |
|m_axi_aximm_V_AWCACHE   | out |    4|    m_axi   |        aximm_V        |    pointer   |
|m_axi_aximm_V_AWPROT    | out |    3|    m_axi   |        aximm_V        |    pointer   |
|m_axi_aximm_V_AWQOS     | out |    4|    m_axi   |        aximm_V        |    pointer   |
|m_axi_aximm_V_AWREGION  | out |    4|    m_axi   |        aximm_V        |    pointer   |
|m_axi_aximm_V_AWUSER    | out |    1|    m_axi   |        aximm_V        |    pointer   |
|m_axi_aximm_V_WVALID    | out |    1|    m_axi   |        aximm_V        |    pointer   |
|m_axi_aximm_V_WREADY    |  in |    1|    m_axi   |        aximm_V        |    pointer   |
|m_axi_aximm_V_WDATA     | out |  256|    m_axi   |        aximm_V        |    pointer   |
|m_axi_aximm_V_WSTRB     | out |   32|    m_axi   |        aximm_V        |    pointer   |
|m_axi_aximm_V_WLAST     | out |    1|    m_axi   |        aximm_V        |    pointer   |
|m_axi_aximm_V_WID       | out |    1|    m_axi   |        aximm_V        |    pointer   |
|m_axi_aximm_V_WUSER     | out |    1|    m_axi   |        aximm_V        |    pointer   |
|m_axi_aximm_V_ARVALID   | out |    1|    m_axi   |        aximm_V        |    pointer   |
|m_axi_aximm_V_ARREADY   |  in |    1|    m_axi   |        aximm_V        |    pointer   |
|m_axi_aximm_V_ARADDR    | out |   64|    m_axi   |        aximm_V        |    pointer   |
|m_axi_aximm_V_ARID      | out |    1|    m_axi   |        aximm_V        |    pointer   |
|m_axi_aximm_V_ARLEN     | out |   32|    m_axi   |        aximm_V        |    pointer   |
|m_axi_aximm_V_ARSIZE    | out |    3|    m_axi   |        aximm_V        |    pointer   |
|m_axi_aximm_V_ARBURST   | out |    2|    m_axi   |        aximm_V        |    pointer   |
|m_axi_aximm_V_ARLOCK    | out |    2|    m_axi   |        aximm_V        |    pointer   |
|m_axi_aximm_V_ARCACHE   | out |    4|    m_axi   |        aximm_V        |    pointer   |
|m_axi_aximm_V_ARPROT    | out |    3|    m_axi   |        aximm_V        |    pointer   |
|m_axi_aximm_V_ARQOS     | out |    4|    m_axi   |        aximm_V        |    pointer   |
|m_axi_aximm_V_ARREGION  | out |    4|    m_axi   |        aximm_V        |    pointer   |
|m_axi_aximm_V_ARUSER    | out |    1|    m_axi   |        aximm_V        |    pointer   |
|m_axi_aximm_V_RVALID    |  in |    1|    m_axi   |        aximm_V        |    pointer   |
|m_axi_aximm_V_RREADY    | out |    1|    m_axi   |        aximm_V        |    pointer   |
|m_axi_aximm_V_RDATA     |  in |  256|    m_axi   |        aximm_V        |    pointer   |
|m_axi_aximm_V_RLAST     |  in |    1|    m_axi   |        aximm_V        |    pointer   |
|m_axi_aximm_V_RID       |  in |    1|    m_axi   |        aximm_V        |    pointer   |
|m_axi_aximm_V_RUSER     |  in |    1|    m_axi   |        aximm_V        |    pointer   |
|m_axi_aximm_V_RRESP     |  in |    2|    m_axi   |        aximm_V        |    pointer   |
|m_axi_aximm_V_BVALID    |  in |    1|    m_axi   |        aximm_V        |    pointer   |
|m_axi_aximm_V_BREADY    | out |    1|    m_axi   |        aximm_V        |    pointer   |
|m_axi_aximm_V_BRESP     |  in |    2|    m_axi   |        aximm_V        |    pointer   |
|m_axi_aximm_V_BID       |  in |    1|    m_axi   |        aximm_V        |    pointer   |
|m_axi_aximm_V_BUSER     |  in |    1|    m_axi   |        aximm_V        |    pointer   |
|aximm_V_offset_dout     |  in |   64|   ap_fifo  |     aximm_V_offset    |    pointer   |
|aximm_V_offset_empty_n  |  in |    1|   ap_fifo  |     aximm_V_offset    |    pointer   |
|aximm_V_offset_read     | out |    1|   ap_fifo  |     aximm_V_offset    |    pointer   |
+------------------------+-----+-----+------------+-----------------------+--------------+

