INFO: [VRFC 10-2263] Analyzing Verilog file "/home/centos/SME-Developer-Labs/module_02/filter2d/workspace/Filter2D/Emulation-HW/_xocc_link_binary_container_1/impl/build/hw_em/binary_container_1/sv/binary_container_1_ipi/ipiprj/ipiprj.srcs/sources_1/bd/dr/ipshared/ecb2/hdl/verilog/AXIBursts2PixelStream8_buff_V.v" into library xil_defaultlib
INFO: [VRFC 10-311] analyzing module AXIBursts2PixelStream8_buff_V_ram
INFO: [VRFC 10-311] analyzing module AXIBursts2PixelStream8_buff_V
INFO: [VRFC 10-2263] Analyzing Verilog file "/home/centos/SME-Developer-Labs/module_02/filter2d/workspace/Filter2D/Emulation-HW/_xocc_link_binary_container_1/impl/build/hw_em/binary_container_1/sv/binary_container_1_ipi/ipiprj/ipiprj.srcs/sources_1/bd/dr/ipshared/ecb2/hdl/verilog/Filter2DKernel_mul_8ns_32s_32_2.v" into library xil_defaultlib
INFO: [VRFC 10-311] analyzing module Filter2DKernel_mul_8ns_32s_32_2_MulnS_0
INFO: [VRFC 10-311] analyzing module Filter2DKernel_mul_8ns_32s_32_2
INFO: [VRFC 10-2263] Analyzing Verilog file "/home/centos/SME-Developer-Labs/module_02/filter2d/workspace/Filter2D/Emulation-HW/_xocc_link_binary_container_1/impl/build/hw_em/binary_container_1/sv/binary_container_1_ipi/ipiprj/ipiprj.srcs/sources_1/bd/dr/ipshared/ecb2/hdl/verilog/Filter2DKernel_mul_34ns_32s_65_2.v" into library xil_defaultlib
INFO: [VRFC 10-311] analyzing module Filter2DKernel_mul_34ns_32s_65_2_MulnS_1
INFO: [VRFC 10-311] analyzing module Filter2DKernel_mul_34ns_32s_65_2
INFO: [VRFC 10-2263] Analyzing Verilog file "/home/centos/SME-Developer-Labs/module_02/filter2d/workspace/Filter2D/Emulation-HW/_xocc_link_binary_container_1/impl/build/hw_em/binary_container_1/sv/binary_container_1_ipi/ipiprj/ipiprj.srcs/sources_1/bd/dr/ipshared/ecb2/hdl/verilog/Filter2D_pixelWindow_mLineBuffer_val_0.v" into library xil_defaultlib
INFO: [VRFC 10-311] analyzing module Filter2D_pixelWindow_mLineBuffer_val_0_ram
INFO: [VRFC 10-311] analyzing module Filter2D_pixelWindow_mLineBuffer_val_0
INFO: [VRFC 10-2263] Analyzing Verilog file "/home/centos/SME-Developer-Labs/module_02/filter2d/workspace/Filter2D/Emulation-HW/_xocc_link_binary_container_1/impl/build/hw_em/binary_container_1/sv/binary_container_1_ipi/ipiprj/ipiprj.srcs/sources_1/bd/dr/ipshared/ecb2/hdl/verilog/Filter2D_pixelWindow_mLineBuffer_val_1.v" into library xil_defaultlib
INFO: [VRFC 10-311] analyzing module Filter2D_pixelWindow_mLineBuffer_val_1_ram
INFO: [VRFC 10-311] analyzing module Filter2D_pixelWindow_mLineBuffer_val_1
INFO: [VRFC 10-2263] Analyzing Verilog file "/home/centos/SME-Developer-Labs/module_02/filter2d/workspace/Filter2D/Emulation-HW/_xocc_link_binary_container_1/impl/build/hw_em/binary_container_1/sv/binary_container_1_ipi/ipiprj/ipiprj.srcs/sources_1/bd/dr/ipshared/ecb2/hdl/verilog/fifo_w8_d64_A.v" into library xil_defaultlib
INFO: [VRFC 10-311] analyzing module fifo_w8_d64_A_shiftReg
INFO: [VRFC 10-311] analyzing module fifo_w8_d64_A
INFO: [VRFC 10-2263] Analyzing Verilog file "/home/centos/SME-Developer-Labs/module_02/filter2d/workspace/Filter2D/Emulation-HW/_xocc_link_binary_container_1/impl/build/hw_em/binary_container_1/sv/binary_container_1_ipi/ipiprj/ipiprj.srcs/sources_1/bd/dr/ipshared/ecb2/hdl/verilog/fifo_w32_d1_A.v" into library xil_defaultlib
INFO: [VRFC 10-311] analyzing module fifo_w32_d1_A_shiftReg
INFO: [VRFC 10-311] analyzing module fifo_w32_d1_A
INFO: [VRFC 10-2263] Analyzing Verilog file "/home/centos/SME-Developer-Labs/module_02/filter2d/workspace/Filter2D/Emulation-HW/_xocc_link_binary_container_1/impl/build/hw_em/binary_container_1/sv/binary_container_1_ipi/ipiprj/ipiprj.srcs/sources_1/bd/dr/ipshared/ecb2/hdl/verilog/fifo_w32_d2_A.v" into library xil_defaultlib
INFO: [VRFC 10-311] analyzing module fifo_w32_d2_A_shiftReg
INFO: [VRFC 10-311] analyzing module fifo_w32_d2_A
INFO: [VRFC 10-2263] Analyzing Verilog file "/home/centos/SME-Developer-Labs/module_02/filter2d/workspace/Filter2D/Emulation-HW/_xocc_link_binary_container_1/impl/build/hw_em/binary_container_1/sv/binary_container_1_ipi/ipiprj/ipiprj.srcs/sources_1/bd/dr/ipshared/ecb2/hdl/verilog/fifo_w64_d1_A.v" into library xil_defaultlib
INFO: [VRFC 10-311] analyzing module fifo_w64_d1_A_shiftReg
INFO: [VRFC 10-311] analyzing module fifo_w64_d1_A
INFO: [VRFC 10-2263] Analyzing Verilog file "/home/centos/SME-Developer-Labs/module_02/filter2d/workspace/Filter2D/Emulation-HW/_xocc_link_binary_container_1/impl/build/hw_em/binary_container_1/sv/binary_container_1_ipi/ipiprj/ipiprj.srcs/sources_1/bd/dr/ipshared/ecb2/hdl/verilog/fifo_w64_d2_A.v" into library xil_defaultlib
INFO: [VRFC 10-311] analyzing module fifo_w64_d2_A_shiftReg
INFO: [VRFC 10-311] analyzing module fifo_w64_d2_A
INFO: [VRFC 10-2263] Analyzing Verilog file "/home/centos/SME-Developer-Labs/module_02/filter2d/workspace/Filter2D/Emulation-HW/_xocc_link_binary_container_1/impl/build/hw_em/binary_container_1/sv/binary_container_1_ipi/ipiprj/ipiprj.srcs/sources_1/bd/dr/ipshared/ecb2/hdl/verilog/Filter2DKernel_control_s_axi.v" into library xil_defaultlib
INFO: [VRFC 10-311] analyzing module Filter2DKernel_control_s_axi
INFO: [VRFC 10-2263] Analyzing Verilog file "/home/centos/SME-Developer-Labs/module_02/filter2d/workspace/Filter2D/Emulation-HW/_xocc_link_binary_container_1/impl/build/hw_em/binary_container_1/sv/binary_container_1_ipi/ipiprj/ipiprj.srcs/sources_1/bd/dr/ipshared/ecb2/hdl/verilog/Filter2DKernel_gmem1_m_axi.v" into library xil_defaultlib
INFO: [VRFC 10-311] analyzing module Filter2DKernel_gmem1_m_axi
INFO: [VRFC 10-311] analyzing module Filter2DKernel_gmem1_m_axi_reg_slice
INFO: [VRFC 10-311] analyzing module Filter2DKernel_gmem1_m_axi_fifo
INFO: [VRFC 10-311] analyzing module Filter2DKernel_gmem1_m_axi_buffer
INFO: [VRFC 10-311] analyzing module Filter2DKernel_gmem1_m_axi_decoder
INFO: [VRFC 10-311] analyzing module Filter2DKernel_gmem1_m_axi_throttl
INFO: [VRFC 10-311] analyzing module Filter2DKernel_gmem1_m_axi_read
INFO: [VRFC 10-311] analyzing module Filter2DKernel_gmem1_m_axi_write
INFO: [VRFC 10-2458] undeclared symbol data_valid, assumed default net type wire [/home/centos/SME-Developer-Labs/module_02/filter2d/workspace/Filter2D/Emulation-HW/_xocc_link_binary_container_1/impl/build/hw_em/binary_container_1/sv/binary_container_1_ipi/ipiprj/ipiprj.srcs/sources_1/bd/dr/ipshared/ecb2/hdl/verilog/Filter2DKernel_gmem1_m_axi.v:2039]
INFO: [VRFC 10-2263] Analyzing Verilog file "/home/centos/SME-Developer-Labs/module_02/filter2d/workspace/Filter2D/Emulation-HW/_xocc_link_binary_container_1/impl/build/hw_em/binary_container_1/sv/binary_container_1_ipi/ipiprj/ipiprj.srcs/sources_1/bd/dr/ipshared/ecb2/hdl/verilog/Filter2DKernel_gmem0_m_axi.v" into library xil_defaultlib
INFO: [VRFC 10-311] analyzing module Filter2DKernel_gmem0_m_axi
INFO: [VRFC 10-311] analyzing module Filter2DKernel_gmem0_m_axi_reg_slice
INFO: [VRFC 10-311] analyzing module Filter2DKernel_gmem0_m_axi_fifo
INFO: [VRFC 10-311] analyzing module Filter2DKernel_gmem0_m_axi_buffer
INFO: [VRFC 10-311] analyzing module Filter2DKernel_gmem0_m_axi_decoder
INFO: [VRFC 10-311] analyzing module Filter2DKernel_gmem0_m_axi_throttl
INFO: [VRFC 10-311] analyzing module Filter2DKernel_gmem0_m_axi_read
INFO: [VRFC 10-311] analyzing module Filter2DKernel_gmem0_m_axi_write
INFO: [VRFC 10-2458] undeclared symbol data_valid, assumed default net type wire [/home/centos/SME-Developer-Labs/module_02/filter2d/workspace/Filter2D/Emulation-HW/_xocc_link_binary_container_1/impl/build/hw_em/binary_container_1/sv/binary_container_1_ipi/ipiprj/ipiprj.srcs/sources_1/bd/dr/ipshared/ecb2/hdl/verilog/Filter2DKernel_gmem0_m_axi.v:2039]
INFO: [VRFC 10-2263] Analyzing Verilog file "/home/centos/SME-Developer-Labs/module_02/filter2d/workspace/Filter2D/Emulation-HW/_xocc_link_binary_container_1/impl/build/hw_em/binary_container_1/sv/binary_container_1_ipi/ipiprj/ipiprj.srcs/sources_1/bd/dr/ipshared/ecb2/hdl/verilog/AXIBursts2PixelStream8.v" into library xil_defaultlib
INFO: [VRFC 10-311] analyzing module AXIBursts2PixelStream8
INFO: [VRFC 10-2263] Analyzing Verilog file "/home/centos/SME-Developer-Labs/module_02/filter2d/workspace/Filter2D/Emulation-HW/_xocc_link_binary_container_1/impl/build/hw_em/binary_container_1/sv/binary_container_1_ipi/ipiprj/ipiprj.srcs/sources_1/bd/dr/ipshared/ecb2/hdl/verilog/Filter2D.v" into library xil_defaultlib
INFO: [VRFC 10-311] analyzing module Filter2D
INFO: [VRFC 10-2263] Analyzing Verilog file "/home/centos/SME-Developer-Labs/module_02/filter2d/workspace/Filter2D/Emulation-HW/_xocc_link_binary_container_1/impl/build/hw_em/binary_container_1/sv/binary_container_1_ipi/ipiprj/ipiprj.srcs/sources_1/bd/dr/ipshared/ecb2/hdl/verilog/PixelStream2AXIBursts.v" into library xil_defaultlib
INFO: [VRFC 10-311] analyzing module PixelStream2AXIBursts
INFO: [VRFC 10-2263] Analyzing Verilog file "/home/centos/SME-Developer-Labs/module_02/filter2d/workspace/Filter2D/Emulation-HW/_xocc_link_binary_container_1/impl/build/hw_em/binary_container_1/sv/binary_container_1_ipi/ipiprj/ipiprj.srcs/sources_1/bd/dr/ipshared/ecb2/hdl/verilog/Filter2DKernel.v" into library xil_defaultlib
INFO: [VRFC 10-311] analyzing module Filter2DKernel
INFO: [VRFC 10-2263] Analyzing Verilog file "/home/centos/SME-Developer-Labs/module_02/filter2d/workspace/Filter2D/Emulation-HW/_xocc_link_binary_container_1/impl/build/hw_em/binary_container_1/sv/binary_container_1_ipi/ipiprj/ipiprj.ip_user_files/bd/dr/ip/dr_Filter2DKernel_1_0/sim/dr_Filter2DKernel_1_0.v" into library xil_defaultlib
INFO: [VRFC 10-311] analyzing module dr_Filter2DKernel_1_0
INFO: [VRFC 10-2263] Analyzing Verilog file "/home/centos/SME-Developer-Labs/module_02/filter2d/workspace/Filter2D/Emulation-HW/_xocc_link_binary_container_1/impl/build/hw_em/binary_container_1/sv/binary_container_1_ipi/ipiprj/ipiprj.ip_user_files/bd/dr/ip/dr_xlconstant_zero_1_0/sim/dr_xlconstant_zero_1_0.v" into library xil_defaultlib
INFO: [VRFC 10-311] analyzing module dr_xlconstant_zero_1_0
INFO: [VRFC 10-2263] Analyzing Verilog file "/home/centos/SME-Developer-Labs/module_02/filter2d/workspace/Filter2D/Emulation-HW/_xocc_link_binary_container_1/impl/build/hw_em/binary_container_1/sv/binary_container_1_ipi/ipiprj/ipiprj.ip_user_files/bd/dr/ip/dr_xlconstant_zero_36_0/sim/dr_xlconstant_zero_36_0.v" into library xil_defaultlib
INFO: [VRFC 10-311] analyzing module dr_xlconstant_zero_36_0
INFO: [VRFC 10-2263] Analyzing Verilog file "/home/centos/SME-Developer-Labs/module_02/filter2d/workspace/Filter2D/Emulation-HW/_xocc_link_binary_container_1/impl/build/hw_em/binary_container_1/sv/binary_container_1_ipi/ipiprj/ipiprj.ip_user_files/bd/dr/ip/dr_xlconstant_zero_8_0/sim/dr_xlconstant_zero_8_0.v" into library xil_defaultlib
INFO: [VRFC 10-311] analyzing module dr_xlconstant_zero_8_0
INFO: [VRFC 10-2263] Analyzing Verilog file "/home/centos/SME-Developer-Labs/module_02/filter2d/workspace/Filter2D/Emulation-HW/_xocc_link_binary_container_1/impl/build/hw_em/binary_container_1/sv/binary_container_1_ipi/ipiprj/ipiprj.ip_user_files/bd/dr/ip/dr_xlconstant_zero_3_0/sim/dr_xlconstant_zero_3_0.v" into library xil_defaultlib
INFO: [VRFC 10-311] analyzing module dr_xlconstant_zero_3_0
INFO: [VRFC 10-2263] Analyzing Verilog file "/home/centos/SME-Developer-Labs/module_02/filter2d/workspace/Filter2D/Emulation-HW/_xocc_link_binary_container_1/impl/build/hw_em/binary_container_1/sv/binary_container_1_ipi/ipiprj/ipiprj.ip_user_files/bd/dr/ip/dr_xlconstant_zero_2_0/sim/dr_xlconstant_zero_2_0.v" into library xil_defaultlib
INFO: [VRFC 10-311] analyzing module dr_xlconstant_zero_2_0
INFO: [VRFC 10-2263] Analyzing Verilog file "/home/centos/SME-Developer-Labs/module_02/filter2d/workspace/Filter2D/Emulation-HW/_xocc_link_binary_container_1/impl/build/hw_em/binary_container_1/sv/binary_container_1_ipi/ipiprj/ipiprj.ip_user_files/bd/dr/ip/dr_xlconstant_zero_4_0/sim/dr_xlconstant_zero_4_0.v" into library xil_defaultlib
INFO: [VRFC 10-311] analyzing module dr_xlconstant_zero_4_0
INFO: [VRFC 10-2263] Analyzing Verilog file "/home/centos/SME-Developer-Labs/module_02/filter2d/workspace/Filter2D/Emulation-HW/_xocc_link_binary_container_1/impl/build/hw_em/binary_container_1/sv/binary_container_1_ipi/ipiprj/ipiprj.ip_user_files/bd/dr/ip/dr_xlconstant_zero_512_0/sim/dr_xlconstant_zero_512_0.v" into library xil_defaultlib
INFO: [VRFC 10-311] analyzing module dr_xlconstant_zero_512_0
INFO: [VRFC 10-2263] Analyzing Verilog file "/home/centos/SME-Developer-Labs/module_02/filter2d/workspace/Filter2D/Emulation-HW/_xocc_link_binary_container_1/impl/build/hw_em/binary_container_1/sv/binary_container_1_ipi/ipiprj/ipiprj.ip_user_files/bd/dr/ip/dr_xlconstant_zero_64_0/sim/dr_xlconstant_zero_64_0.v" into library xil_defaultlib
INFO: [VRFC 10-311] analyzing module dr_xlconstant_zero_64_0
INFO: [VRFC 10-2263] Analyzing Verilog file "/home/centos/SME-Developer-Labs/module_02/filter2d/workspace/Filter2D/Emulation-HW/_xocc_link_binary_container_1/impl/build/hw_em/binary_container_1/sv/binary_container_1_ipi/ipiprj/ipiprj.ip_user_files/bd/dr/ip/dr_xbar_0/sim/dr_xbar_0.v" into library xil_defaultlib
INFO: [VRFC 10-311] analyzing module dr_xbar_0
INFO: [VRFC 10-2263] Analyzing SystemVerilog file "/home/centos/SME-Developer-Labs/module_02/filter2d/workspace/Filter2D/Emulation-HW/_xocc_link_binary_container_1/impl/build/hw_em/binary_container_1/sv/binary_container_1_ipi/ipiprj/ipiprj.ip_user_files/bd/dr/ipshared/521f/hdl/Verilog/sdx_aximm_wv_v1_0_top.sv" into library xil_defaultlib
INFO: [VRFC 10-311] analyzing module sdx_aximm_wv_v1_0_top
INFO: [VRFC 10-2263] Analyzing SystemVerilog file "/home/centos/SME-Developer-Labs/module_02/filter2d/workspace/Filter2D/Emulation-HW/_xocc_link_binary_container_1/impl/build/hw_em/binary_container_1/sv/binary_container_1_ipi/ipiprj/ipiprj.ip_user_files/bd/dr/ip/dr_xilmonitor_Filter2DKernel_1_m_axi_gmem0_0/sim/dr_xilmonitor_Filter2DKernel_1_m_axi_gmem0_0.sv" into library xil_defaultlib
INFO: [VRFC 10-311] analyzing module dr_xilmonitor_Filter2DKernel_1_m_axi_gmem0_0
INFO: [VRFC 10-2263] Analyzing SystemVerilog file "/home/centos/SME-Developer-Labs/module_02/filter2d/workspace/Filter2D/Emulation-HW/_xocc_link_binary_container_1/impl/build/hw_em/binary_container_1/sv/binary_container_1_ipi/ipiprj/ipiprj.ip_user_files/bd/dr/ip/dr_xilmonitor_Filter2DKernel_1_m_axi_gmem1_0/sim/dr_xilmonitor_Filter2DKernel_1_m_axi_gmem1_0.sv" into library xil_defaultlib
INFO: [VRFC 10-311] analyzing module dr_xilmonitor_Filter2DKernel_1_m_axi_gmem1_0
INFO: [VRFC 10-2263] Analyzing SystemVerilog file "/home/centos/SME-Developer-Labs/module_02/filter2d/workspace/Filter2D/Emulation-HW/_xocc_link_binary_container_1/impl/build/hw_em/binary_container_1/sv/binary_container_1_ipi/ipiprj/ipiprj.ip_user_files/bd/dr/ip/dr_xilmonitor_m_axi_interconnect_M00_AXI_M00_AXI_0/sim/dr_xilmonitor_m_axi_interconnect_M00_AXI_M00_AXI_0.sv" into library xil_defaultlib
INFO: [VRFC 10-311] analyzing module dr_xilmonitor_m_axi_interconnect_M00_AXI_M00_AXI_0
INFO: [VRFC 10-2263] Analyzing Verilog file "/home/centos/SME-Developer-Labs/module_02/filter2d/workspace/Filter2D/Emulation-HW/_xocc_link_binary_container_1/impl/build/hw_em/binary_container_1/sv/binary_container_1_ipi/ipiprj/ipiprj.ip_user_files/bd/dr/hdl/dr.v" into library xil_defaultlib
INFO: [VRFC 10-311] analyzing module OCL_Region_0_imp_Y41SA3
INFO: [VRFC 10-311] analyzing module dr
INFO: [VRFC 10-311] analyzing module dr_axi_interconnect_0_0
INFO: [VRFC 10-311] analyzing module dr_m_axi_interconnect_M00_AXI_0
INFO: [VRFC 10-311] analyzing module dr_s_axi_interconnect_0_0
INFO: [VRFC 10-311] analyzing module m00_couplers_imp_MYGOGN
INFO: [VRFC 10-311] analyzing module s00_couplers_imp_1YWWM63
INFO: [VRFC 10-311] analyzing module s00_couplers_imp_J0JM2M
INFO: [VRFC 10-311] analyzing module s00_couplers_imp_KG6WOC
INFO: [VRFC 10-311] analyzing module s01_couplers_imp_RSSWNO
INFO: [VRFC 10-2263] Analyzing SystemVerilog file "/home/centos/SME-Developer-Labs/module_02/filter2d/workspace/Filter2D/Emulation-HW/_xocc_link_binary_container_1/impl/build/hw_em/binary_container_1/sv/binary_container_1_ipi/ipiprj/ipiprj.ip_user_files/bd/dr/ip/dr_sdaccel_generic_pcie_0_0/sim/dr_sdaccel_generic_pcie_0_0.sv" into library xil_defaultlib
INFO: [VRFC 10-311] analyzing module dr_sdaccel_generic_pcie_0_0
INFO: [VRFC 10-2263] Analyzing SystemVerilog file "/home/centos/SME-Developer-Labs/module_02/filter2d/workspace/Filter2D/Emulation-HW/_xocc_link_binary_container_1/impl/build/hw_em/binary_container_1/sv/binary_container_1_ipi/ipiprj/ipiprj.ip_user_files/bd/dr/ip/dr_systemc_synchronizer_0_0/sim/dr_systemc_synchronizer_0_0.sv" into library xil_defaultlib
INFO: [VRFC 10-311] analyzing module dr_systemc_synchronizer_0_0
INFO: [VRFC 10-2263] Analyzing Verilog file "/home/centos/SME-Developer-Labs/module_02/filter2d/workspace/Filter2D/Emulation-HW/_xocc_link_binary_container_1/impl/build/hw_em/binary_container_1/sv/binary_container_1_ipi/ipiprj/ipiprj.ip_user_files/bd/dr/ipshared/68f7/hdl/sim_clk_gen.v" into library xil_defaultlib
INFO: [VRFC 10-311] analyzing module sim_clk_gen
INFO: [VRFC 10-2263] Analyzing Verilog file "/home/centos/SME-Developer-Labs/module_02/filter2d/workspace/Filter2D/Emulation-HW/_xocc_link_binary_container_1/impl/build/hw_em/binary_container_1/sv/binary_container_1_ipi/ipiprj/ipiprj.ip_user_files/bd/dr/ip/dr_c0_ui_clk_0/sim/dr_c0_ui_clk_0.v" into library xil_defaultlib
INFO: [VRFC 10-311] analyzing module dr_c0_ui_clk_0
INFO: [VRFC 10-2263] Analyzing Verilog file "/home/centos/SME-Developer-Labs/module_02/filter2d/workspace/Filter2D/Emulation-HW/_xocc_link_binary_container_1/impl/build/hw_em/binary_container_1/sv/binary_container_1_ipi/ipiprj/ipiprj.ip_user_files/bd/dr/ip/dr_interconnect_control_clk_0/sim/dr_interconnect_control_clk_0.v" into library xil_defaultlib
INFO: [VRFC 10-311] analyzing module dr_interconnect_control_clk_0
INFO: [VRFC 10-2263] Analyzing Verilog file "/home/centos/SME-Developer-Labs/module_02/filter2d/workspace/Filter2D/Emulation-HW/_xocc_link_binary_container_1/impl/build/hw_em/binary_container_1/sv/binary_container_1_ipi/ipiprj/ipiprj.ip_user_files/bd/dr/ip/dr_kernel_clk2_0/sim/dr_kernel_clk2_0.v" into library xil_defaultlib
INFO: [VRFC 10-311] analyzing module dr_kernel_clk2_0
INFO: [VRFC 10-2263] Analyzing Verilog file "/home/centos/SME-Developer-Labs/module_02/filter2d/workspace/Filter2D/Emulation-HW/_xocc_link_binary_container_1/impl/build/hw_em/binary_container_1/sv/binary_container_1_ipi/ipiprj/ipiprj.ip_user_files/bd/dr/ip/dr_auto_cc_1/sim/dr_auto_cc_1.v" into library xil_defaultlib
INFO: [VRFC 10-311] analyzing module dr_auto_cc_1
INFO: [VRFC 10-2263] Analyzing Verilog file "/home/centos/SME-Developer-Labs/module_02/filter2d/workspace/Filter2D/Emulation-HW/_xocc_link_binary_container_1/impl/build/hw_em/binary_container_1/sv/binary_container_1_ipi/ipiprj/ipiprj.ip_user_files/bd/dr/ip/dr_auto_cc_0/sim/dr_auto_cc_0.v" into library xil_defaultlib
INFO: [VRFC 10-311] analyzing module dr_auto_cc_0
INFO: [VRFC 10-2263] Analyzing Verilog file "/home/centos/SME-Developer-Labs/module_02/filter2d/workspace/Filter2D/Emulation-HW/_xocc_link_binary_container_1/impl/build/hw_em/binary_container_1/sv/binary_container_1_ipi/ipiprj/ipiprj.ip_user_files/bd/dr/ip/dr_s00_mmu_0/sim/dr_s00_mmu_0.v" into library xil_defaultlib
INFO: [VRFC 10-311] analyzing module dr_s00_mmu_0
INFO: [VRFC 10-2263] Analyzing Verilog file "/home/centos/SME-Developer-Labs/module_02/filter2d/workspace/Filter2D/Emulation-HW/_xocc_link_binary_container_1/impl/build/hw_em/binary_container_1/sv/binary_container_1_ipi/ipiprj/ipiprj.ip_user_files/bd/dr/ip/dr_s01_mmu_0/sim/dr_s01_mmu_0.v" into library xil_defaultlib
INFO: [VRFC 10-311] analyzing module dr_s01_mmu_0
INFO: [VRFC 10-2263] Analyzing Verilog file "/home/centos/SME-Developer-Labs/module_02/filter2d/workspace/Filter2D/Emulation-HW/_xocc_link_binary_container_1/impl/build/hw_em/binary_container_1/sv/binary_container_1_ipi/ipiprj/ipiprj.ip_user_files/bd/dr/ip/dr_s01_regslice_0/sim/dr_s01_regslice_0.v" into library xil_defaultlib
INFO: [VRFC 10-311] analyzing module dr_s01_regslice_0
INFO: [VRFC 10-2263] Analyzing Verilog file "/home/centos/SME-Developer-Labs/module_02/filter2d/workspace/Filter2D/Emulation-HW/_xocc_link_binary_container_1/impl/build/hw_em/binary_container_1/sv/binary_container_1_ipi/ipiprj/ipiprj.ip_user_files/bd/dr/ip/dr_auto_us_1/sim/dr_auto_us_1.v" into library xil_defaultlib
INFO: [VRFC 10-311] analyzing module dr_auto_us_1
INFO: [VRFC 10-2263] Analyzing Verilog file "/home/centos/SME-Developer-Labs/module_02/filter2d/workspace/Filter2D/Emulation-HW/_xocc_link_binary_container_1/impl/build/hw_em/binary_container_1/sv/binary_container_1_ipi/ipiprj/ipiprj.ip_user_files/bd/dr/ip/dr_auto_rs_w_1/sim/dr_auto_rs_w_1.v" into library xil_defaultlib
INFO: [VRFC 10-311] analyzing module dr_auto_rs_w_1
INFO: [VRFC 10-2263] Analyzing Verilog file "/home/centos/SME-Developer-Labs/module_02/filter2d/workspace/Filter2D/Emulation-HW/_xocc_link_binary_container_1/impl/build/hw_em/binary_container_1/sv/binary_container_1_ipi/ipiprj/ipiprj.ip_user_files/bd/dr/ip/dr_s00_regslice_0/sim/dr_s00_regslice_0.v" into library xil_defaultlib
INFO: [VRFC 10-311] analyzing module dr_s00_regslice_0
INFO: [VRFC 10-2263] Analyzing Verilog file "/home/centos/SME-Developer-Labs/module_02/filter2d/workspace/Filter2D/Emulation-HW/_xocc_link_binary_container_1/impl/build/hw_em/binary_container_1/sv/binary_container_1_ipi/ipiprj/ipiprj.ip_user_files/bd/dr/ip/dr_auto_us_0/sim/dr_auto_us_0.v" into library xil_defaultlib
INFO: [VRFC 10-311] analyzing module dr_auto_us_0
INFO: [VRFC 10-2263] Analyzing Verilog file "/home/centos/SME-Developer-Labs/module_02/filter2d/workspace/Filter2D/Emulation-HW/_xocc_link_binary_container_1/impl/build/hw_em/binary_container_1/sv/binary_container_1_ipi/ipiprj/ipiprj.ip_user_files/bd/dr/ip/dr_auto_rs_w_0/sim/dr_auto_rs_w_0.v" into library xil_defaultlib
INFO: [VRFC 10-311] analyzing module dr_auto_rs_w_0
INFO: [VRFC 10-2263] Analyzing Verilog file "/home/centos/SME-Developer-Labs/module_02/filter2d/workspace/Filter2D/Emulation-HW/_xocc_link_binary_container_1/impl/build/hw_em/binary_container_1/sv/binary_container_1_ipi/ipiprj/ipiprj.srcs/sources_1/bd/dr/hdl/dr_wrapper.v" into library xil_defaultlib
INFO: [VRFC 10-311] analyzing module dr_wrapper
INFO: [VRFC 10-2263] Analyzing Verilog file "/home/centos/SME-Developer-Labs/module_02/filter2d/workspace/Filter2D/Emulation-HW/_xocc_link_binary_container_1/impl/build/hw_em/binary_container_1/sv/binary_container_1_ipi/ipiprj/ipiprj.sim/sim_1/behav/glbl.v" into library xil_defaultlib
INFO: [VRFC 10-311] analyzing module glbl
