11:00:10 **** Incremental Build of configuration Emulation-CPU for project Filter2D ****
make incremental 
make: Nothing to be done for `incremental'.
04:43:30 **** Clean-only build of configuration Emulation-CPU for project Filter2D ****
make clean 
rm -f binary_container_1.xclbin binary_container_1/Filter2DKernel.xo binary_container_1/Filter2DKernel.mdb binary_container_1.mdb emconfig.json Filter2D.exe src/host/cmdlineparser.o src/host/filter2d.o src/host/host.o src/host/logger.o src/host/xclbin_helper.o
rm -rf binary_container_1 src/host/
rm -rf _xocc*
rm -rf .Xil
04:43:31 **** Clean-only build of configuration Emulation-HW for project Filter2D ****
make clean 
rm -f binary_container_1.xclbin binary_container_1/Filter2DKernel.xo binary_container_1/Filter2DKernel.mdb binary_container_1.mdb emconfig.json Filter2D.exe src/host/cmdlineparser.o src/host/filter2d.o src/host/host.o src/host/logger.o src/host/xclbin_helper.o
rm -rf binary_container_1 src/host/
rm -rf _xocc*
rm -rf .Xil
04:43:41 **** Build of configuration Emulation-CPU for project Filter2D ****
make incremental 
/opt/Xilinx/SDx/2017.1.op/bin/xocc -t sw_emu --platform /home/centos/aws-fpga/SDAccel/aws_platform/xilinx_aws-vu9p-f1_4ddr-xpr-2pr_4_0/xilinx_aws-vu9p-f1_4ddr-xpr-2pr_4_0.xpfm --save-temps   -c -k Filter2DKernel -g --messageDb binary_container_1/Filter2DKernel.mdb -I"../src/kernel" --xp misc:solution_name=_xocc_compile_binary_container_1_Filter2DKernel -o"binary_container_1/Filter2DKernel.xo" "../src/kernel/filter2d.cpp" "../src/kernel/axi2stream.cpp"

****** xocc v2017.1_sdx (64-bit)
  **** SW Build 1933108 on Fri Jul 14 11:54:19 MDT 2017
    ** Copyright 1986-2017 Xilinx, Inc. All Rights Reserved.

Attempting to get a license: ap_opencl
INFO: [XOCC 17-1223] The version limit for your license is '2018.03' and will expire in -12 days. A version limit expiration means that, although you may be able to continue to use the current version of tools or IP with this license, you will not be eligible for any updates or new releases.
Feature available: ap_opencl
INFO: [XOCC 60-585] Compiling for software emulation target
INFO: [XOCC 60-895]    Target platform: /home/centos/aws-fpga/SDAccel/aws_platform/xilinx_aws-vu9p-f1_4ddr-xpr-2pr_4_0/xilinx_aws-vu9p-f1_4ddr-xpr-2pr_4_0.xpfm
INFO: [XOCC 60-423]   Target device: xilinx:aws-vu9p-f1:4ddr-xpr-2pr:4.0
INFO: [XOCC 60-242] Creating kernel: 'Filter2DKernel'

===>The following messages were generated while  performing high-level synthesis for kernel: Filter2DKernel Log file:/home/centos/thomas/Labs/SME-Developer-Labs-master/module_02/filter2d/workspace/Filter2D/Emulation-CPU/_xocc_compile_binary_container_1_Filter2DKernel/impl/kernels/Filter2DKernel/vivado_hls.log :
INFO: [XOCC 204-61] Option 'relax_ii_for_timing' is enabled, will increase II to preserve clock frequency constraints.
INFO: [XOCC 60-594] Finished kernel compilation
INFO: [XOCC 60-586] Created binary_container_1/Filter2DKernel.xo
INFO: [XOCC 60-791] Total elapsed time: 0h 0m 29s
/opt/Xilinx/SDx/2017.1.op/bin/xocc -t sw_emu --platform /home/centos/aws-fpga/SDAccel/aws_platform/xilinx_aws-vu9p-f1_4ddr-xpr-2pr_4_0/xilinx_aws-vu9p-f1_4ddr-xpr-2pr_4_0.xpfm --save-temps   -l --nk Filter2DKernel:1 -g --messageDb binary_container_1.mdb --xp misc:solution_name=_xocc_link_binary_container_1 -o"binary_container_1.xclbin" binary_container_1/Filter2DKernel.xo

****** xocc v2017.1_sdx (64-bit)
  **** SW Build 1933108 on Fri Jul 14 11:54:19 MDT 2017
    ** Copyright 1986-2017 Xilinx, Inc. All Rights Reserved.

INFO: [XOCC 60-899] Reading --xp value from platform: param:compiler.lockFlowCritSlackThreshold=0
Attempting to get a license: ap_opencl
INFO: [XOCC 17-1223] The version limit for your license is '2018.03' and will expire in -12 days. A version limit expiration means that, although you may be able to continue to use the current version of tools or IP with this license, you will not be eligible for any updates or new releases.
Feature available: ap_opencl
INFO: [XOCC 60-629] Linking for software emulation target
INFO: [XOCC 60-895]    Target platform: /home/centos/aws-fpga/SDAccel/aws_platform/xilinx_aws-vu9p-f1_4ddr-xpr-2pr_4_0/xilinx_aws-vu9p-f1_4ddr-xpr-2pr_4_0.xpfm
INFO: [XOCC 60-423]   Target device: xilinx:aws-vu9p-f1:4ddr-xpr-2pr:4.0
INFO: [XOCC 60-645] kernel flags are '-g -I /home/centos/thomas/Labs/SME-Developer-Labs-master/module_02/filter2d/workspace/Filter2D/src/kernel -g'
INFO: [XOCC 60-586] Created binary_container_1.xclbin
INFO: [XOCC 60-791] Total elapsed time: 0h 0m 8s
/opt/Xilinx/SDx/2017.1.op/bin/xcpp -DC_KERNEL -DSDX_PLATFORM=xilinx:aws-vu9p-f1:4ddr-xpr-2pr:4.0 -D__USE_XOPEN2K8 -I/opt/Xilinx/SDx/2017.1.op/runtime/include/1_2/ -I/opt/Xilinx/SDx/2017.1.op/Vivado_HLS/include/ -O0 -g -Wall -c -fmessage-length=0 -std=c++14 -o "src/host/cmdlineparser.o" "../src/host/cmdlineparser.cpp" -fopenmp
/opt/Xilinx/SDx/2017.1.op/bin/xcpp -DC_KERNEL -DSDX_PLATFORM=xilinx:aws-vu9p-f1:4ddr-xpr-2pr:4.0 -D__USE_XOPEN2K8 -I/opt/Xilinx/SDx/2017.1.op/runtime/include/1_2/ -I/opt/Xilinx/SDx/2017.1.op/Vivado_HLS/include/ -O0 -g -Wall -c -fmessage-length=0 -std=c++14 -o "src/host/filter2d.o" "../src/host/filter2d.cpp" -fopenmp
../src/host/filter2d.cpp: In function ‘void Filter2D(const int (*)[15], unsigned char*, unsigned int, unsigned int, unsigned int, unsigned char*)’:
../src/host/filter2d.cpp:16:19: warning: comparison between signed and unsigned integer expressions [-Wsign-compare]
     for(int y=0; y<height; ++y)
                  ~^~~~~~~
../src/host/filter2d.cpp:18:23: warning: comparison between signed and unsigned integer expressions [-Wsign-compare]
         for(int x=0; x<width; ++x)
                      ~^~~~~~
In file included from ../src/host/filter2d.cpp:3:0:
../src/host/window2d.h: In instantiation of ‘bool Window2D<KERNEL_H_SIZE, KERNEL_V_SIZE, T>::next(T*, unsigned int, unsigned int) [with unsigned int KERNEL_H_SIZE = 15u; unsigned int KERNEL_V_SIZE = 15u; T = unsigned char]’:
../src/host/filter2d.cpp:21:49:   required from here
../src/host/window2d.h:18:21: warning: comparison between signed and unsigned integer expressions [-Wsign-compare]
   for(int row=0; row<KERNEL_V_SIZE; row++)
                  ~~~^~~~~~~~~~~~~~
../src/host/window2d.h:20:22: warning: comparison between signed and unsigned integer expressions [-Wsign-compare]
    for(int col=0; col<KERNEL_H_SIZE; col++)
                   ~~~^~~~~~~~~~~~~~
/opt/Xilinx/SDx/2017.1.op/bin/xcpp -DC_KERNEL -DSDX_PLATFORM=xilinx:aws-vu9p-f1:4ddr-xpr-2pr:4.0 -D__USE_XOPEN2K8 -I/opt/Xilinx/SDx/2017.1.op/runtime/include/1_2/ -I/opt/Xilinx/SDx/2017.1.op/Vivado_HLS/include/ -O0 -g -Wall -c -fmessage-length=0 -std=c++14 -o "src/host/host.o" "../src/host/host.cpp" -fopenmp
../src/host/host.cpp: In function ‘int main(int, char**)’:
../src/host/host.cpp:320:20: warning: comparison between signed and unsigned integer expressions [-Wsign-compare]
  for (int y = 0; y < height; y++) {
                  ~~^~~~~~~~
../src/host/host.cpp:321:24: warning: comparison between signed and unsigned integer expressions [-Wsign-compare]
      for (int x = 0; x < width; x++) {
                      ~~^~~~~~~
/opt/Xilinx/SDx/2017.1.op/bin/xcpp -DC_KERNEL -DSDX_PLATFORM=xilinx:aws-vu9p-f1:4ddr-xpr-2pr:4.0 -D__USE_XOPEN2K8 -I/opt/Xilinx/SDx/2017.1.op/runtime/include/1_2/ -I/opt/Xilinx/SDx/2017.1.op/Vivado_HLS/include/ -O0 -g -Wall -c -fmessage-length=0 -std=c++14 -o "src/host/logger.o" "../src/host/logger.cpp" -fopenmp
/opt/Xilinx/SDx/2017.1.op/bin/xcpp -DC_KERNEL -DSDX_PLATFORM=xilinx:aws-vu9p-f1:4ddr-xpr-2pr:4.0 -D__USE_XOPEN2K8 -I/opt/Xilinx/SDx/2017.1.op/runtime/include/1_2/ -I/opt/Xilinx/SDx/2017.1.op/Vivado_HLS/include/ -O0 -g -Wall -c -fmessage-length=0 -std=c++14 -o "src/host/xclbin_helper.o" "../src/host/xclbin_helper.cpp" -fopenmp
/opt/Xilinx/SDx/2017.1.op/bin/xcpp -o "Filter2D.exe" src/host/cmdlineparser.o src/host/filter2d.o src/host/host.o src/host/logger.o src/host/xclbin_helper.o -lxilinxopencl -lpthread -lrt -lstdc++ -L/opt/Xilinx/SDx/2017.1.op/runtime/lib/x86_64 -fopenmp -Wl,--as-needed -Wl,-rpath,/opt/Xilinx/SDx/2017.1.op/lnx64/tools/opencv -L/opt/Xilinx/SDx/2017.1.op/lnx64/tools/opencv -lopencv_calib3d -lopencv_contrib -lopencv_core -lopencv_features2d -lopencv_flann -lopencv_gpu -lopencv_highgui -lopencv_imgproc -lopencv_legacy -lopencv_ml -lopencv_objdetect -lopencv_photo -lopencv_stitching -lopencv_superres -lopencv_ts -lopencv_video -lopencv_videostab
/opt/Xilinx/SDx/2017.1.op/bin/emconfigutil --od . --platform /home/centos/aws-fpga/SDAccel/aws_platform/xilinx_aws-vu9p-f1_4ddr-xpr-2pr_4_0/xilinx_aws-vu9p-f1_4ddr-xpr-2pr_4_0.xpfm --nd 1

****** configutil v2017.1_sdx (64-bit)
  **** SW Build 1933108 on Fri Jul 14 11:54:19 MDT 2017
    ** Copyright 1986-2017 Xilinx, Inc. All Rights Reserved.

INFO: [ConfigUtil 60-895]    Target platform: /home/centos/aws-fpga/SDAccel/aws_platform/xilinx_aws-vu9p-f1_4ddr-xpr-2pr_4_0/xilinx_aws-vu9p-f1_4ddr-xpr-2pr_4_0.xpfm
emulation configuration file `emconfig.json` is created in ./. directory 
04:44:38 **** Incremental Build of configuration Emulation-HW for project Filter2D ****
make incremental 
/opt/Xilinx/SDx/2017.1.op/bin/xocc -t hw_emu --platform /home/centos/aws-fpga/SDAccel/aws_platform/xilinx_aws-vu9p-f1_4ddr-xpr-2pr_4_0/xilinx_aws-vu9p-f1_4ddr-xpr-2pr_4_0.xpfm --save-temps  --report estimate -c -k Filter2DKernel -g --messageDb binary_container_1/Filter2DKernel.mdb -I"../src/kernel" --xp misc:solution_name=_xocc_compile_binary_container_1_Filter2DKernel -o"binary_container_1/Filter2DKernel.xo" "../src/kernel/filter2d.cpp" "../src/kernel/axi2stream.cpp"

****** xocc v2017.1_sdx (64-bit)
  **** SW Build 1933108 on Fri Jul 14 11:54:19 MDT 2017
    ** Copyright 1986-2017 Xilinx, Inc. All Rights Reserved.

Attempting to get a license: ap_opencl
INFO: [XOCC 17-1223] The version limit for your license is '2018.03' and will expire in -12 days. A version limit expiration means that, although you may be able to continue to use the current version of tools or IP with this license, you will not be eligible for any updates or new releases.
Feature available: ap_opencl
INFO: [XOCC 60-585] Compiling for hardware emulation target
INFO: [XOCC 60-895]    Target platform: /home/centos/aws-fpga/SDAccel/aws_platform/xilinx_aws-vu9p-f1_4ddr-xpr-2pr_4_0/xilinx_aws-vu9p-f1_4ddr-xpr-2pr_4_0.xpfm
INFO: [XOCC 60-423]   Target device: xilinx:aws-vu9p-f1:4ddr-xpr-2pr:4.0
INFO: [XOCC 60-242] Creating kernel: 'Filter2DKernel'

===>The following messages were generated while  performing high-level synthesis for kernel: Filter2DKernel Log file:/home/centos/thomas/Labs/SME-Developer-Labs-master/module_02/filter2d/workspace/Filter2D/Emulation-HW/_xocc_compile_binary_container_1_Filter2DKernel/impl/kernels/Filter2DKernel/vivado_hls.log :
INFO: [XOCC 204-61] Option 'relax_ii_for_timing' is enabled, will increase II to preserve clock frequency constraints.
INFO: [XOCC 204-61] Pipelining loop 'aximm2bytes'.
INFO: [XOCC 204-61] Pipelining result: Target II: 1, Final II: 1, Depth: 3.
INFO: [XOCC 204-61] Pipelining loop 'bytes2pixels'.
INFO: [XOCC 204-61] Pipelining result: Target II: 32, Final II: 32, Depth: 33.
INFO: [XOCC 204-61] Pipelining loop 'memcpy.coeffs.gep.srcCoeffs'.
INFO: [XOCC 204-61] Pipelining result: Target II: 1, Final II: 1, Depth: 10.
INFO: [XOCC 204-61] Pipelining loop 'Loop 2.1'.
INFO: [XOCC 204-61] Pipelining result: Target II: 1, Final II: 1, Depth: 11.
INFO: [XOCC 204-61] Pipelining loop 'pixels2bytes'.
INFO: [XOCC 204-61] Pipelining result: Target II: 32, Final II: 32, Depth: 33.
INFO: [XOCC 204-61] Pipelining loop 'bytes2aximm'.
INFO: [XOCC 204-61] Pipelining result: Target II: 1, Final II: 1, Depth: 3.
INFO: [XOCC 60-594] Finished kernel compilation
INFO: [XOCC 60-244] Generating system estimate report...
INFO: [XOCC 60-677] Generated system_estimate.xtxt
Add Instance Filter2D Filter2D_U0 284
Add Instance PixelStream2AXIBursts PixelStream2AXIBursts_U0 297
Add Instance AXIBursts2PixelStream8 AXIBursts2PixelStream8_U0 308
INFO: [XOCC 60-586] Created binary_container_1/Filter2DKernel.xo
INFO: [XOCC 60-791] Total elapsed time: 0h 2m 0s
/opt/Xilinx/SDx/2017.1.op/bin/xocc -t hw_emu --platform /home/centos/aws-fpga/SDAccel/aws_platform/xilinx_aws-vu9p-f1_4ddr-xpr-2pr_4_0/xilinx_aws-vu9p-f1_4ddr-xpr-2pr_4_0.xpfm --save-temps  --report estimate -l --nk Filter2DKernel:1 -g --messageDb binary_container_1.mdb --xp misc:solution_name=_xocc_link_binary_container_1 -o"binary_container_1.xclbin" binary_container_1/Filter2DKernel.xo

****** xocc v2017.1_sdx (64-bit)
  **** SW Build 1933108 on Fri Jul 14 11:54:19 MDT 2017
    ** Copyright 1986-2017 Xilinx, Inc. All Rights Reserved.

INFO: [XOCC 60-899] Reading --xp value from platform: param:compiler.lockFlowCritSlackThreshold=0
Attempting to get a license: ap_opencl
INFO: [XOCC 17-1223] The version limit for your license is '2018.03' and will expire in -12 days. A version limit expiration means that, although you may be able to continue to use the current version of tools or IP with this license, you will not be eligible for any updates or new releases.
Feature available: ap_opencl
INFO: [XOCC 60-629] Linking for hardware emulation target
INFO: [XOCC 60-895]    Target platform: /home/centos/aws-fpga/SDAccel/aws_platform/xilinx_aws-vu9p-f1_4ddr-xpr-2pr_4_0/xilinx_aws-vu9p-f1_4ddr-xpr-2pr_4_0.xpfm
INFO: [XOCC 60-423]   Target device: xilinx:aws-vu9p-f1:4ddr-xpr-2pr:4.0
INFO: [XOCC 60-251]   Hardware accelerator integration...
INFO: [XOCC 60-244] Generating system estimate report...
INFO: [XOCC 60-677] Generated system_estimate.xtxt
INFO: [XOCC 60-586] Created binary_container_1.xclbin
INFO: [XOCC 60-791] Total elapsed time: 0h 1m 2s
/opt/Xilinx/SDx/2017.1.op/bin/xcpp -DC_KERNEL -DSDX_PLATFORM=xilinx:aws-vu9p-f1:4ddr-xpr-2pr:4.0 -D__USE_XOPEN2K8 -I/opt/Xilinx/SDx/2017.1.op/runtime/include/1_2/ -I/opt/Xilinx/SDx/2017.1.op/Vivado_HLS/include/ -O0 -g -Wall -c -fmessage-length=0 -std=c++14 -o "src/host/cmdlineparser.o" "../src/host/cmdlineparser.cpp" -fopenmp
/opt/Xilinx/SDx/2017.1.op/bin/xcpp -DC_KERNEL -DSDX_PLATFORM=xilinx:aws-vu9p-f1:4ddr-xpr-2pr:4.0 -D__USE_XOPEN2K8 -I/opt/Xilinx/SDx/2017.1.op/runtime/include/1_2/ -I/opt/Xilinx/SDx/2017.1.op/Vivado_HLS/include/ -O0 -g -Wall -c -fmessage-length=0 -std=c++14 -o "src/host/filter2d.o" "../src/host/filter2d.cpp" -fopenmp
../src/host/filter2d.cpp: In function ‘void Filter2D(const int (*)[15], unsigned char*, unsigned int, unsigned int, unsigned int, unsigned char*)’:
../src/host/filter2d.cpp:16:19: warning: comparison between signed and unsigned integer expressions [-Wsign-compare]
     for(int y=0; y<height; ++y)
                  ~^~~~~~~
../src/host/filter2d.cpp:18:23: warning: comparison between signed and unsigned integer expressions [-Wsign-compare]
         for(int x=0; x<width; ++x)
                      ~^~~~~~
In file included from ../src/host/filter2d.cpp:3:0:
../src/host/window2d.h: In instantiation of ‘bool Window2D<KERNEL_H_SIZE, KERNEL_V_SIZE, T>::next(T*, unsigned int, unsigned int) [with unsigned int KERNEL_H_SIZE = 15u; unsigned int KERNEL_V_SIZE = 15u; T = unsigned char]’:
../src/host/filter2d.cpp:21:49:   required from here
../src/host/window2d.h:18:21: warning: comparison between signed and unsigned integer expressions [-Wsign-compare]
   for(int row=0; row<KERNEL_V_SIZE; row++)
                  ~~~^~~~~~~~~~~~~~
../src/host/window2d.h:20:22: warning: comparison between signed and unsigned integer expressions [-Wsign-compare]
    for(int col=0; col<KERNEL_H_SIZE; col++)
                   ~~~^~~~~~~~~~~~~~
/opt/Xilinx/SDx/2017.1.op/bin/xcpp -DC_KERNEL -DSDX_PLATFORM=xilinx:aws-vu9p-f1:4ddr-xpr-2pr:4.0 -D__USE_XOPEN2K8 -I/opt/Xilinx/SDx/2017.1.op/runtime/include/1_2/ -I/opt/Xilinx/SDx/2017.1.op/Vivado_HLS/include/ -O0 -g -Wall -c -fmessage-length=0 -std=c++14 -o "src/host/host.o" "../src/host/host.cpp" -fopenmp
../src/host/host.cpp: In function ‘int main(int, char**)’:
../src/host/host.cpp:320:20: warning: comparison between signed and unsigned integer expressions [-Wsign-compare]
  for (int y = 0; y < height; y++) {
                  ~~^~~~~~~~
../src/host/host.cpp:321:24: warning: comparison between signed and unsigned integer expressions [-Wsign-compare]
      for (int x = 0; x < width; x++) {
                      ~~^~~~~~~
/opt/Xilinx/SDx/2017.1.op/bin/xcpp -DC_KERNEL -DSDX_PLATFORM=xilinx:aws-vu9p-f1:4ddr-xpr-2pr:4.0 -D__USE_XOPEN2K8 -I/opt/Xilinx/SDx/2017.1.op/runtime/include/1_2/ -I/opt/Xilinx/SDx/2017.1.op/Vivado_HLS/include/ -O0 -g -Wall -c -fmessage-length=0 -std=c++14 -o "src/host/logger.o" "../src/host/logger.cpp" -fopenmp
/opt/Xilinx/SDx/2017.1.op/bin/xcpp -DC_KERNEL -DSDX_PLATFORM=xilinx:aws-vu9p-f1:4ddr-xpr-2pr:4.0 -D__USE_XOPEN2K8 -I/opt/Xilinx/SDx/2017.1.op/runtime/include/1_2/ -I/opt/Xilinx/SDx/2017.1.op/Vivado_HLS/include/ -O0 -g -Wall -c -fmessage-length=0 -std=c++14 -o "src/host/xclbin_helper.o" "../src/host/xclbin_helper.cpp" -fopenmp
/opt/Xilinx/SDx/2017.1.op/bin/xcpp -o "Filter2D.exe" src/host/cmdlineparser.o src/host/filter2d.o src/host/host.o src/host/logger.o src/host/xclbin_helper.o -lxilinxopencl -lpthread -lrt -lstdc++ -L/opt/Xilinx/SDx/2017.1.op/runtime/lib/x86_64 -fopenmp -Wl,--as-needed -Wl,-rpath,/opt/Xilinx/SDx/2017.1.op/lnx64/tools/opencv -L/opt/Xilinx/SDx/2017.1.op/lnx64/tools/opencv -lopencv_calib3d -lopencv_contrib -lopencv_core -lopencv_features2d -lopencv_flann -lopencv_gpu -lopencv_highgui -lopencv_imgproc -lopencv_legacy -lopencv_ml -lopencv_objdetect -lopencv_photo -lopencv_stitching -lopencv_superres -lopencv_ts -lopencv_video -lopencv_videostab
/opt/Xilinx/SDx/2017.1.op/bin/emconfigutil --od . --platform /home/centos/aws-fpga/SDAccel/aws_platform/xilinx_aws-vu9p-f1_4ddr-xpr-2pr_4_0/xilinx_aws-vu9p-f1_4ddr-xpr-2pr_4_0.xpfm --nd 1

****** configutil v2017.1_sdx (64-bit)
  **** SW Build 1933108 on Fri Jul 14 11:54:19 MDT 2017
    ** Copyright 1986-2017 Xilinx, Inc. All Rights Reserved.

INFO: [ConfigUtil 60-895]    Target platform: /home/centos/aws-fpga/SDAccel/aws_platform/xilinx_aws-vu9p-f1_4ddr-xpr-2pr_4_0/xilinx_aws-vu9p-f1_4ddr-xpr-2pr_4_0.xpfm
emulation configuration file `emconfig.json` is created in ./. directory 
/opt/Xilinx/SDx/2017.1.op/bin/hlsannoutil
04:50:34 **** Incremental Build of configuration Emulation-HW for project Filter2D ****
make incremental 
/opt/Xilinx/SDx/2017.1.op/bin/xocc -t hw_emu --platform /home/centos/aws-fpga/SDAccel/aws_platform/xilinx_aws-vu9p-f1_4ddr-xpr-2pr_4_0/xilinx_aws-vu9p-f1_4ddr-xpr-2pr_4_0.xpfm --save-temps  --report estimate -c -k Filter2DKernel -g --messageDb binary_container_1/Filter2DKernel.mdb -I"../src/kernel" --xp misc:solution_name=_xocc_compile_binary_container_1_Filter2DKernel -o"binary_container_1/Filter2DKernel.xo" "../src/kernel/filter2d.cpp" "../src/kernel/axi2stream.cpp"

****** xocc v2017.1_sdx (64-bit)
  **** SW Build 1933108 on Fri Jul 14 11:54:19 MDT 2017
    ** Copyright 1986-2017 Xilinx, Inc. All Rights Reserved.

Attempting to get a license: ap_opencl
INFO: [XOCC 17-1223] The version limit for your license is '2018.03' and will expire in -12 days. A version limit expiration means that, although you may be able to continue to use the current version of tools or IP with this license, you will not be eligible for any updates or new releases.
Feature available: ap_opencl
INFO: [XOCC 60-585] Compiling for hardware emulation target
INFO: [XOCC 60-895]    Target platform: /home/centos/aws-fpga/SDAccel/aws_platform/xilinx_aws-vu9p-f1_4ddr-xpr-2pr_4_0/xilinx_aws-vu9p-f1_4ddr-xpr-2pr_4_0.xpfm
INFO: [XOCC 60-423]   Target device: xilinx:aws-vu9p-f1:4ddr-xpr-2pr:4.0
INFO: [XOCC 60-242] Creating kernel: 'Filter2DKernel'

===>The following messages were generated while  performing high-level synthesis for kernel: Filter2DKernel Log file:/home/centos/thomas/Labs/SME-Developer-Labs-master/module_02/filter2d/workspace/Filter2D/Emulation-HW/_xocc_compile_binary_container_1_Filter2DKernel/impl/kernels/Filter2DKernel/vivado_hls.log :
INFO: [XOCC 204-61] Option 'relax_ii_for_timing' is enabled, will increase II to preserve clock frequency constraints.
INFO: [XOCC 204-61] Pipelining loop 'aximm2bytes'.
INFO: [XOCC 204-61] Pipelining result: Target II: 1, Final II: 1, Depth: 3.
INFO: [XOCC 204-61] Pipelining loop 'bytes2pixels'.
INFO: [XOCC 204-61] Pipelining result: Target II: 32, Final II: 32, Depth: 33.
INFO: [XOCC 204-61] Pipelining loop 'memcpy.coeffs.gep.srcCoeffs'.
INFO: [XOCC 204-61] Pipelining result: Target II: 1, Final II: 1, Depth: 10.
INFO: [XOCC 204-61] Pipelining loop 'Loop 2.1'.
INFO: [XOCC 204-61] Pipelining result: Target II: 1, Final II: 1, Depth: 11.
INFO: [XOCC 204-61] Pipelining loop 'pixels2bytes'.
INFO: [XOCC 204-61] Pipelining result: Target II: 32, Final II: 32, Depth: 33.
INFO: [XOCC 204-61] Pipelining loop 'bytes2aximm'.
INFO: [XOCC 204-61] Pipelining result: Target II: 1, Final II: 1, Depth: 3.
INFO: [XOCC 60-594] Finished kernel compilation
INFO: [XOCC 60-244] Generating system estimate report...
INFO: [XOCC 60-677] Generated system_estimate.xtxt
Add Instance Filter2D Filter2D_U0 284
Add Instance PixelStream2AXIBursts PixelStream2AXIBursts_U0 297
Add Instance AXIBursts2PixelStream8 AXIBursts2PixelStream8_U0 308
INFO: [XOCC 60-586] Created binary_container_1/Filter2DKernel.xo
INFO: [XOCC 60-791] Total elapsed time: 0h 1m 57s
/opt/Xilinx/SDx/2017.1.op/bin/xocc -t hw_emu --platform /home/centos/aws-fpga/SDAccel/aws_platform/xilinx_aws-vu9p-f1_4ddr-xpr-2pr_4_0/xilinx_aws-vu9p-f1_4ddr-xpr-2pr_4_0.xpfm --save-temps  --report estimate -l --nk Filter2DKernel:3 -g --messageDb binary_container_1.mdb --xp misc:solution_name=_xocc_link_binary_container_1 -o"binary_container_1.xclbin" binary_container_1/Filter2DKernel.xo

****** xocc v2017.1_sdx (64-bit)
  **** SW Build 1933108 on Fri Jul 14 11:54:19 MDT 2017
    ** Copyright 1986-2017 Xilinx, Inc. All Rights Reserved.

INFO: [XOCC 60-899] Reading --xp value from platform: param:compiler.lockFlowCritSlackThreshold=0
Attempting to get a license: ap_opencl
INFO: [XOCC 17-1223] The version limit for your license is '2018.03' and will expire in -12 days. A version limit expiration means that, although you may be able to continue to use the current version of tools or IP with this license, you will not be eligible for any updates or new releases.
Feature available: ap_opencl
INFO: [XOCC 60-629] Linking for hardware emulation target
INFO: [XOCC 60-895]    Target platform: /home/centos/aws-fpga/SDAccel/aws_platform/xilinx_aws-vu9p-f1_4ddr-xpr-2pr_4_0/xilinx_aws-vu9p-f1_4ddr-xpr-2pr_4_0.xpfm
INFO: [XOCC 60-423]   Target device: xilinx:aws-vu9p-f1:4ddr-xpr-2pr:4.0
INFO: [XOCC 60-251]   Hardware accelerator integration...
INFO: [XOCC 60-244] Generating system estimate report...
INFO: [XOCC 60-677] Generated system_estimate.xtxt
INFO: [XOCC 60-586] Created binary_container_1.xclbin
INFO: [XOCC 60-791] Total elapsed time: 0h 1m 28s
/opt/Xilinx/SDx/2017.1.op/bin/hlsannoutil
04:54:16 **** Incremental Build of configuration Emulation-HW for project Filter2D ****
make incremental 
/opt/Xilinx/SDx/2017.1.op/bin/xocc -t hw_emu --platform /home/centos/aws-fpga/SDAccel/aws_platform/xilinx_aws-vu9p-f1_4ddr-xpr-2pr_4_0/xilinx_aws-vu9p-f1_4ddr-xpr-2pr_4_0.xpfm --save-temps  --report estimate -c -k Filter2DKernel -g --messageDb binary_container_1/Filter2DKernel.mdb -I"../src/kernel" --xp misc:solution_name=_xocc_compile_binary_container_1_Filter2DKernel -o"binary_container_1/Filter2DKernel.xo" "../src/kernel/filter2d.cpp" "../src/kernel/axi2stream.cpp"

****** xocc v2017.1_sdx (64-bit)
  **** SW Build 1933108 on Fri Jul 14 11:54:19 MDT 2017
    ** Copyright 1986-2017 Xilinx, Inc. All Rights Reserved.

Attempting to get a license: ap_opencl
INFO: [XOCC 17-1223] The version limit for your license is '2018.03' and will expire in -12 days. A version limit expiration means that, although you may be able to continue to use the current version of tools or IP with this license, you will not be eligible for any updates or new releases.
Feature available: ap_opencl
INFO: [XOCC 60-585] Compiling for hardware emulation target
INFO: [XOCC 60-895]    Target platform: /home/centos/aws-fpga/SDAccel/aws_platform/xilinx_aws-vu9p-f1_4ddr-xpr-2pr_4_0/xilinx_aws-vu9p-f1_4ddr-xpr-2pr_4_0.xpfm
INFO: [XOCC 60-423]   Target device: xilinx:aws-vu9p-f1:4ddr-xpr-2pr:4.0
INFO: [XOCC 60-242] Creating kernel: 'Filter2DKernel'
make: *** [binary_container_1/Filter2DKernel.xo] Terminated
Command canceled
04:56:02 **** Build of configuration Emulation-HW for project Filter2D ****
make incremental 
/opt/Xilinx/SDx/2017.1.op/bin/xocc -t hw_emu --platform /home/centos/aws-fpga/SDAccel/aws_platform/xilinx_aws-vu9p-f1_4ddr-xpr-2pr_4_0/xilinx_aws-vu9p-f1_4ddr-xpr-2pr_4_0.xpfm --save-temps  --report estimate -c -k Filter2DKernel -g --messageDb binary_container_1/Filter2DKernel.mdb -I"../src/kernel" --xp misc:solution_name=_xocc_compile_binary_container_1_Filter2DKernel -o"binary_container_1/Filter2DKernel.xo" "../src/kernel/filter2d.cpp" "../src/kernel/axi2stream.cpp"

****** xocc v2017.1_sdx (64-bit)
  **** SW Build 1933108 on Fri Jul 14 11:54:19 MDT 2017
    ** Copyright 1986-2017 Xilinx, Inc. All Rights Reserved.

Attempting to get a license: ap_opencl
INFO: [XOCC 17-1223] The version limit for your license is '2018.03' and will expire in -12 days. A version limit expiration means that, although you may be able to continue to use the current version of tools or IP with this license, you will not be eligible for any updates or new releases.
Feature available: ap_opencl
INFO: [XOCC 60-585] Compiling for hardware emulation target
INFO: [XOCC 60-895]    Target platform: /home/centos/aws-fpga/SDAccel/aws_platform/xilinx_aws-vu9p-f1_4ddr-xpr-2pr_4_0/xilinx_aws-vu9p-f1_4ddr-xpr-2pr_4_0.xpfm
INFO: [XOCC 60-423]   Target device: xilinx:aws-vu9p-f1:4ddr-xpr-2pr:4.0
INFO: [XOCC 60-242] Creating kernel: 'Filter2DKernel'

===>The following messages were generated while  performing high-level synthesis for kernel: Filter2DKernel Log file:/home/centos/thomas/Labs/SME-Developer-Labs-master/module_02/filter2d/workspace/Filter2D/Emulation-HW/_xocc_compile_binary_container_1_Filter2DKernel/impl/kernels/Filter2DKernel/vivado_hls.log :
INFO: [XOCC 204-61] Option 'relax_ii_for_timing' is enabled, will increase II to preserve clock frequency constraints.
INFO: [XOCC 204-61] Pipelining loop 'aximm2bytes'.
INFO: [XOCC 204-61] Pipelining result: Target II: 1, Final II: 1, Depth: 3.
INFO: [XOCC 204-61] Pipelining loop 'bytes2pixels'.
INFO: [XOCC 204-61] Pipelining result: Target II: 32, Final II: 32, Depth: 33.
INFO: [XOCC 204-61] Pipelining loop 'memcpy.coeffs.gep.srcCoeffs'.
INFO: [XOCC 204-61] Pipelining result: Target II: 1, Final II: 1, Depth: 10.
INFO: [XOCC 204-61] Pipelining loop 'Loop 2.1'.
INFO: [XOCC 204-61] Pipelining result: Target II: 1, Final II: 1, Depth: 11.
INFO: [XOCC 204-61] Pipelining loop 'pixels2bytes'.
INFO: [XOCC 204-61] Pipelining result: Target II: 32, Final II: 32, Depth: 33.
INFO: [XOCC 204-61] Pipelining loop 'bytes2aximm'.
INFO: [XOCC 204-61] Pipelining result: Target II: 1, Final II: 1, Depth: 3.
INFO: [XOCC 60-594] Finished kernel compilation
INFO: [XOCC 60-244] Generating system estimate report...
INFO: [XOCC 60-677] Generated system_estimate.xtxt
Add Instance Filter2D Filter2D_U0 284
Add Instance PixelStream2AXIBursts PixelStream2AXIBursts_U0 297
Add Instance AXIBursts2PixelStream8 AXIBursts2PixelStream8_U0 308
INFO: [XOCC 60-586] Created binary_container_1/Filter2DKernel.xo
INFO: [XOCC 60-791] Total elapsed time: 0h 1m 56s
/opt/Xilinx/SDx/2017.1.op/bin/xocc -t hw_emu --platform /home/centos/aws-fpga/SDAccel/aws_platform/xilinx_aws-vu9p-f1_4ddr-xpr-2pr_4_0/xilinx_aws-vu9p-f1_4ddr-xpr-2pr_4_0.xpfm --save-temps  --report estimate -l --nk Filter2DKernel:1 -g --messageDb binary_container_1.mdb --xp misc:solution_name=_xocc_link_binary_container_1 -o"binary_container_1.xclbin" binary_container_1/Filter2DKernel.xo

****** xocc v2017.1_sdx (64-bit)
  **** SW Build 1933108 on Fri Jul 14 11:54:19 MDT 2017
    ** Copyright 1986-2017 Xilinx, Inc. All Rights Reserved.

INFO: [XOCC 60-899] Reading --xp value from platform: param:compiler.lockFlowCritSlackThreshold=0
Attempting to get a license: ap_opencl
INFO: [XOCC 17-1223] The version limit for your license is '2018.03' and will expire in -12 days. A version limit expiration means that, although you may be able to continue to use the current version of tools or IP with this license, you will not be eligible for any updates or new releases.
Feature available: ap_opencl
INFO: [XOCC 60-629] Linking for hardware emulation target
INFO: [XOCC 60-895]    Target platform: /home/centos/aws-fpga/SDAccel/aws_platform/xilinx_aws-vu9p-f1_4ddr-xpr-2pr_4_0/xilinx_aws-vu9p-f1_4ddr-xpr-2pr_4_0.xpfm
INFO: [XOCC 60-423]   Target device: xilinx:aws-vu9p-f1:4ddr-xpr-2pr:4.0
INFO: [XOCC 60-251]   Hardware accelerator integration...
INFO: [XOCC 60-244] Generating system estimate report...
INFO: [XOCC 60-677] Generated system_estimate.xtxt
INFO: [XOCC 60-586] Created binary_container_1.xclbin
INFO: [XOCC 60-791] Total elapsed time: 0h 1m 3s
/opt/Xilinx/SDx/2017.1.op/bin/hlsannoutil
05:00:09 **** Incremental Build of configuration Emulation-HW for project Filter2D ****
make incremental 
make: Nothing to be done for `incremental'.
05:03:06 **** Clean-only build of configuration Emulation-CPU for project Filter2D ****
make clean 
rm -f binary_container_1.xclbin binary_container_1/Filter2DKernel.xo binary_container_1/Filter2DKernel.mdb binary_container_1.mdb emconfig.json Filter2D.exe src/host/cmdlineparser.o src/host/filter2d.o src/host/host.o src/host/logger.o src/host/xclbin_helper.o
rm -rf binary_container_1 src/host/
rm -rf _xocc*
rm -rf .Xil
05:03:06 **** Incremental Build of configuration Emulation-CPU for project Filter2D ****
make incremental 
/opt/Xilinx/SDx/2017.1.op/bin/xocc -t sw_emu --platform /home/centos/aws-fpga/SDAccel/aws_platform/xilinx_aws-vu9p-f1_4ddr-xpr-2pr_4_0/xilinx_aws-vu9p-f1_4ddr-xpr-2pr_4_0.xpfm --save-temps   -c -k Filter2DKernel -g --messageDb binary_container_1/Filter2DKernel.mdb -I"../src/kernel" --xp misc:solution_name=_xocc_compile_binary_container_1_Filter2DKernel -o"binary_container_1/Filter2DKernel.xo" "../src/kernel/filter2d.cpp" "../src/kernel/axi2stream.cpp"

****** xocc v2017.1_sdx (64-bit)
  **** SW Build 1933108 on Fri Jul 14 11:54:19 MDT 2017
    ** Copyright 1986-2017 Xilinx, Inc. All Rights Reserved.

Attempting to get a license: ap_opencl
INFO: [XOCC 17-1223] The version limit for your license is '2018.03' and will expire in -12 days. A version limit expiration means that, although you may be able to continue to use the current version of tools or IP with this license, you will not be eligible for any updates or new releases.
Feature available: ap_opencl
INFO: [XOCC 60-585] Compiling for software emulation target
INFO: [XOCC 60-895]    Target platform: /home/centos/aws-fpga/SDAccel/aws_platform/xilinx_aws-vu9p-f1_4ddr-xpr-2pr_4_0/xilinx_aws-vu9p-f1_4ddr-xpr-2pr_4_0.xpfm
INFO: [XOCC 60-423]   Target device: xilinx:aws-vu9p-f1:4ddr-xpr-2pr:4.0
INFO: [XOCC 60-242] Creating kernel: 'Filter2DKernel'

===>The following messages were generated while  performing high-level synthesis for kernel: Filter2DKernel Log file:/home/centos/thomas/Labs/SME-Developer-Labs-master/module_02/filter2d/workspace/Filter2D/Emulation-CPU/_xocc_compile_binary_container_1_Filter2DKernel/impl/kernels/Filter2DKernel/vivado_hls.log :
INFO: [XOCC 204-61] Option 'relax_ii_for_timing' is enabled, will increase II to preserve clock frequency constraints.
INFO: [XOCC 60-594] Finished kernel compilation
INFO: [XOCC 60-586] Created binary_container_1/Filter2DKernel.xo
INFO: [XOCC 60-791] Total elapsed time: 0h 0m 29s
/opt/Xilinx/SDx/2017.1.op/bin/xocc -t sw_emu --platform /home/centos/aws-fpga/SDAccel/aws_platform/xilinx_aws-vu9p-f1_4ddr-xpr-2pr_4_0/xilinx_aws-vu9p-f1_4ddr-xpr-2pr_4_0.xpfm --save-temps   -l --nk Filter2DKernel:1 -g --messageDb binary_container_1.mdb --xp misc:solution_name=_xocc_link_binary_container_1 -o"binary_container_1.xclbin" binary_container_1/Filter2DKernel.xo

****** xocc v2017.1_sdx (64-bit)
  **** SW Build 1933108 on Fri Jul 14 11:54:19 MDT 2017
    ** Copyright 1986-2017 Xilinx, Inc. All Rights Reserved.

INFO: [XOCC 60-899] Reading --xp value from platform: param:compiler.lockFlowCritSlackThreshold=0
Attempting to get a license: ap_opencl
INFO: [XOCC 17-1223] The version limit for your license is '2018.03' and will expire in -12 days. A version limit expiration means that, although you may be able to continue to use the current version of tools or IP with this license, you will not be eligible for any updates or new releases.
Feature available: ap_opencl
INFO: [XOCC 60-629] Linking for software emulation target
INFO: [XOCC 60-895]    Target platform: /home/centos/aws-fpga/SDAccel/aws_platform/xilinx_aws-vu9p-f1_4ddr-xpr-2pr_4_0/xilinx_aws-vu9p-f1_4ddr-xpr-2pr_4_0.xpfm
INFO: [XOCC 60-423]   Target device: xilinx:aws-vu9p-f1:4ddr-xpr-2pr:4.0
INFO: [XOCC 60-645] kernel flags are '-g -I /home/centos/thomas/Labs/SME-Developer-Labs-master/module_02/filter2d/workspace/Filter2D/src/kernel -g'
INFO: [XOCC 60-586] Created binary_container_1.xclbin
INFO: [XOCC 60-791] Total elapsed time: 0h 0m 8s
/opt/Xilinx/SDx/2017.1.op/bin/xcpp -DC_KERNEL -DSDX_PLATFORM=xilinx:aws-vu9p-f1:4ddr-xpr-2pr:4.0 -D__USE_XOPEN2K8 -I/opt/Xilinx/SDx/2017.1.op/runtime/include/1_2/ -I/opt/Xilinx/SDx/2017.1.op/Vivado_HLS/include/ -O0 -g -Wall -c -fmessage-length=0 -std=c++14 -o "src/host/cmdlineparser.o" "../src/host/cmdlineparser.cpp" -fopenmp
/opt/Xilinx/SDx/2017.1.op/bin/xcpp -DC_KERNEL -DSDX_PLATFORM=xilinx:aws-vu9p-f1:4ddr-xpr-2pr:4.0 -D__USE_XOPEN2K8 -I/opt/Xilinx/SDx/2017.1.op/runtime/include/1_2/ -I/opt/Xilinx/SDx/2017.1.op/Vivado_HLS/include/ -O0 -g -Wall -c -fmessage-length=0 -std=c++14 -o "src/host/filter2d.o" "../src/host/filter2d.cpp" -fopenmp
../src/host/filter2d.cpp: In function ‘void Filter2D(const int (*)[15], unsigned char*, unsigned int, unsigned int, unsigned int, unsigned char*)’:
../src/host/filter2d.cpp:16:19: warning: comparison between signed and unsigned integer expressions [-Wsign-compare]
     for(int y=0; y<height; ++y)
                  ~^~~~~~~
../src/host/filter2d.cpp:18:23: warning: comparison between signed and unsigned integer expressions [-Wsign-compare]
         for(int x=0; x<width; ++x)
                      ~^~~~~~
In file included from ../src/host/filter2d.cpp:3:0:
../src/host/window2d.h: In instantiation of ‘bool Window2D<KERNEL_H_SIZE, KERNEL_V_SIZE, T>::next(T*, unsigned int, unsigned int) [with unsigned int KERNEL_H_SIZE = 15u; unsigned int KERNEL_V_SIZE = 15u; T = unsigned char]’:
../src/host/filter2d.cpp:21:49:   required from here
../src/host/window2d.h:18:21: warning: comparison between signed and unsigned integer expressions [-Wsign-compare]
   for(int row=0; row<KERNEL_V_SIZE; row++)
                  ~~~^~~~~~~~~~~~~~
../src/host/window2d.h:20:22: warning: comparison between signed and unsigned integer expressions [-Wsign-compare]
    for(int col=0; col<KERNEL_H_SIZE; col++)
                   ~~~^~~~~~~~~~~~~~
/opt/Xilinx/SDx/2017.1.op/bin/xcpp -DC_KERNEL -DSDX_PLATFORM=xilinx:aws-vu9p-f1:4ddr-xpr-2pr:4.0 -D__USE_XOPEN2K8 -I/opt/Xilinx/SDx/2017.1.op/runtime/include/1_2/ -I/opt/Xilinx/SDx/2017.1.op/Vivado_HLS/include/ -O0 -g -Wall -c -fmessage-length=0 -std=c++14 -o "src/host/host.o" "../src/host/host.cpp" -fopenmp
../src/host/host.cpp: In function ‘int main(int, char**)’:
../src/host/host.cpp:320:20: warning: comparison between signed and unsigned integer expressions [-Wsign-compare]
  for (int y = 0; y < height; y++) {
                  ~~^~~~~~~~
../src/host/host.cpp:321:24: warning: comparison between signed and unsigned integer expressions [-Wsign-compare]
      for (int x = 0; x < width; x++) {
                      ~~^~~~~~~
/opt/Xilinx/SDx/2017.1.op/bin/xcpp -DC_KERNEL -DSDX_PLATFORM=xilinx:aws-vu9p-f1:4ddr-xpr-2pr:4.0 -D__USE_XOPEN2K8 -I/opt/Xilinx/SDx/2017.1.op/runtime/include/1_2/ -I/opt/Xilinx/SDx/2017.1.op/Vivado_HLS/include/ -O0 -g -Wall -c -fmessage-length=0 -std=c++14 -o "src/host/logger.o" "../src/host/logger.cpp" -fopenmp
/opt/Xilinx/SDx/2017.1.op/bin/xcpp -DC_KERNEL -DSDX_PLATFORM=xilinx:aws-vu9p-f1:4ddr-xpr-2pr:4.0 -D__USE_XOPEN2K8 -I/opt/Xilinx/SDx/2017.1.op/runtime/include/1_2/ -I/opt/Xilinx/SDx/2017.1.op/Vivado_HLS/include/ -O0 -g -Wall -c -fmessage-length=0 -std=c++14 -o "src/host/xclbin_helper.o" "../src/host/xclbin_helper.cpp" -fopenmp
/opt/Xilinx/SDx/2017.1.op/bin/xcpp -o "Filter2D.exe" src/host/cmdlineparser.o src/host/filter2d.o src/host/host.o src/host/logger.o src/host/xclbin_helper.o -lxilinxopencl -lpthread -lrt -lstdc++ -L/opt/Xilinx/SDx/2017.1.op/runtime/lib/x86_64 -fopenmp -Wl,--as-needed -Wl,-rpath,/opt/Xilinx/SDx/2017.1.op/lnx64/tools/opencv -L/opt/Xilinx/SDx/2017.1.op/lnx64/tools/opencv -lopencv_calib3d -lopencv_contrib -lopencv_core -lopencv_features2d -lopencv_flann -lopencv_gpu -lopencv_highgui -lopencv_imgproc -lopencv_legacy -lopencv_ml -lopencv_objdetect -lopencv_photo -lopencv_stitching -lopencv_superres -lopencv_ts -lopencv_video -lopencv_videostab
/opt/Xilinx/SDx/2017.1.op/bin/emconfigutil --od . --platform /home/centos/aws-fpga/SDAccel/aws_platform/xilinx_aws-vu9p-f1_4ddr-xpr-2pr_4_0/xilinx_aws-vu9p-f1_4ddr-xpr-2pr_4_0.xpfm --nd 1

****** configutil v2017.1_sdx (64-bit)
  **** SW Build 1933108 on Fri Jul 14 11:54:19 MDT 2017
    ** Copyright 1986-2017 Xilinx, Inc. All Rights Reserved.

INFO: [ConfigUtil 60-895]    Target platform: /home/centos/aws-fpga/SDAccel/aws_platform/xilinx_aws-vu9p-f1_4ddr-xpr-2pr_4_0/xilinx_aws-vu9p-f1_4ddr-xpr-2pr_4_0.xpfm
emulation configuration file `emconfig.json` is created in ./. directory 
05:45:32 **** Incremental Build of configuration Emulation-HW for project Filter2D ****
make incremental 
make: Nothing to be done for `incremental'.
